#
# There is insufficient memory for the Java Runtime Environment to continue.
# Native memory allocation (mmap) failed to map 123207680 bytes for committing reserved memory.
# Possible reasons:
#   The system is out of physical RAM or swap space
#   The process is running with CompressedOops enabled, and the Java Heap may be blocking the growth of the native heap
# Possible solutions:
#   Reduce memory load on the system
#   Increase physical memory or swap space
#   Check if swap backing store is full
#   Decrease Java heap size (-Xmx/-Xms)
#   Decrease number of Java threads
#   Decrease Java thread stack sizes (-Xss)
#   Set larger code cache with -XX:ReservedCodeCacheSize=
#   JVM is running with Unscaled Compressed Oops mode in which the Java heap is
#     placed in the first 4GB address space. The Java Heap base address is the
#     maximum limit for the native heap growth. Please use -XX:HeapBaseMinAddress
#     to set the Java Heap base and to place the Java Heap above 4GB virtual address.
# This output file may be truncated or incomplete.
#
#  Out of Memory Error (os_linux.cpp:2757), pid=39638, tid=0x00007f734aeee700
#
# JRE version: OpenJDK Runtime Environment (8.0_242-b08) (build 1.8.0_242-8u242-b08-0ubuntu3~18.04-b08)
# Java VM: OpenJDK 64-Bit Server VM (25.242-b08 mixed mode linux-amd64 compressed oops)
# Failed to write core dump. Core dumps have been disabled. To enable core dumping, try "ulimit -c unlimited" before starting Java again
#

---------------  T H R E A D  ---------------

Current thread (0x00007f7364081000):  VMThread [stack: 0x00007f734adef000,0x00007f734aeef000] [id=39648]

Stack: [0x00007f734adef000,0x00007f734aeef000],  sp=0x00007f734aeed460,  free space=1017k
Native frames: (J=compiled Java code, j=interpreted, Vv=VM code, C=native code)
V  [libjvm.so+0xabba52]
V  [libjvm.so+0x4de2e7]
V  [libjvm.so+0x8f59f0]
V  [libjvm.so+0x8ecabe]
V  [libjvm.so+0x970456]
V  [libjvm.so+0x95f0ba]
V  [libjvm.so+0x95f288]
V  [libjvm.so+0x95fe90]
V  [libjvm.so+0x96624c]
V  [libjvm.so+0x96e325]
V  [libjvm.so+0x91cc28]
V  [libjvm.so+0xabd792]
V  [libjvm.so+0xac2336]
V  [libjvm.so+0xac0635]
V  [libjvm.so+0xac0f0d]
V  [libjvm.so+0xac1318]
V  [libjvm.so+0x8f2d82]

VM_Operation (0x00007f7332ceb740): ParallelGCFailedAllocation, mode: safepoint, requested by thread 0x00007f72bc0a7000


---------------  P R O C E S S  ---------------

Java Threads: ( => current thread )
  0x00007f72bc0a7800 JavaThread "Thread-73" daemon [_thread_blocked, id=42145, stack(0x00007f73327e8000,0x00007f73328e9000)]
  0x00007f72bc0a7000 JavaThread "Thread-72" daemon [_thread_blocked, id=42144, stack(0x00007f7332bec000,0x00007f7332ced000)]
  0x00007f72bc06d800 JavaThread "Thread-71" daemon [_thread_blocked, id=42143, stack(0x00007f73322e3000,0x00007f73323e4000)]
  0x00007f72bc06c800 JavaThread "Thread-70" daemon [_thread_blocked, id=42142, stack(0x00007f73329ea000,0x00007f7332aeb000)]
  0x00007f72bc078800 JavaThread "Thread-69" daemon [_thread_blocked, id=42141, stack(0x00007f73380bc000,0x00007f73381bd000)]
  0x00007f72bc075000 JavaThread "Thread-68" daemon [_thread_blocked, id=42140, stack(0x00007f73330f1000,0x00007f73331f2000)]
  0x00007f72bc0a9000 JavaThread "Thread-67" daemon [_thread_blocked, id=42139, stack(0x00007f7333bfc000,0x00007f7333cfd000)]
  0x00007f72bc077000 JavaThread "Thread-66" daemon [_thread_blocked, id=42138, stack(0x00007f73326e7000,0x00007f73327e8000)]
  0x00007f72b4001800 JavaThread "FJ-116-13" daemon [_thread_blocked, id=39746, stack(0x00007f73333f4000,0x00007f73334f5000)]
  0x00007f72a000e000 JavaThread "FJ-117-13" daemon [_thread_blocked, id=39727, stack(0x00007f73316d7000,0x00007f73317d8000)]
  0x00007f728c004800 JavaThread "FJ-2-57" daemon [_thread_blocked, id=39711, stack(0x00007f73325e6000,0x00007f73326e7000)]
  0x00007f727c001000 JavaThread "FJ-3-5" daemon [_thread_blocked, id=39695, stack(0x00007f73335f6000,0x00007f73336f7000)]
  0x00007f72a8077000 JavaThread "FJ-4-15" daemon [_thread_blocked, id=39681, stack(0x00007f73384c0000,0x00007f73385c1000)]
  0x00007f72b80e3000 JavaThread "FJ-1-11" daemon [_thread_blocked, id=39676, stack(0x00007f73388c4000,0x00007f73389c5000)]
  0x00007f736400b800 JavaThread "DestroyJavaVM" [_thread_blocked, id=39639, stack(0x00007f736d11c000,0x00007f736d21c000)]
  0x00007f72d0001800 JavaThread "FJ-126-15" daemon [_thread_blocked, id=39672, stack(0x00007f73402fa000,0x00007f73403fb000)]
  0x00007f736440d800 JavaThread "ClientDisconnectCheckThread" daemon [_thread_blocked, id=39671, stack(0x00007f73409fb000,0x00007f7340afc000)]
  0x00007f73643f7800 JavaThread "Heartbeat" daemon [_thread_blocked, id=39670, stack(0x00007f7340afc000,0x00007f7340bfd000)]
  0x00007f73643f5800 JavaThread "TCP-Accept" [_thread_in_native, id=39669, stack(0x00007f7340bfd000,0x00007f7340cfe000)]
  0x00007f73643f2000 JavaThread "MemCleaner" daemon [_thread_blocked, id=39668, stack(0x00007f7340cfe000,0x00007f7340dff000)]
  0x00007f73643ec800 JavaThread "Multi-UDP-R" [_thread_in_native, id=39667, stack(0x00007f73480f8000,0x00007f73481f9000)]
  0x00007f73641d5800 JavaThread "FailedNodeWatchdogThread" daemon [_thread_blocked, id=39666, stack(0x00007f73481f9000,0x00007f73482fa000)]
  0x00007f7364355800 JavaThread "qtp13329486-19 Acceptor0 SocketConnector@127.0.0.1:54337" [_thread_in_native, id=39665, stack(0x00007f73482fa000,0x00007f73483fb000)]
  0x00007f7364354000 JavaThread "qtp13329486-18" [_thread_blocked, id=39664, stack(0x00007f73483fb000,0x00007f73484fc000)]
  0x00007f7364352000 JavaThread "qtp13329486-17" [_thread_blocked, id=39663, stack(0x00007f73484fc000,0x00007f73485fd000)]
  0x00007f7364350800 JavaThread "qtp13329486-16" [_thread_blocked, id=39662, stack(0x00007f73485fd000,0x00007f73486fe000)]
  0x00007f736434e800 JavaThread "qtp13329486-15" [_thread_blocked, id=39661, stack(0x00007f73486fe000,0x00007f73487ff000)]
  0x00007f736434d000 JavaThread "qtp13329486-14" [_thread_blocked, id=39660, stack(0x00007f73487ff000,0x00007f7348900000)]
  0x00007f736434b000 JavaThread "qtp13329486-13" [_thread_blocked, id=39659, stack(0x00007f7348900000,0x00007f7348a01000)]
  0x00007f7364347800 JavaThread "qtp13329486-12" [_thread_blocked, id=39658, stack(0x00007f7348a01000,0x00007f7348b02000)]
  0x00007f73640cb000 JavaThread "Service Thread" daemon [_thread_blocked, id=39656, stack(0x00007f7349c17000,0x00007f7349d18000)]
  0x00007f73640c8000 JavaThread "C1 CompilerThread3" daemon [_thread_blocked, id=39655, stack(0x00007f7349d19000,0x00007f7349e19000)]
  0x00007f73640c6000 JavaThread "C2 CompilerThread2" daemon [_thread_blocked, id=39654, stack(0x00007f7349e1a000,0x00007f7349f1a000)]
  0x00007f73640c4000 JavaThread "C2 CompilerThread1" daemon [_thread_blocked, id=39653, stack(0x00007f7349f1b000,0x00007f734a01b000)]
  0x00007f73640c1800 JavaThread "C2 CompilerThread0" daemon [_thread_blocked, id=39652, stack(0x00007f734a01c000,0x00007f734a11c000)]
  0x00007f73640c0000 JavaThread "Signal Dispatcher" daemon [_thread_blocked, id=39651, stack(0x00007f734a11c000,0x00007f734a21d000)]
  0x00007f736408f800 JavaThread "Finalizer" daemon [_thread_blocked, id=39650, stack(0x00007f734abec000,0x00007f734aced000)]
  0x00007f736408b000 JavaThread "Reference Handler" daemon [_thread_blocked, id=39649, stack(0x00007f734aced000,0x00007f734adee000)]

Other Threads:
=>0x00007f7364081000 VMThread [stack: 0x00007f734adef000,0x00007f734aeef000] [id=39648]
  0x00007f73640cd800 WatcherThread [stack: 0x00007f7349b17000,0x00007f7349c17000] [id=39657]

VM state:at safepoint (normal execution)

VM Mutex/Monitor currently owned by a thread:  ([mutex/lock_event])
[0x00007f73640074e0] ExpandHeap_lock - owner thread: 0x00007f7364081000
[0x00007f7364007b60] Threads_lock - owner thread: 0x00007f7364081000
[0x00007f7364008060] Heap_lock - owner thread: 0x00007f72bc0a7000

heap address: 0x0000000083c00000, size: 1988 MB, Compressed Oops mode: 32-bit
Narrow klass base: 0x0000000000000000, Narrow klass shift: 3
Compressed class space size: 1073741824 Address: 0x0000000100000000

Heap:
 PSYoungGen      total 507392K, used 0K [0x00000000d6980000, 0x00000000f7680000, 0x0000000100000000)
  eden space 495616K, 0% used [0x00000000d6980000,0x00000000d6980000,0x00000000f4d80000)
  from space 11776K, 0% used [0x00000000f6b00000,0x00000000f6b00000,0x00000000f7680000)
  to   space 20992K, 0% used [0x00000000f4d80000,0x00000000f4d80000,0x00000000f6200000)
 ParOldGen       total 440320K, used 297072K [0x0000000083c00000, 0x000000009ea00000, 0x00000000d6980000)
  object space 440320K, 67% used [0x0000000083c00000,0x0000000095e1c050,0x000000009ea00000)
 Metaspace       used 28843K, capacity 29113K, committed 29440K, reserved 1075200K
  class space    used 3386K, capacity 3473K, committed 3584K, reserved 1048576K

Card table byte_map: [0x00007f73692ca000,0x00007f73696ad000] byte_map_base: 0x00007f7368eac000

Marking Bits: (ParMarkBitMap*) 0x00007f736c3b03e0
 Begin Bits: [0x00007f73511e0000, 0x00007f73530f0000)
 End Bits:   [0x00007f73530f0000, 0x00007f7355000000)

Polling page: 0x00007f736d231000

CodeCache: size=245760Kb used=13843Kb max_used=14185Kb free=231917Kb
 bounds [0x00007f7355000000, 0x00007f7355df0000, 0x00007f7364000000]
 total_blobs=4206 nmethods=3644 adapters=475
 compilation: enabled

Compilation events (10 events):
Event: 984.425 Thread 0x00007f73640c8000 4586       3       java.util.concurrent.locks.ReentrantLock$NonfairSync::tryAcquire (6 bytes)
Event: 984.426 Thread 0x00007f73640c8000 nmethod 4586 0x00007f7355c4ac50 code [0x00007f7355c4adc0, 0x00007f7355c4afc8]
Event: 1010.784 Thread 0x00007f73640c6000 4587   !   4       sun.nio.cs.StreamDecoder::read (196 bytes)
Event: 1010.877 Thread 0x00007f73640c6000 nmethod 4587 0x00007f7355b6f150 code [0x00007f7355b6f3e0, 0x00007f7355b70910]
Event: 1016.881 Thread 0x00007f73640c8000 4588  s!   3       java.net.DatagramSocket::receive (355 bytes)
Event: 1016.893 Thread 0x00007f73640c8000 nmethod 4588 0x00007f735555eed0 code [0x00007f735555f380, 0x00007f7355562c58]
Event: 1016.893 Thread 0x00007f73640c8000 4589  s    3       java.net.AbstractPlainDatagramSocketImpl::receive (6 bytes)
Event: 1016.893 Thread 0x00007f73640c8000 nmethod 4589 0x00007f7355428dd0 code [0x00007f7355428f40, 0x00007f73554292a8]
Event: 1031.455 Thread 0x00007f73640c8000 4590       1       java.lang.Thread::isDaemon (5 bytes)
Event: 1031.475 Thread 0x00007f73640c8000 nmethod 4590 0x00007f73559f27d0 code [0x00007f73559f2920, 0x00007f73559f2a30]

GC Heap History (10 events):
Event: 335.397 GC heap after
Heap after GC invocations=14 (full 3):
 PSYoungGen      total 260096K, used 497K [0x00000000d6980000, 0x00000000eea00000, 0x0000000100000000)
  eden space 239616K, 0% used [0x00000000d6980000,0x00000000d6980000,0x00000000e5380000)
  from space 20480K, 2% used [0x00000000e5380000,0x00000000e53fc790,0x00000000e6780000)
  to   space 20992K, 0% used [0x00000000ed580000,0x00000000ed580000,0x00000000eea00000)
 ParOldGen       total 405504K, used 376652K [0x0000000083c00000, 0x000000009c800000, 0x00000000d6980000)
  object space 405504K, 92% used [0x0000000083c00000,0x000000009abd3368,0x000000009c800000)
 Metaspace       used 28747K, capacity 28985K, committed 29184K, reserved 1075200K
  class space    used 3386K, capacity 3473K, committed 3584K, reserved 1048576K
}
Event: 335.397 GC heap before
{Heap before GC invocations=15 (full 4):
 PSYoungGen      total 260096K, used 497K [0x00000000d6980000, 0x00000000eea00000, 0x0000000100000000)
  eden space 239616K, 0% used [0x00000000d6980000,0x00000000d6980000,0x00000000e5380000)
  from space 20480K, 2% used [0x00000000e5380000,0x00000000e53fc790,0x00000000e6780000)
  to   space 20992K, 0% used [0x00000000ed580000,0x00000000ed580000,0x00000000eea00000)
 ParOldGen       total 405504K, used 376652K [0x0000000083c00000, 0x000000009c800000, 0x00000000d6980000)
  object space 405504K, 92% used [0x0000000083c00000,0x000000009abd3368,0x000000009c800000)
 Metaspace       used 28747K, capacity 28985K, committed 29184K, reserved 1075200K
  class space    used 3386K, capacity 3473K, committed 3584K, reserved 1048576K
Event: 335.471 GC heap after
Heap after GC invocations=15 (full 4):
 PSYoungGen      total 260096K, used 0K [0x00000000d6980000, 0x00000000eea00000, 0x0000000100000000)
  eden space 239616K, 0% used [0x00000000d6980000,0x00000000d6980000,0x00000000e5380000)
  from space 20480K, 0% used [0x00000000e5380000,0x00000000e5380000,0x00000000e6780000)
  to   space 20992K, 0% used [0x00000000ed580000,0x00000000ed580000,0x00000000eea00000)
 ParOldGen       total 322048K, used 140898K [0x0000000083c00000, 0x0000000097680000, 0x00000000d6980000)
  object space 322048K, 43% used [0x0000000083c00000,0x000000008c598ac8,0x0000000097680000)
 Metaspace       used 28747K, capacity 28985K, committed 29184K, reserved 1075200K
  class space    used 3386K, capacity 3473K, committed 3584K, reserved 1048576K
}
Event: 517.988 GC heap before
{Heap before GC invocations=16 (full 4):
 PSYoungGen      total 260096K, used 239616K [0x00000000d6980000, 0x00000000eea00000, 0x0000000100000000)
  eden space 239616K, 100% used [0x00000000d6980000,0x00000000e5380000,0x00000000e5380000)
  from space 20480K, 0% used [0x00000000e5380000,0x00000000e5380000,0x00000000e6780000)
  to   space 20992K, 0% used [0x00000000ed580000,0x00000000ed580000,0x00000000eea00000)
 ParOldGen       total 322048K, used 140898K [0x0000000083c00000, 0x0000000097680000, 0x00000000d6980000)
  object space 322048K, 43% used [0x0000000083c00000,0x000000008c598ac8,0x0000000097680000)
 Metaspace       used 28779K, capacity 28985K, committed 29184K, reserved 1075200K
  class space    used 3386K, capacity 3473K, committed 3584K, reserved 1048576K
Event: 518.013 GC heap after
Heap after GC invocations=16 (full 4):
 PSYoungGen      total 372224K, used 224K [0x00000000d6980000, 0x00000000eeb00000, 0x0000000100000000)
  eden space 351232K, 0% used [0x00000000d6980000,0x00000000d6980000,0x00000000ec080000)
  from space 20992K, 1% used [0x00000000ed580000,0x00000000ed5b8000,0x00000000eea00000)
  to   space 21504K, 0% used [0x00000000ec080000,0x00000000ec080000,0x00000000ed580000)
 ParOldGen       total 322048K, used 140906K [0x0000000083c00000, 0x0000000097680000, 0x00000000d6980000)
  object space 322048K, 43% used [0x0000000083c00000,0x000000008c59aac8,0x0000000097680000)
 Metaspace       used 28779K, capacity 28985K, committed 29184K, reserved 1075200K
  class space    used 3386K, capacity 3473K, committed 3584K, reserved 1048576K
}
Event: 650.560 GC heap before
{Heap before GC invocations=17 (full 4):
 PSYoungGen      total 372224K, used 351456K [0x00000000d6980000, 0x00000000eeb00000, 0x0000000100000000)
  eden space 351232K, 100% used [0x00000000d6980000,0x00000000ec080000,0x00000000ec080000)
  from space 20992K, 1% used [0x00000000ed580000,0x00000000ed5b8000,0x00000000eea00000)
  to   space 21504K, 0% used [0x00000000ec080000,0x00000000ec080000,0x00000000ed580000)
 ParOldGen       total 322048K, used 140906K [0x0000000083c00000, 0x0000000097680000, 0x00000000d6980000)
  object space 322048K, 43% used [0x0000000083c00000,0x000000008c59aac8,0x0000000097680000)
 Metaspace       used 28814K, capacity 29049K, committed 29440K, reserved 1075200K
  class space    used 3386K, capacity 3473K, committed 3584K, reserved 1048576K
Event: 650.563 GC heap after
Heap after GC invocations=17 (full 4):
 PSYoungGen      total 372736K, used 192K [0x00000000d6980000, 0x00000000f8000000, 0x0000000100000000)
  eden space 351232K, 0% used [0x00000000d6980000,0x00000000d6980000,0x00000000ec080000)
  from space 21504K, 0% used [0x00000000ec080000,0x00000000ec0b0000,0x00000000ed580000)
  to   space 21504K, 0% used [0x00000000f6b00000,0x00000000f6b00000,0x00000000f8000000)
 ParOldGen       total 322048K, used 140930K [0x0000000083c00000, 0x0000000097680000, 0x00000000d6980000)
  object space 322048K, 43% used [0x0000000083c00000,0x000000008c5a0ac8,0x0000000097680000)
 Metaspace       used 28814K, capacity 29049K, committed 29440K, reserved 1075200K
  class space    used 3386K, capacity 3473K, committed 3584K, reserved 1048576K
}
Event: 1034.060 GC heap before
{Heap before GC invocations=18 (full 4):
 PSYoungGen      total 372736K, used 349573K [0x00000000d6980000, 0x00000000f8000000, 0x0000000100000000)
  eden space 351232K, 99% used [0x00000000d6980000,0x00000000ebeb16a8,0x00000000ec080000)
  from space 21504K, 0% used [0x00000000ec080000,0x00000000ec0b0000,0x00000000ed580000)
  to   space 21504K, 0% used [0x00000000f6b00000,0x00000000f6b00000,0x00000000f8000000)
 ParOldGen       total 322048K, used 140930K [0x0000000083c00000, 0x0000000097680000, 0x00000000d6980000)
  object space 322048K, 43% used [0x0000000083c00000,0x000000008c5a0ac8,0x0000000097680000)
 Metaspace       used 28843K, capacity 29113K, committed 29440K, reserved 1075200K
  class space    used 3386K, capacity 3473K, committed 3584K, reserved 1048576K
Event: 1050.425 GC heap after
Heap after GC invocations=18 (full 4):
 PSYoungGen      total 507392K, used 416K [0x00000000d6980000, 0x00000000f7680000, 0x0000000100000000)
  eden space 495616K, 0% used [0x00000000d6980000,0x00000000d6980000,0x00000000f4d80000)
  from space 11776K, 3% used [0x00000000f6b00000,0x00000000f6b68000,0x00000000f7680000)
  to   space 20992K, 0% used [0x00000000f4d80000,0x00000000f4d80000,0x00000000f6200000)
 ParOldGen       total 440320K, used 414384K [0x0000000083c00000, 0x000000009ea00000, 0x00000000d6980000)
  object space 440320K, 94% used [0x0000000083c00000,0x000000009d0ac138,0x000000009ea00000)
 Metaspace       used 28843K, capacity 29113K, committed 29440K, reserved 1075200K
  class space    used 3386K, capacity 3473K, committed 3584K, reserved 1048576K
}
Event: 1052.428 GC heap before
{Heap before GC invocations=19 (full 5):
 PSYoungGen      total 507392K, used 416K [0x00000000d6980000, 0x00000000f7680000, 0x0000000100000000)
  eden space 495616K, 0% used [0x00000000d6980000,0x00000000d6980000,0x00000000f4d80000)
  from space 11776K, 3% used [0x00000000f6b00000,0x00000000f6b68000,0x00000000f7680000)
  to   space 20992K, 0% used [0x00000000f4d80000,0x00000000f4d80000,0x00000000f6200000)
 ParOldGen       total 440320K, used 414384K [0x0000000083c00000, 0x000000009ea00000, 0x00000000d6980000)
  object space 440320K, 94% used [0x0000000083c00000,0x000000009d0ac138,0x000000009ea00000)
 Metaspace       used 28843K, capacity 29113K, committed 29440K, reserved 1075200K
  class space    used 3386K, capacity 3473K, committed 3584K, reserved 1048576K

Deoptimization events (10 events):
Event: 25.852 Thread 0x00007f7364352000 Uncommon trap: reason=unstable_if action=reinterpret pc=0x00007f7355b3e770 method=java.lang.Double.isNaN(D)Z @ 3
Event: 334.416 Thread 0x00007f72bc075000 Uncommon trap: reason=unstable_if action=reinterpret pc=0x00007f735572f1e0 method=water.init.Linpack.dgesl([[DII[I[DI)V @ 44
Event: 335.514 Thread 0x00007f72bc075000 Uncommon trap: reason=unstable_if action=reinterpret pc=0x00007f73554164b4 method=water.init.MemoryBandwidth.run_benchmark()D @ 87
Event: 335.517 Thread 0x00007f72bc0a7800 Uncommon trap: reason=unstable_if action=reinterpret pc=0x00007f73554164b4 method=water.init.MemoryBandwidth.run_benchmark()D @ 87
Event: 335.520 Thread 0x00007f72bc078800 Uncommon trap: reason=unstable_if action=reinterpret pc=0x00007f73554164b4 method=water.init.MemoryBandwidth.run_benchmark()D @ 87
Event: 335.521 Thread 0x00007f72bc0a9000 Uncommon trap: reason=unstable_if action=reinterpret pc=0x00007f73554164b4 method=water.init.MemoryBandwidth.run_benchmark()D @ 87
Event: 335.539 Thread 0x00007f72bc06d800 Uncommon trap: reason=unstable_if action=reinterpret pc=0x00007f73554164b4 method=water.init.MemoryBandwidth.run_benchmark()D @ 87
Event: 335.539 Thread 0x00007f72bc06c800 Uncommon trap: reason=unstable_if action=reinterpret pc=0x00007f73554164b4 method=water.init.MemoryBandwidth.run_benchmark()D @ 87
Event: 335.560 Thread 0x00007f72bc0a7000 Uncommon trap: reason=unstable_if action=reinterpret pc=0x00007f73554164b4 method=water.init.MemoryBandwidth.run_benchmark()D @ 87
Event: 335.615 Thread 0x00007f72bc07a000 Uncommon trap: reason=unstable_if action=reinterpret pc=0x00007f73554164b4 method=water.init.MemoryBandwidth.run_benchmark()D @ 87

Classes redefined (0 events):
No events

Internal exceptions (10 events):
Event: 1027.980 Thread 0x00007f73643f7800 Exception <a 'java/io/IOException'> (0x00000000da839d40) thrown at [/build/openjdk-8-58sEEn/openjdk-8-8u242-b08/src/hotspot/src/share/vm/prims/jni.cpp, line 710]
Event: 1028.981 Thread 0x00007f73643f7800 Exception <a 'java/io/IOException'> (0x00000000da858870) thrown at [/build/openjdk-8-58sEEn/openjdk-8-8u242-b08/src/hotspot/src/share/vm/prims/jni.cpp, line 710]
Event: 1028.981 Thread 0x00007f73643f7800 Exception <a 'java/io/IOException'> (0x00000000da864a58) thrown at [/build/openjdk-8-58sEEn/openjdk-8-8u242-b08/src/hotspot/src/share/vm/prims/jni.cpp, line 710]
Event: 1028.982 Thread 0x00007f73643f7800 Exception <a 'java/io/IOException'> (0x00000000da870058) thrown at [/build/openjdk-8-58sEEn/openjdk-8-8u242-b08/src/hotspot/src/share/vm/prims/jni.cpp, line 710]
Event: 1029.983 Thread 0x00007f73643f7800 Exception <a 'java/io/IOException'> (0x00000000da88ea68) thrown at [/build/openjdk-8-58sEEn/openjdk-8-8u242-b08/src/hotspot/src/share/vm/prims/jni.cpp, line 710]
Event: 1029.983 Thread 0x00007f73643f7800 Exception <a 'java/io/IOException'> (0x00000000da89ac50) thrown at [/build/openjdk-8-58sEEn/openjdk-8-8u242-b08/src/hotspot/src/share/vm/prims/jni.cpp, line 710]
Event: 1029.983 Thread 0x00007f73643f7800 Exception <a 'java/io/IOException'> (0x00000000da8a6250) thrown at [/build/openjdk-8-58sEEn/openjdk-8-8u242-b08/src/hotspot/src/share/vm/prims/jni.cpp, line 710]
Event: 1030.984 Thread 0x00007f73643f7800 Exception <a 'java/io/IOException'> (0x00000000da8c4c28) thrown at [/build/openjdk-8-58sEEn/openjdk-8-8u242-b08/src/hotspot/src/share/vm/prims/jni.cpp, line 710]
Event: 1030.984 Thread 0x00007f73643f7800 Exception <a 'java/io/IOException'> (0x00000000da8d0e18) thrown at [/build/openjdk-8-58sEEn/openjdk-8-8u242-b08/src/hotspot/src/share/vm/prims/jni.cpp, line 710]
Event: 1030.984 Thread 0x00007f73643f7800 Exception <a 'java/io/IOException'> (0x00000000da8dc418) thrown at [/build/openjdk-8-58sEEn/openjdk-8-8u242-b08/src/hotspot/src/share/vm/prims/jni.cpp, line 710]

Events (10 events):
Event: 1033.171 Thread 0x00007f72bc06d800 Thread exited: 0x00007f72bc06d800
Event: 1033.171 Thread 0x00007f72bc077000 Thread added: 0x00007f72bc077000
Event: 1033.171 Thread 0x00007f72bc0a9000 Thread added: 0x00007f72bc0a9000
Event: 1033.171 Thread 0x00007f72bc075000 Thread added: 0x00007f72bc075000
Event: 1033.171 Thread 0x00007f72bc078800 Thread added: 0x00007f72bc078800
Event: 1033.171 Thread 0x00007f72bc06c800 Thread added: 0x00007f72bc06c800
Event: 1033.171 Thread 0x00007f72bc06d800 Thread added: 0x00007f72bc06d800
Event: 1033.172 Thread 0x00007f72bc0a7000 Thread added: 0x00007f72bc0a7000
Event: 1033.172 Thread 0x00007f72bc0a7800 Thread added: 0x00007f72bc0a7800
Event: 1033.172 Executing VM operation: ParallelGCFailedAllocation


Dynamic libraries:
83c00000-9ea00000 rw-p 00000000 00:00 0 
a5f80000-d6980000 ---p 00000000 00:00 0 
d6980000-f7680000 rw-p 00000000 00:00 0 
f7680000-100000000 ---p 00000000 00:00 0 
100000000-100380000 rw-p 00000000 00:00 0 
100380000-140000000 ---p 00000000 00:00 0 
55dd04659000-55dd0465a000 r-xp 00000000 08:01 82056302                   /usr/lib/jvm/java-8-openjdk-amd64/jre/bin/java
55dd04859000-55dd0485a000 r--p 00000000 08:01 82056302                   /usr/lib/jvm/java-8-openjdk-amd64/jre/bin/java
55dd0485a000-55dd0485b000 rw-p 00001000 08:01 82056302                   /usr/lib/jvm/java-8-openjdk-amd64/jre/bin/java
55dd04d66000-55dd04d87000 rw-p 00000000 00:00 0                          [heap]
7f7244000000-7f7244021000 rw-p 00000000 00:00 0 
7f7244021000-7f7248000000 ---p 00000000 00:00 0 
7f7248000000-7f7248021000 rw-p 00000000 00:00 0 
7f7248021000-7f724c000000 ---p 00000000 00:00 0 
7f724c000000-7f724c021000 rw-p 00000000 00:00 0 
7f724c021000-7f7250000000 ---p 00000000 00:00 0 
7f7250000000-7f7250021000 rw-p 00000000 00:00 0 
7f7250021000-7f7254000000 ---p 00000000 00:00 0 
7f7254000000-7f7254021000 rw-p 00000000 00:00 0 
7f7254021000-7f7258000000 ---p 00000000 00:00 0 
7f7258000000-7f7258021000 rw-p 00000000 00:00 0 
7f7258021000-7f725c000000 ---p 00000000 00:00 0 
7f725c000000-7f725c021000 rw-p 00000000 00:00 0 
7f725c021000-7f7260000000 ---p 00000000 00:00 0 
7f7260000000-7f7260021000 rw-p 00000000 00:00 0 
7f7260021000-7f7264000000 ---p 00000000 00:00 0 
7f7264000000-7f7264021000 rw-p 00000000 00:00 0 
7f7264021000-7f7268000000 ---p 00000000 00:00 0 
7f726c000000-7f726c021000 rw-p 00000000 00:00 0 
7f726c021000-7f7270000000 ---p 00000000 00:00 0 
7f7270000000-7f7270021000 rw-p 00000000 00:00 0 
7f7270021000-7f7274000000 ---p 00000000 00:00 0 
7f7274000000-7f7274021000 rw-p 00000000 00:00 0 
7f7274021000-7f7278000000 ---p 00000000 00:00 0 
7f7278000000-7f7278021000 rw-p 00000000 00:00 0 
7f7278021000-7f727c000000 ---p 00000000 00:00 0 
7f727c000000-7f727c021000 rw-p 00000000 00:00 0 
7f727c021000-7f7280000000 ---p 00000000 00:00 0 
7f7280000000-7f7280021000 rw-p 00000000 00:00 0 
7f7280021000-7f7284000000 ---p 00000000 00:00 0 
7f7284000000-7f7284021000 rw-p 00000000 00:00 0 
7f7284021000-7f7288000000 ---p 00000000 00:00 0 
7f7288000000-7f7288021000 rw-p 00000000 00:00 0 
7f7288021000-7f728c000000 ---p 00000000 00:00 0 
7f728c000000-7f728c021000 rw-p 00000000 00:00 0 
7f728c021000-7f7290000000 ---p 00000000 00:00 0 
7f7290000000-7f7290021000 rw-p 00000000 00:00 0 
7f7290021000-7f7294000000 ---p 00000000 00:00 0 
7f7294000000-7f7294021000 rw-p 00000000 00:00 0 
7f7294021000-7f7298000000 ---p 00000000 00:00 0 
7f7298000000-7f7298021000 rw-p 00000000 00:00 0 
7f7298021000-7f729c000000 ---p 00000000 00:00 0 
7f729c000000-7f729c021000 rw-p 00000000 00:00 0 
7f729c021000-7f72a0000000 ---p 00000000 00:00 0 
7f72a0000000-7f72a0021000 rw-p 00000000 00:00 0 
7f72a0021000-7f72a4000000 ---p 00000000 00:00 0 
7f72a4000000-7f72a4021000 rw-p 00000000 00:00 0 
7f72a4021000-7f72a8000000 ---p 00000000 00:00 0 
7f72a8000000-7f72a807f000 rw-p 00000000 00:00 0 
7f72a807f000-7f72ac000000 ---p 00000000 00:00 0 
7f72ac000000-7f72ac021000 rw-p 00000000 00:00 0 
7f72ac021000-7f72b0000000 ---p 00000000 00:00 0 
7f72b0000000-7f72b0051000 rw-p 00000000 00:00 0 
7f72b0051000-7f72b4000000 ---p 00000000 00:00 0 
7f72b4000000-7f72b4021000 rw-p 00000000 00:00 0 
7f72b4021000-7f72b8000000 ---p 00000000 00:00 0 
7f72b8000000-7f72b80f8000 rw-p 00000000 00:00 0 
7f72b80f8000-7f72bc000000 ---p 00000000 00:00 0 
7f72bc000000-7f72bc0b7000 rw-p 00000000 00:00 0 
7f72bc0b7000-7f72c0000000 ---p 00000000 00:00 0 
7f72c0000000-7f72c0021000 rw-p 00000000 00:00 0 
7f72c0021000-7f72c4000000 ---p 00000000 00:00 0 
7f72c4000000-7f72c4021000 rw-p 00000000 00:00 0 
7f72c4021000-7f72c8000000 ---p 00000000 00:00 0 
7f72c8000000-7f72c8021000 rw-p 00000000 00:00 0 
7f72c8021000-7f72cc000000 ---p 00000000 00:00 0 
7f72cc000000-7f72cc021000 rw-p 00000000 00:00 0 
7f72cc021000-7f72d0000000 ---p 00000000 00:00 0 
7f72d0000000-7f72d0021000 rw-p 00000000 00:00 0 
7f72d0021000-7f72d4000000 ---p 00000000 00:00 0 
7f72d4000000-7f72d4025000 rw-p 00000000 00:00 0 
7f72d4025000-7f72d8000000 ---p 00000000 00:00 0 
7f72d8000000-7f72d8026000 rw-p 00000000 00:00 0 
7f72d8026000-7f72dc000000 ---p 00000000 00:00 0 
7f72dc000000-7f72dc021000 rw-p 00000000 00:00 0 
7f72dc021000-7f72e0000000 ---p 00000000 00:00 0 
7f72e0000000-7f72e0039000 rw-p 00000000 00:00 0 
7f72e0039000-7f72e4000000 ---p 00000000 00:00 0 
7f72e4000000-7f72e4085000 rw-p 00000000 00:00 0 
7f72e4085000-7f72e8000000 ---p 00000000 00:00 0 
7f72e8000000-7f72e8073000 rw-p 00000000 00:00 0 
7f72e8073000-7f72ec000000 ---p 00000000 00:00 0 
7f72ec000000-7f72ec057000 rw-p 00000000 00:00 0 
7f72ec057000-7f72f0000000 ---p 00000000 00:00 0 
7f72f0000000-7f72f0049000 rw-p 00000000 00:00 0 
7f72f0049000-7f72f4000000 ---p 00000000 00:00 0 
7f72f4000000-7f72f4021000 rw-p 00000000 00:00 0 
7f72f4021000-7f72f8000000 ---p 00000000 00:00 0 
7f72f8000000-7f72f8021000 rw-p 00000000 00:00 0 
7f72f8021000-7f72fc000000 ---p 00000000 00:00 0 
7f72fc000000-7f72fcdd2000 rw-p 00000000 00:00 0 
7f72fcdd2000-7f7300000000 ---p 00000000 00:00 0 
7f7300000000-7f73008c0000 rw-p 00000000 00:00 0 
7f73008c0000-7f7304000000 ---p 00000000 00:00 0 
7f7304000000-7f7304ced000 rw-p 00000000 00:00 0 
7f7304ced000-7f7308000000 ---p 00000000 00:00 0 
7f7308000000-7f730939b000 rw-p 00000000 00:00 0 
7f730939b000-7f730c000000 ---p 00000000 00:00 0 
7f730c000000-7f730c021000 rw-p 00000000 00:00 0 
7f730c021000-7f7310000000 ---p 00000000 00:00 0 
7f7310000000-7f7310021000 rw-p 00000000 00:00 0 
7f7310021000-7f7314000000 ---p 00000000 00:00 0 
7f7314000000-7f7314089000 rw-p 00000000 00:00 0 
7f7314089000-7f7318000000 ---p 00000000 00:00 0 
7f7318000000-7f7318021000 rw-p 00000000 00:00 0 
7f7318021000-7f731c000000 ---p 00000000 00:00 0 
7f731c000000-7f731c021000 rw-p 00000000 00:00 0 
7f731c021000-7f7320000000 ---p 00000000 00:00 0 
7f7320000000-7f7320021000 rw-p 00000000 00:00 0 
7f7320021000-7f7324000000 ---p 00000000 00:00 0 
7f7324000000-7f7324021000 rw-p 00000000 00:00 0 
7f7324021000-7f7328000000 ---p 00000000 00:00 0 
7f7328000000-7f7328021000 rw-p 00000000 00:00 0 
7f7328021000-7f732c000000 ---p 00000000 00:00 0 
7f732c000000-7f732c021000 rw-p 00000000 00:00 0 
7f732c021000-7f7330000000 ---p 00000000 00:00 0 
7f73314d7000-7f7331617000 rw-p 00000000 00:00 0 
7f7331617000-7f73316d7000 ---p 00000000 00:00 0 
7f73316d7000-7f73316da000 ---p 00000000 00:00 0 
7f73316da000-7f73317d8000 rw-p 00000000 00:00 0 
7f73319da000-7f73319dd000 ---p 00000000 00:00 0 
7f73319dd000-7f7331adb000 rw-p 00000000 00:00 0 
7f7331adb000-7f7331ade000 ---p 00000000 00:00 0 
7f7331ade000-7f7331bdc000 rw-p 00000000 00:00 0 
7f7331bdc000-7f7331bdf000 ---p 00000000 00:00 0 
7f7331bdf000-7f7331cdd000 rw-p 00000000 00:00 0 
7f7331cdd000-7f7331ce0000 ---p 00000000 00:00 0 
7f7331ce0000-7f7331dde000 rw-p 00000000 00:00 0 
7f7331dde000-7f7331de1000 ---p 00000000 00:00 0 
7f7331de1000-7f7331edf000 rw-p 00000000 00:00 0 
7f7331edf000-7f7331ee2000 ---p 00000000 00:00 0 
7f7331ee2000-7f7331fe0000 rw-p 00000000 00:00 0 
7f7331fe0000-7f7331fe3000 ---p 00000000 00:00 0 
7f7331fe3000-7f73320e1000 rw-p 00000000 00:00 0 
7f73320e1000-7f73320e4000 ---p 00000000 00:00 0 
7f73320e4000-7f73321e2000 rw-p 00000000 00:00 0 
7f73322e3000-7f73322e6000 ---p 00000000 00:00 0 
7f73322e6000-7f73323e4000 rw-p 00000000 00:00 0 
7f73323e4000-7f73323e7000 ---p 00000000 00:00 0 
7f73323e7000-7f73324e5000 rw-p 00000000 00:00 0 
7f73324e5000-7f73324e8000 ---p 00000000 00:00 0 
7f73324e8000-7f73325e6000 rw-p 00000000 00:00 0 
7f73325e6000-7f73325e9000 ---p 00000000 00:00 0 
7f73325e9000-7f73326e7000 rw-p 00000000 00:00 0 
7f73326e7000-7f73326ea000 ---p 00000000 00:00 0 
7f73326ea000-7f73327e8000 rw-p 00000000 00:00 0 
7f73327e8000-7f73327eb000 ---p 00000000 00:00 0 
7f73327eb000-7f73328e9000 rw-p 00000000 00:00 0 
7f73328e9000-7f73328ec000 ---p 00000000 00:00 0 
7f73328ec000-7f73329ea000 rw-p 00000000 00:00 0 
7f73329ea000-7f73329ed000 ---p 00000000 00:00 0 
7f73329ed000-7f7332aeb000 rw-p 00000000 00:00 0 
7f7332aeb000-7f7332aee000 ---p 00000000 00:00 0 
7f7332aee000-7f7332bec000 rw-p 00000000 00:00 0 
7f7332bec000-7f7332bef000 ---p 00000000 00:00 0 
7f7332bef000-7f7332ced000 rw-p 00000000 00:00 0 
7f7332dee000-7f7332df1000 ---p 00000000 00:00 0 
7f7332df1000-7f7332eef000 rw-p 00000000 00:00 0 
7f7332eef000-7f7332ef2000 ---p 00000000 00:00 0 
7f7332ef2000-7f7332ff0000 rw-p 00000000 00:00 0 
7f7332ff0000-7f7332ff3000 ---p 00000000 00:00 0 
7f7332ff3000-7f73330f1000 rw-p 00000000 00:00 0 
7f73330f1000-7f73330f4000 ---p 00000000 00:00 0 
7f73330f4000-7f73331f2000 rw-p 00000000 00:00 0 
7f73331f2000-7f73331f5000 ---p 00000000 00:00 0 
7f73331f5000-7f73332f3000 rw-p 00000000 00:00 0 
7f73332f3000-7f73332f6000 ---p 00000000 00:00 0 
7f73332f6000-7f73333f4000 rw-p 00000000 00:00 0 
7f73333f4000-7f73333f7000 ---p 00000000 00:00 0 
7f73333f7000-7f73334f5000 rw-p 00000000 00:00 0 
7f73334f5000-7f73334f8000 ---p 00000000 00:00 0 
7f73334f8000-7f73335f6000 rw-p 00000000 00:00 0 
7f73335f6000-7f73335f9000 ---p 00000000 00:00 0 
7f73335f9000-7f73336f7000 rw-p 00000000 00:00 0 
7f73336f7000-7f73336fa000 ---p 00000000 00:00 0 
7f73336fa000-7f73337f8000 rw-p 00000000 00:00 0 
7f73337f8000-7f73337fb000 ---p 00000000 00:00 0 
7f73337fb000-7f73338f9000 rw-p 00000000 00:00 0 
7f73338f9000-7f73338fc000 ---p 00000000 00:00 0 
7f73338fc000-7f73339fa000 rw-p 00000000 00:00 0 
7f73339fa000-7f73339fd000 ---p 00000000 00:00 0 
7f73339fd000-7f7333afb000 rw-p 00000000 00:00 0 
7f7333afb000-7f7333afe000 ---p 00000000 00:00 0 
7f7333afe000-7f7333bfc000 rw-p 00000000 00:00 0 
7f7333bfc000-7f7333bff000 ---p 00000000 00:00 0 
7f7333bff000-7f7333cfd000 rw-p 00000000 00:00 0 
7f7333cfd000-7f7333d00000 ---p 00000000 00:00 0 
7f7333d00000-7f7333dfe000 rw-p 00000000 00:00 0 
7f7333eff000-7f7333f02000 ---p 00000000 00:00 0 
7f7333f02000-7f7334000000 rw-p 00000000 00:00 0 
7f7334000000-7f7334021000 rw-p 00000000 00:00 0 
7f7334021000-7f7338000000 ---p 00000000 00:00 0 
7f73380bc000-7f73380bf000 ---p 00000000 00:00 0 
7f73380bf000-7f73381bd000 rw-p 00000000 00:00 0 
7f73381bd000-7f73381c0000 ---p 00000000 00:00 0 
7f73381c0000-7f73382be000 rw-p 00000000 00:00 0 
7f73382be000-7f73382c1000 ---p 00000000 00:00 0 
7f73382c1000-7f73383bf000 rw-p 00000000 00:00 0 
7f73384c0000-7f73384c3000 ---p 00000000 00:00 0 
7f73384c3000-7f73385c1000 rw-p 00000000 00:00 0 
7f73385c1000-7f73385c4000 ---p 00000000 00:00 0 
7f73385c4000-7f73386c2000 rw-p 00000000 00:00 0 
7f73386c2000-7f73386c5000 ---p 00000000 00:00 0 
7f73386c5000-7f73387c3000 rw-p 00000000 00:00 0 
7f73388c4000-7f73388c7000 ---p 00000000 00:00 0 
7f73388c7000-7f73389c5000 rw-p 00000000 00:00 0 
7f73389c5000-7f73389c8000 ---p 00000000 00:00 0 
7f73389c8000-7f7338ac6000 rw-p 00000000 00:00 0 
7f7338ac6000-7f7338ac9000 ---p 00000000 00:00 0 
7f7338ac9000-7f7338dc7000 rw-p 00000000 00:00 0 
7f7338dc7000-7f7338fc7000 rw-p 00000000 00:00 0 
7f73390c8000-7f733bdeb000 r-xp 00000000 08:01 118490293                  /tmp/libxgboost4j_gpu7519883838632205040.so (deleted)
7f733bdeb000-7f733bfea000 ---p 02d23000 08:01 118490293                  /tmp/libxgboost4j_gpu7519883838632205040.so (deleted)
7f733bfea000-7f733bffd000 rw-p 02d22000 08:01 118490293                  /tmp/libxgboost4j_gpu7519883838632205040.so (deleted)
7f733bffd000-7f733c000000 rw-p 00000000 00:00 0 
7f733c000000-7f733c021000 rw-p 00000000 00:00 0 
7f733c021000-7f7340000000 ---p 00000000 00:00 0 
7f73400fa000-7f73402fa000 rw-p 00000000 00:00 0 
7f73402fa000-7f73402fd000 ---p 00000000 00:00 0 
7f73402fd000-7f73405fb000 rw-p 00000000 00:00 0 
7f73405fb000-7f73407fb000 rw-p 00000000 00:00 0 
7f73407fb000-7f73409fb000 rw-p 00000000 00:00 0 
7f73409fb000-7f73409fe000 ---p 00000000 00:00 0 
7f73409fe000-7f7340afc000 rw-p 00000000 00:00 0 
7f7340afc000-7f7340aff000 ---p 00000000 00:00 0 
7f7340aff000-7f7340bfd000 rw-p 00000000 00:00 0 
7f7340bfd000-7f7340c00000 ---p 00000000 00:00 0 
7f7340c00000-7f7340cfe000 rw-p 00000000 00:00 0 
7f7340cfe000-7f7340d01000 ---p 00000000 00:00 0 
7f7340d01000-7f7340fff000 rw-p 00000000 00:00 0 
7f7340fff000-7f7344000000 rw-p 00000000 00:00 0 
7f7344000000-7f7344021000 rw-p 00000000 00:00 0 
7f7344021000-7f7348000000 ---p 00000000 00:00 0 
7f73480f8000-7f73480fb000 ---p 00000000 00:00 0 
7f73480fb000-7f73481f9000 rw-p 00000000 00:00 0 
7f73481f9000-7f73481fc000 ---p 00000000 00:00 0 
7f73481fc000-7f73482fa000 rw-p 00000000 00:00 0 
7f73482fa000-7f73482fd000 ---p 00000000 00:00 0 
7f73482fd000-7f73483fb000 rw-p 00000000 00:00 0 
7f73483fb000-7f73483fe000 ---p 00000000 00:00 0 
7f73483fe000-7f73484fc000 rw-p 00000000 00:00 0 
7f73484fc000-7f73484ff000 ---p 00000000 00:00 0 
7f73484ff000-7f73485fd000 rw-p 00000000 00:00 0 
7f73485fd000-7f7348600000 ---p 00000000 00:00 0 
7f7348600000-7f73486fe000 rw-p 00000000 00:00 0 
7f73486fe000-7f7348701000 ---p 00000000 00:00 0 
7f7348701000-7f73487ff000 rw-p 00000000 00:00 0 
7f73487ff000-7f7348802000 ---p 00000000 00:00 0 
7f7348802000-7f7348900000 rw-p 00000000 00:00 0 
7f7348900000-7f7348903000 ---p 00000000 00:00 0 
7f7348903000-7f7348a01000 rw-p 00000000 00:00 0 
7f7348a01000-7f7348a04000 ---p 00000000 00:00 0 
7f7348a04000-7f7348d02000 rw-p 00000000 00:00 0 
7f7348d02000-7f7348d30000 r-xp 00000000 08:01 77070580                   /usr/lib/x86_64-linux-gnu/libgomp.so.1.0.0
7f7348d30000-7f7348f2f000 ---p 0002e000 08:01 77070580                   /usr/lib/x86_64-linux-gnu/libgomp.so.1.0.0
7f7348f2f000-7f7348f30000 r--p 0002d000 08:01 77070580                   /usr/lib/x86_64-linux-gnu/libgomp.so.1.0.0
7f7348f30000-7f7348f31000 rw-p 0002e000 08:01 77070580                   /usr/lib/x86_64-linux-gnu/libgomp.so.1.0.0
7f7348f31000-7f7348f3a000 r-xp 00000000 08:01 82058315                   /usr/lib/jvm/java-8-openjdk-amd64/jre/lib/amd64/libmanagement.so
7f7348f3a000-7f7349139000 ---p 00009000 08:01 82058315                   /usr/lib/jvm/java-8-openjdk-amd64/jre/lib/amd64/libmanagement.so
7f7349139000-7f734913a000 r--p 00008000 08:01 82058315                   /usr/lib/jvm/java-8-openjdk-amd64/jre/lib/amd64/libmanagement.so
7f734913a000-7f734913b000 rw-p 00009000 08:01 82058315                   /usr/lib/jvm/java-8-openjdk-amd64/jre/lib/amd64/libmanagement.so
7f734913b000-7f7349152000 r-xp 00000000 08:01 82058319                   /usr/lib/jvm/java-8-openjdk-amd64/jre/lib/amd64/libnet.so
7f7349152000-7f7349351000 ---p 00017000 08:01 82058319                   /usr/lib/jvm/java-8-openjdk-amd64/jre/lib/amd64/libnet.so
7f7349351000-7f7349352000 r--p 00016000 08:01 82058319                   /usr/lib/jvm/java-8-openjdk-amd64/jre/lib/amd64/libnet.so
7f7349352000-7f7349353000 rw-p 00017000 08:01 82058319                   /usr/lib/jvm/java-8-openjdk-amd64/jre/lib/amd64/libnet.so
7f7349353000-7f7349364000 r-xp 00000000 08:01 82058321                   /usr/lib/jvm/java-8-openjdk-amd64/jre/lib/amd64/libnio.so
7f7349364000-7f7349564000 ---p 00011000 08:01 82058321                   /usr/lib/jvm/java-8-openjdk-amd64/jre/lib/amd64/libnio.so
7f7349564000-7f7349565000 r--p 00011000 08:01 82058321                   /usr/lib/jvm/java-8-openjdk-amd64/jre/lib/amd64/libnio.so
7f7349565000-7f7349566000 rw-p 00012000 08:01 82058321                   /usr/lib/jvm/java-8-openjdk-amd64/jre/lib/amd64/libnio.so
7f7349566000-7f734962f000 rw-p 00000000 00:00 0 
7f734962f000-7f7349b16000 r--s 0783c000 08:01 100796786                  /home/hajar/DataQualityTestTool/venv3/lib/python3.6/site-packages/h2o/backend/bin/h2o.jar
7f7349b16000-7f7349b17000 ---p 00000000 00:00 0 
7f7349b17000-7f7349c17000 rw-p 00000000 00:00 0 
7f7349c17000-7f7349c1a000 ---p 00000000 00:00 0 
7f7349c1a000-7f7349d18000 rw-p 00000000 00:00 0 
7f7349d18000-7f7349d19000 ---p 00000000 00:00 0 
7f7349d19000-7f7349d1c000 ---p 00000000 00:00 0 
7f7349d1c000-7f7349e19000 rw-p 00000000 00:00 0 
7f7349e19000-7f7349e1a000 ---p 00000000 00:00 0 
7f7349e1a000-7f7349e1d000 ---p 00000000 00:00 0 
7f7349e1d000-7f7349f1a000 rw-p 00000000 00:00 0 
7f7349f1a000-7f7349f1b000 ---p 00000000 00:00 0 
7f7349f1b000-7f7349f1e000 ---p 00000000 00:00 0 
7f7349f1e000-7f734a01b000 rw-p 00000000 00:00 0 
7f734a01b000-7f734a01c000 ---p 00000000 00:00 0 
7f734a01c000-7f734a01f000 ---p 00000000 00:00 0 
7f734a01f000-7f734a11c000 rw-p 00000000 00:00 0 
7f734a11c000-7f734a11f000 ---p 00000000 00:00 0 
7f734a11f000-7f734a21d000 rw-p 00000000 00:00 0 
7f734a21d000-7f734abec000 r--p 00000000 08:01 77077010                   /usr/lib/locale/locale-archive
7f734abec000-7f734abef000 ---p 00000000 00:00 0 
7f734abef000-7f734aced000 rw-p 00000000 00:00 0 
7f734aced000-7f734acf0000 ---p 00000000 00:00 0 
7f734acf0000-7f734adee000 rw-p 00000000 00:00 0 
7f734adee000-7f734adef000 ---p 00000000 00:00 0 
7f734adef000-7f734c000000 rw-p 00000000 00:00 0 
7f734c000000-7f734c021000 rw-p 00000000 00:00 0 
7f734c021000-7f7350000000 ---p 00000000 00:00 0 
7f735002b000-7f735003e000 r--s 00346000 08:01 82058389                   /usr/lib/jvm/java-8-openjdk-amd64/jre/lib/resources.jar
7f735003e000-7f7350059000 r--s 00394000 08:01 82058357                   /usr/lib/jvm/java-8-openjdk-amd64/jre/lib/ext/cldrdata.jar
7f7350059000-7f7350074000 r--s 001d6000 08:01 82058367                   /usr/lib/jvm/java-8-openjdk-amd64/jre/lib/ext/nashorn.jar
7f7350074000-7f7355000000 rw-p 00000000 00:00 0 
7f7355000000-7f7355df0000 rwxp 00000000 00:00 0 
7f7355df0000-7f7364000000 ---p 00000000 00:00 0 
7f7364000000-7f7364637000 rw-p 00000000 00:00 0 
7f7364637000-7f7368000000 ---p 00000000 00:00 0 
7f736800f000-7f7368203000 rw-p 00000000 00:00 0 
7f7368203000-7f73683d3000 r--s 03c68000 08:01 82058390                   /usr/lib/jvm/java-8-openjdk-amd64/jre/lib/rt.jar
7f73683d3000-7f736882b000 rw-p 00000000 00:00 0 
7f736882b000-7f736882c000 ---p 00000000 00:00 0 
7f736882c000-7f736892c000 rw-p 00000000 00:00 0 
7f736892c000-7f736892d000 ---p 00000000 00:00 0 
7f736892d000-7f7368a2d000 rw-p 00000000 00:00 0 
7f7368a2d000-7f7368a2e000 ---p 00000000 00:00 0 
7f7368a2e000-7f7368b2e000 rw-p 00000000 00:00 0 
7f7368b2e000-7f7368b2f000 ---p 00000000 00:00 0 
7f7368b2f000-7f7368c2f000 rw-p 00000000 00:00 0 
7f7368c2f000-7f7368c30000 ---p 00000000 00:00 0 
7f7368c30000-7f7368d30000 rw-p 00000000 00:00 0 
7f7368d30000-7f7368d31000 ---p 00000000 00:00 0 
7f7368d31000-7f7368e31000 rw-p 00000000 00:00 0 
7f7368e31000-7f7368e32000 ---p 00000000 00:00 0 
7f7368e32000-7f7368f32000 rw-p 00000000 00:00 0 
7f7368f32000-7f7368f33000 ---p 00000000 00:00 0 
7f7368f33000-7f736910a000 rw-p 00000000 00:00 0 
7f736910a000-7f73692ca000 ---p 00000000 00:00 0 
7f73692ca000-7f73693a1000 rw-p 00000000 00:00 0 
7f73693a1000-7f7369560000 ---p 00000000 00:00 0 
7f7369560000-7f7369668000 rw-p 00000000 00:00 0 
7f7369668000-7f73696ac000 ---p 00000000 00:00 0 
7f73696ac000-7f73696e5000 rw-p 00000000 00:00 0 
7f73696e5000-7f7369a6d000 ---p 00000000 00:00 0 
7f7369a6d000-7f7369a75000 r-xp 00000000 08:01 82058335                   /usr/lib/jvm/java-8-openjdk-amd64/jre/lib/amd64/libzip.so
7f7369a75000-7f7369c74000 ---p 00008000 08:01 82058335                   /usr/lib/jvm/java-8-openjdk-amd64/jre/lib/amd64/libzip.so
7f7369c74000-7f7369c75000 r--p 00007000 08:01 82058335                   /usr/lib/jvm/java-8-openjdk-amd64/jre/lib/amd64/libzip.so
7f7369c75000-7f7369c76000 rw-p 00008000 08:01 82058335                   /usr/lib/jvm/java-8-openjdk-amd64/jre/lib/amd64/libzip.so
7f7369c76000-7f7369c81000 r-xp 00000000 08:01 111153918                  /lib/x86_64-linux-gnu/libnss_files-2.27.so
7f7369c81000-7f7369e80000 ---p 0000b000 08:01 111153918                  /lib/x86_64-linux-gnu/libnss_files-2.27.so
7f7369e80000-7f7369e81000 r--p 0000a000 08:01 111153918                  /lib/x86_64-linux-gnu/libnss_files-2.27.so
7f7369e81000-7f7369e82000 rw-p 0000b000 08:01 111153918                  /lib/x86_64-linux-gnu/libnss_files-2.27.so
7f7369e82000-7f7369e88000 rw-p 00000000 00:00 0 
7f7369e88000-7f7369e9f000 r-xp 00000000 08:01 111153912                  /lib/x86_64-linux-gnu/libnsl-2.27.so
7f7369e9f000-7f736a09e000 ---p 00017000 08:01 111153912                  /lib/x86_64-linux-gnu/libnsl-2.27.so
7f736a09e000-7f736a09f000 r--p 00016000 08:01 111153912                  /lib/x86_64-linux-gnu/libnsl-2.27.so
7f736a09f000-7f736a0a0000 rw-p 00017000 08:01 111153912                  /lib/x86_64-linux-gnu/libnsl-2.27.so
7f736a0a0000-7f736a0a2000 rw-p 00000000 00:00 0 
7f736a0a2000-7f736a0ad000 r-xp 00000000 08:01 111153929                  /lib/x86_64-linux-gnu/libnss_nis-2.27.so
7f736a0ad000-7f736a2ac000 ---p 0000b000 08:01 111153929                  /lib/x86_64-linux-gnu/libnss_nis-2.27.so
7f736a2ac000-7f736a2ad000 r--p 0000a000 08:01 111153929                  /lib/x86_64-linux-gnu/libnss_nis-2.27.so
7f736a2ad000-7f736a2ae000 rw-p 0000b000 08:01 111153929                  /lib/x86_64-linux-gnu/libnss_nis-2.27.so
7f736a2ae000-7f736a2b6000 r-xp 00000000 08:01 111153914                  /lib/x86_64-linux-gnu/libnss_compat-2.27.so
7f736a2b6000-7f736a4b6000 ---p 00008000 08:01 111153914                  /lib/x86_64-linux-gnu/libnss_compat-2.27.so
7f736a4b6000-7f736a4b7000 r--p 00008000 08:01 111153914                  /lib/x86_64-linux-gnu/libnss_compat-2.27.so
7f736a4b7000-7f736a4b8000 rw-p 00009000 08:01 111153914                  /lib/x86_64-linux-gnu/libnss_compat-2.27.so
7f736a4b8000-7f736a4e2000 r-xp 00000000 08:01 82058297                   /usr/lib/jvm/java-8-openjdk-amd64/jre/lib/amd64/libjava.so
7f736a4e2000-7f736a6e1000 ---p 0002a000 08:01 82058297                   /usr/lib/jvm/java-8-openjdk-amd64/jre/lib/amd64/libjava.so
7f736a6e1000-7f736a6e2000 r--p 00029000 08:01 82058297                   /usr/lib/jvm/java-8-openjdk-amd64/jre/lib/amd64/libjava.so
7f736a6e2000-7f736a6e4000 rw-p 0002a000 08:01 82058297                   /usr/lib/jvm/java-8-openjdk-amd64/jre/lib/amd64/libjava.so
7f736a6e4000-7f736a6f4000 r-xp 00000000 08:01 82058333                   /usr/lib/jvm/java-8-openjdk-amd64/jre/lib/amd64/libverify.so
7f736a6f4000-7f736a8f3000 ---p 00010000 08:01 82058333                   /usr/lib/jvm/java-8-openjdk-amd64/jre/lib/amd64/libverify.so
7f736a8f3000-7f736a8f5000 r--p 0000f000 08:01 82058333                   /usr/lib/jvm/java-8-openjdk-amd64/jre/lib/amd64/libverify.so
7f736a8f5000-7f736a8f6000 rw-p 00011000 08:01 82058333                   /usr/lib/jvm/java-8-openjdk-amd64/jre/lib/amd64/libverify.so
7f736a8f6000-7f736a8fd000 r-xp 00000000 08:01 111153969                  /lib/x86_64-linux-gnu/librt-2.27.so
7f736a8fd000-7f736aafc000 ---p 00007000 08:01 111153969                  /lib/x86_64-linux-gnu/librt-2.27.so
7f736aafc000-7f736aafd000 r--p 00006000 08:01 111153969                  /lib/x86_64-linux-gnu/librt-2.27.so
7f736aafd000-7f736aafe000 rw-p 00007000 08:01 111153969                  /lib/x86_64-linux-gnu/librt-2.27.so
7f736aafe000-7f736ab15000 r-xp 00000000 08:01 111149062                  /lib/x86_64-linux-gnu/libgcc_s.so.1
7f736ab15000-7f736ad14000 ---p 00017000 08:01 111149062                  /lib/x86_64-linux-gnu/libgcc_s.so.1
7f736ad14000-7f736ad15000 r--p 00016000 08:01 111149062                  /lib/x86_64-linux-gnu/libgcc_s.so.1
7f736ad15000-7f736ad16000 rw-p 00017000 08:01 111149062                  /lib/x86_64-linux-gnu/libgcc_s.so.1
7f736ad16000-7f736aeb3000 r-xp 00000000 08:01 111153891                  /lib/x86_64-linux-gnu/libm-2.27.so
7f736aeb3000-7f736b0b2000 ---p 0019d000 08:01 111153891                  /lib/x86_64-linux-gnu/libm-2.27.so
7f736b0b2000-7f736b0b3000 r--p 0019c000 08:01 111153891                  /lib/x86_64-linux-gnu/libm-2.27.so
7f736b0b3000-7f736b0b4000 rw-p 0019d000 08:01 111153891                  /lib/x86_64-linux-gnu/libm-2.27.so
7f736b0b4000-7f736b22d000 r-xp 00000000 08:01 77070924                   /usr/lib/x86_64-linux-gnu/libstdc++.so.6.0.25
7f736b22d000-7f736b42d000 ---p 00179000 08:01 77070924                   /usr/lib/x86_64-linux-gnu/libstdc++.so.6.0.25
7f736b42d000-7f736b437000 r--p 00179000 08:01 77070924                   /usr/lib/x86_64-linux-gnu/libstdc++.so.6.0.25
7f736b437000-7f736b439000 rw-p 00183000 08:01 77070924                   /usr/lib/x86_64-linux-gnu/libstdc++.so.6.0.25
7f736b439000-7f736b43d000 rw-p 00000000 00:00 0 
7f736b43d000-7f736c0e0000 r-xp 00000000 08:01 82058339                   /usr/lib/jvm/java-8-openjdk-amd64/jre/lib/amd64/server/libjvm.so
7f736c0e0000-7f736c2e0000 ---p 00ca3000 08:01 82058339                   /usr/lib/jvm/java-8-openjdk-amd64/jre/lib/amd64/server/libjvm.so
7f736c2e0000-7f736c374000 r--p 00ca3000 08:01 82058339                   /usr/lib/jvm/java-8-openjdk-amd64/jre/lib/amd64/server/libjvm.so
7f736c374000-7f736c39d000 rw-p 00d37000 08:01 82058339                   /usr/lib/jvm/java-8-openjdk-amd64/jre/lib/amd64/server/libjvm.so
7f736c39d000-7f736c3cd000 rw-p 00000000 00:00 0 
7f736c3cd000-7f736c3e7000 r-xp 00000000 08:01 111153961                  /lib/x86_64-linux-gnu/libpthread-2.27.so
7f736c3e7000-7f736c5e6000 ---p 0001a000 08:01 111153961                  /lib/x86_64-linux-gnu/libpthread-2.27.so
7f736c5e6000-7f736c5e7000 r--p 00019000 08:01 111153961                  /lib/x86_64-linux-gnu/libpthread-2.27.so
7f736c5e7000-7f736c5e8000 rw-p 0001a000 08:01 111153961                  /lib/x86_64-linux-gnu/libpthread-2.27.so
7f736c5e8000-7f736c5ec000 rw-p 00000000 00:00 0 
7f736c5ec000-7f736c5ef000 r-xp 00000000 08:01 111153851                  /lib/x86_64-linux-gnu/libdl-2.27.so
7f736c5ef000-7f736c7ee000 ---p 00003000 08:01 111153851                  /lib/x86_64-linux-gnu/libdl-2.27.so
7f736c7ee000-7f736c7ef000 r--p 00002000 08:01 111153851                  /lib/x86_64-linux-gnu/libdl-2.27.so
7f736c7ef000-7f736c7f0000 rw-p 00003000 08:01 111153851                  /lib/x86_64-linux-gnu/libdl-2.27.so
7f736c7f0000-7f736c80c000 r-xp 00000000 08:01 111154000                  /lib/x86_64-linux-gnu/libz.so.1.2.11
7f736c80c000-7f736ca0b000 ---p 0001c000 08:01 111154000                  /lib/x86_64-linux-gnu/libz.so.1.2.11
7f736ca0b000-7f736ca0c000 r--p 0001b000 08:01 111154000                  /lib/x86_64-linux-gnu/libz.so.1.2.11
7f736ca0c000-7f736ca0d000 rw-p 0001c000 08:01 111154000                  /lib/x86_64-linux-gnu/libz.so.1.2.11
7f736ca0d000-7f736cbf4000 r-xp 00000000 08:01 111153828                  /lib/x86_64-linux-gnu/libc-2.27.so
7f736cbf4000-7f736cdf4000 ---p 001e7000 08:01 111153828                  /lib/x86_64-linux-gnu/libc-2.27.so
7f736cdf4000-7f736cdf8000 r--p 001e7000 08:01 111153828                  /lib/x86_64-linux-gnu/libc-2.27.so
7f736cdf8000-7f736cdfa000 rw-p 001eb000 08:01 111153828                  /lib/x86_64-linux-gnu/libc-2.27.so
7f736cdfa000-7f736cdfe000 rw-p 00000000 00:00 0 
7f736cdfe000-7f736ce0c000 r-xp 00000000 08:01 82058269                   /usr/lib/jvm/java-8-openjdk-amd64/jre/lib/amd64/jli/libjli.so
7f736ce0c000-7f736d00b000 ---p 0000e000 08:01 82058269                   /usr/lib/jvm/java-8-openjdk-amd64/jre/lib/amd64/jli/libjli.so
7f736d00b000-7f736d00c000 r--p 0000d000 08:01 82058269                   /usr/lib/jvm/java-8-openjdk-amd64/jre/lib/amd64/jli/libjli.so
7f736d00c000-7f736d00d000 rw-p 0000e000 08:01 82058269                   /usr/lib/jvm/java-8-openjdk-amd64/jre/lib/amd64/jli/libjli.so
7f736d00d000-7f736d034000 r-xp 00000000 08:01 111153800                  /lib/x86_64-linux-gnu/ld-2.27.so
7f736d03a000-7f736d03f000 r--s 000a3000 08:01 82058385                   /usr/lib/jvm/java-8-openjdk-amd64/jre/lib/jsse.jar
7f736d03f000-7f736d049000 r--s 00116000 08:01 82058365                   /usr/lib/jvm/java-8-openjdk-amd64/jre/lib/ext/localedata.jar
7f736d049000-7f736d04d000 r--s 0003a000 08:01 82058372                   /usr/lib/jvm/java-8-openjdk-amd64/jre/lib/ext/sunpkcs11.jar
7f736d04d000-7f736d050000 r--s 0000f000 08:01 82058361                   /usr/lib/jvm/java-8-openjdk-amd64/jre/lib/ext/icedtea-sound.jar
7f736d050000-7f736d11b000 rw-p 00000000 00:00 0 
7f736d11b000-7f736d11c000 ---p 00000000 00:00 0 
7f736d11c000-7f736d11f000 ---p 00000000 00:00 0 
7f736d11f000-7f736d21e000 rw-p 00000000 00:00 0 
7f736d21e000-7f736d220000 r--s 00001000 08:01 82058359                   /usr/lib/jvm/java-8-openjdk-amd64/jre/lib/ext/dnsns.jar
7f736d220000-7f736d225000 r--s 0003d000 08:01 82058371                   /usr/lib/jvm/java-8-openjdk-amd64/jre/lib/ext/sunjce_provider.jar
7f736d225000-7f736d226000 r--s 0000a000 08:01 82058363                   /usr/lib/jvm/java-8-openjdk-amd64/jre/lib/ext/jaccess.jar
7f736d226000-7f736d227000 r--s 00010000 08:01 82058373                   /usr/lib/jvm/java-8-openjdk-amd64/jre/lib/ext/zipfs.jar
7f736d227000-7f736d228000 r--s 0000d000 08:01 82058369                   /usr/lib/jvm/java-8-openjdk-amd64/jre/lib/ext/sunec.jar
7f736d228000-7f736d230000 rw-s 00000000 08:01 118490292                  /tmp/hsperfdata_hajar/39638 (deleted)
7f736d230000-7f736d231000 rw-p 00000000 00:00 0 
7f736d231000-7f736d232000 ---p 00000000 00:00 0 
7f736d232000-7f736d234000 rw-p 00000000 00:00 0 
7f736d234000-7f736d235000 r--p 00027000 08:01 111153800                  /lib/x86_64-linux-gnu/ld-2.27.so
7f736d235000-7f736d236000 rw-p 00028000 08:01 111153800                  /lib/x86_64-linux-gnu/ld-2.27.so
7f736d236000-7f736d237000 rw-p 00000000 00:00 0 
7ffc798a5000-7ffc798c6000 rw-p 00000000 00:00 0                          [stack]
7ffc79966000-7ffc79969000 r--p 00000000 00:00 0                          [vvar]
7ffc79969000-7ffc7996a000 r-xp 00000000 00:00 0                          [vdso]
ffffffffff600000-ffffffffff601000 r-xp 00000000 00:00 0                  [vsyscall]

VM Arguments:
jvm_args: -ea 
java_command: water.H2OApp -ip 127.0.0.1 -web_ip 127.0.0.1 -baseport 54321 -ice_root /tmp/tmpwgrfksac -name H2O_from_python_hajar_bom3gn -log_level INFO
java_class_path (initial): /home/hajar/DataQualityTestTool/venv3/lib/python3.6/site-packages/h2o/backend/bin/h2o.jar
Launcher Type: SUN_STANDARD

Environment Variables:
PATH=/home/hajar/DataQualityTestTool/venv3/bin:/home/hajar/.local/bin:/usr/local/sbin:/usr/local/bin:/usr/sbin:/usr/bin:/sbin:/bin:/usr/games:/usr/local/games:/snap/bin
SHELL=/bin/bash

Signal Handlers:
SIGSEGV: [libjvm.so+0xabc3b0], sa_mask[0]=11111111011111111101111111111110, sa_flags=SA_RESTART|SA_SIGINFO
SIGBUS: [libjvm.so+0xabc3b0], sa_mask[0]=11111111011111111101111111111110, sa_flags=SA_RESTART|SA_SIGINFO
SIGFPE: [libjvm.so+0x8f0bb0], sa_mask[0]=11111111011111111101111111111110, sa_flags=SA_RESTART|SA_SIGINFO
SIGPIPE: [libjvm.so+0x8f0bb0], sa_mask[0]=11111111011111111101111111111110, sa_flags=SA_RESTART|SA_SIGINFO
SIGXFSZ: [libjvm.so+0x8f0bb0], sa_mask[0]=11111111011111111101111111111110, sa_flags=SA_RESTART|SA_SIGINFO
SIGILL: [libjvm.so+0x8f0bb0], sa_mask[0]=11111111011111111101111111111110, sa_flags=SA_RESTART|SA_SIGINFO
SIGUSR1: SIG_DFL, sa_mask[0]=00000000000000000000000000000000, sa_flags=none
SIGUSR2: [libjvm.so+0x8f0a60], sa_mask[0]=00000000000000000000000000000000, sa_flags=SA_RESTART|SA_SIGINFO
SIGHUP: [libjvm.so+0x8f10d0], sa_mask[0]=11111111011111111101111111111110, sa_flags=SA_RESTART|SA_SIGINFO
SIGINT: [libjvm.so+0x8f10d0], sa_mask[0]=11111111011111111101111111111110, sa_flags=SA_RESTART|SA_SIGINFO
SIGTERM: [libjvm.so+0x8f10d0], sa_mask[0]=11111111011111111101111111111110, sa_flags=SA_RESTART|SA_SIGINFO
SIGQUIT: [libjvm.so+0x8f10d0], sa_mask[0]=11111111011111111101111111111110, sa_flags=SA_RESTART|SA_SIGINFO


---------------  S Y S T E M  ---------------

OS:DISTRIB_ID=Ubuntu
DISTRIB_RELEASE=18.04
DISTRIB_CODENAME=bionic
DISTRIB_DESCRIPTION="Ubuntu 18.04.2 LTS"

uname:Linux 5.0.0-32-generic #34~18.04.2-Ubuntu SMP Thu Oct 10 10:36:02 UTC 2019 x86_64
libc:glibc 2.27 NPTL 2.27 
rlimit: STACK 8192k, CORE 0k, NPROC 31614, NOFILE 1048576, AS infinity
load average:23.31 15.14 10.92

/proc/meminfo:
MemTotal:        8141092 kB
MemFree:          104348 kB
MemAvailable:      14476 kB
Buffers:            1280 kB
Cached:             4496 kB
SwapCached:         1680 kB
Active:          6776664 kB
Inactive:         849880 kB
Active(anon):    6774848 kB
Inactive(anon):   847140 kB
Active(file):       1816 kB
Inactive(file):     2740 kB
Unevictable:           0 kB
Mlocked:               0 kB
SwapTotal:       2097148 kB
SwapFree:              0 kB
Dirty:                 0 kB
Writeback:            28 kB
AnonPages:       7619260 kB
Mapped:             1364 kB
Shmem:               880 kB
KReclaimable:      82400 kB
Slab:             153472 kB
SReclaimable:      82400 kB
SUnreclaim:        71072 kB
KernelStack:       14448 kB
PageTables:        54928 kB
NFS_Unstable:          0 kB
Bounce:                0 kB
WritebackTmp:          0 kB
CommitLimit:     6167692 kB
Committed_AS:   17155408 kB
VmallocTotal:   34359738367 kB
VmallocUsed:           0 kB
VmallocChunk:          0 kB
Percpu:            40960 kB
HardwareCorrupted:     0 kB
AnonHugePages:         0 kB
ShmemHugePages:        0 kB
ShmemPmdMapped:        0 kB
CmaTotal:              0 kB
CmaFree:               0 kB
HugePages_Total:       0
HugePages_Free:        0
HugePages_Rsvd:        0
HugePages_Surp:        0
Hugepagesize:       2048 kB
Hugetlb:               0 kB
DirectMap4k:      395200 kB
DirectMap2M:     6944768 kB
DirectMap1G:     2097152 kB

container (cgroup) information:
container_type: cgroupv1
cpu_cpuset_cpus: 0-7
cpu_memory_nodes: 0
active_processor_count: 8
cpu_quota: -1
cpu_period: 100000
cpu_shares: -1
memory_limit_in_bytes: -1
memory_and_swap_limit_in_bytes: -2
memory_soft_limit_in_bytes: -1
memory_usage_in_bytes: 7810588672
memory_max_usage_in_bytes: 5619396608


CPU:total 8 (initial active 8) (4 cores per cpu, 2 threads per core) family 6 model 85 stepping 4, cmov, cx8, fxsr, mmx, sse, sse2, sse3, ssse3, sse4.1, sse4.2, popcnt, avx, avx2, aes, clmul, erms, rtm, 3dnowpref, lzcnt, ht, tsc, bmi1, bmi2, adx

/proc/cpuinfo:
processor	: 0
vendor_id	: GenuineIntel
cpu family	: 6
model		: 85
model name	: Intel(R) Xeon(R) Silver 4114 CPU @ 2.20GHz
stepping	: 4
microcode	: 0xffffffff
cpu MHz		: 2194.844
cache size	: 14080 KB
physical id	: 0
siblings	: 8
core id		: 0
cpu cores	: 4
apicid		: 0
initial apicid	: 0
fpu		: yes
fpu_exception	: yes
cpuid level	: 21
wp		: yes
flags		: fpu vme de pse tsc msr pae mce cx8 apic sep mtrr pge mca cmov pat pse36 clflush mmx fxsr sse sse2 ss ht syscall nx pdpe1gb rdtscp lm constant_tsc rep_good nopl xtopology cpuid pni pclmulqdq ssse3 fma cx16 pcid sse4_1 sse4_2 movbe popcnt aes xsave avx f16c rdrand hypervisor lahf_lm abm 3dnowprefetch invpcid_single pti ssbd ibrs ibpb stibp fsgsbase bmi1 hle avx2 smep bmi2 erms invpcid rtm mpx avx512f avx512dq rdseed adx smap clflushopt clwb avx512cd avx512bw avx512vl xsaveopt xsavec xgetbv1 xsaves flush_l1d arch_capabilities
bugs		: cpu_meltdown spectre_v1 spectre_v2 spec_store_bypass l1tf mds swapgs
bogomips	: 4389.68
clflush size	: 64
cache_alignment	: 64
address sizes	: 44 bits physical, 48 bits virtual
power management:

processor	: 1
vendor_id	: GenuineIntel
cpu family	: 6
model		: 85
model name	: Intel(R) Xeon(R) Silver 4114 CPU @ 2.20GHz
stepping	: 4
microcode	: 0xffffffff
cpu MHz		: 2194.844
cache size	: 14080 KB
physical id	: 0
siblings	: 8
core id		: 0
cpu cores	: 4
apicid		: 1
initial apicid	: 1
fpu		: yes
fpu_exception	: yes
cpuid level	: 21
wp		: yes
flags		: fpu vme de pse tsc msr pae mce cx8 apic sep mtrr pge mca cmov pat pse36 clflush mmx fxsr sse sse2 ss ht syscall nx pdpe1gb rdtscp lm constant_tsc rep_good nopl xtopology cpuid pni pclmulqdq ssse3 fma cx16 pcid sse4_1 sse4_2 movbe popcnt aes xsave avx f16c rdrand hypervisor lahf_lm abm 3dnowprefetch invpcid_single pti ssbd ibrs ibpb stibp fsgsbase bmi1 hle avx2 smep bmi2 erms invpcid rtm mpx avx512f avx512dq rdseed adx smap clflushopt clwb avx512cd avx512bw avx512vl xsaveopt xsavec xgetbv1 xsaves flush_l1d arch_capabilities
bugs		: cpu_meltdown spectre_v1 spectre_v2 spec_store_bypass l1tf mds swapgs
bogomips	: 4389.68
clflush size	: 64
cache_alignment	: 64
address sizes	: 44 bits physical, 48 bits virtual
power management:

processor	: 2
vendor_id	: GenuineIntel
cpu family	: 6
model		: 85
model name	: Intel(R) Xeon(R) Silver 4114 CPU @ 2.20GHz
stepping	: 4
microcode	: 0xffffffff
cpu MHz		: 2194.844
cache size	: 14080 KB
physical id	: 0
siblings	: 8
core id		: 1
cpu cores	: 4
apicid		: 2
initial apicid	: 2
fpu		: yes
fpu_exception	: yes
cpuid level	: 21
wp		: yes
flags		: fpu vme de pse tsc msr pae mce cx8 apic sep mtrr pge mca cmov pat pse36 clflush mmx fxsr sse sse2 ss ht syscall nx pdpe1gb rdtscp lm constant_tsc rep_good nopl xtopology cpuid pni pclmulqdq ssse3 fma cx16 pcid sse4_1 sse4_2 movbe popcnt aes xsave avx f16c rdrand hypervisor lahf_lm abm 3dnowprefetch invpcid_single pti ssbd ibrs ibpb stibp fsgsbase bmi1 hle avx2 smep bmi2 erms invpcid rtm mpx avx512f avx512dq rdseed adx smap clflushopt clwb avx512cd avx512bw avx512vl xsaveopt xsavec xgetbv1 xsaves flush_l1d arch_capabilities
bugs		: cpu_meltdown spectre_v1 spectre_v2 spec_store_bypass l1tf mds swapgs
bogomips	: 4389.68
clflush size	: 64
cache_alignment	: 64
address sizes	: 44 bits physical, 48 bits virtual
power management:

processor	: 3
vendor_id	: GenuineIntel
cpu family	: 6
model		: 85
model name	: Intel(R) Xeon(R) Silver 4114 CPU @ 2.20GHz
stepping	: 4
microcode	: 0xffffffff
cpu MHz		: 2194.844
cache size	: 14080 KB
physical id	: 0
siblings	: 8
core id		: 1
cpu cores	: 4
apicid		: 3
initial apicid	: 3
fpu		: yes
fpu_exception	: yes
cpuid level	: 21
wp		: yes
flags		: fpu vme de pse tsc msr pae mce cx8 apic sep mtrr pge mca cmov pat pse36 clflush mmx fxsr sse sse2 ss ht syscall nx pdpe1gb rdtscp lm constant_tsc rep_good nopl xtopology cpuid pni pclmulqdq ssse3 fma cx16 pcid sse4_1 sse4_2 movbe popcnt aes xsave avx f16c rdrand hypervisor lahf_lm abm 3dnowprefetch invpcid_single pti ssbd ibrs ibpb stibp fsgsbase bmi1 hle avx2 smep bmi2 erms invpcid rtm mpx avx512f avx512dq rdseed adx smap clflushopt clwb avx512cd avx512bw avx512vl xsaveopt xsavec xgetbv1 xsaves flush_l1d arch_capabilities
bugs		: cpu_meltdown spectre_v1 spectre_v2 spec_store_bypass l1tf mds swapgs
bogomips	: 4389.68
clflush size	: 64
cache_alignment	: 64
address sizes	: 44 bits physical, 48 bits virtual
power management:

processor	: 4
vendor_id	: GenuineIntel
cpu family	: 6
model		: 85
model name	: Intel(R) Xeon(R) Silver 4114 CPU @ 2.20GHz
stepping	: 4
microcode	: 0xffffffff
cpu MHz		: 2194.844
cache size	: 14080 KB
physical id	: 0
siblings	: 8
core id		: 2
cpu cores	: 4
apicid		: 4
initial apicid	: 4
fpu		: yes
fpu_exception	: yes
cpuid level	: 21
wp		: yes
flags		: fpu vme de pse tsc msr pae mce cx8 apic sep mtrr pge mca cmov pat pse36 clflush mmx fxsr sse sse2 ss ht syscall nx pdpe1gb rdtscp lm constant_tsc rep_good nopl xtopology cpuid pni pclmulqdq ssse3 fma cx16 pcid sse4_1 sse4_2 movbe popcnt aes xsave avx f16c rdrand hypervisor lahf_lm abm 3dnowprefetch invpcid_single pti ssbd ibrs ibpb stibp fsgsbase bmi1 hle avx2 smep bmi2 erms invpcid rtm mpx avx512f avx512dq rdseed adx smap clflushopt clwb avx512cd avx512bw avx512vl xsaveopt xsavec xgetbv1 xsaves flush_l1d arch_capabilities
bugs		: cpu_meltdown spectre_v1 spectre_v2 spec_store_bypass l1tf mds swapgs
bogomips	: 4389.68
clflush size	: 64
cache_alignment	: 64
address sizes	: 44 bits physical, 48 bits virtual
power management:

processor	: 5
vendor_id	: GenuineIntel
cpu family	: 6
model		: 85
model name	: Intel(R) Xeon(R) Silver 4114 CPU @ 2.20GHz
stepping	: 4
microcode	: 0xffffffff
cpu MHz		: 2194.844
cache size	: 14080 KB
physical id	: 0
siblings	: 8
core id		: 2
cpu cores	: 4
apicid		: 5
initial apicid	: 5
fpu		: yes
fpu_exception	: yes
cpuid level	: 21
wp		: yes
flags		: fpu vme de pse tsc msr pae mce cx8 apic sep mtrr pge mca cmov pat pse36 clflush mmx fxsr sse sse2 ss ht syscall nx pdpe1gb rdtscp lm constant_tsc rep_good nopl xtopology cpuid pni pclmulqdq ssse3 fma cx16 pcid sse4_1 sse4_2 movbe popcnt aes xsave avx f16c rdrand hypervisor lahf_lm abm 3dnowprefetch invpcid_single pti ssbd ibrs ibpb stibp fsgsbase bmi1 hle avx2 smep bmi2 erms invpcid rtm mpx avx512f avx512dq rdseed adx smap clflushopt clwb avx512cd avx512bw avx512vl xsaveopt xsavec xgetbv1 xsaves flush_l1d arch_capabilities
bugs		: cpu_meltdown spectre_v1 spectre_v2 spec_store_bypass l1tf mds swapgs
bogomips	: 4389.68
clflush size	: 64
cache_alignment	: 64
address sizes	: 44 bits physical, 48 bits virtual
power management:

processor	: 6
vendor_id	: GenuineIntel
cpu family	: 6
model		: 85
model name	: Intel(R) Xeon(R) Silver 4114 CPU @ 2.20GHz
stepping	: 4
microcode	: 0xffffffff
cpu MHz		: 2194.844
cache size	: 14080 KB
physical id	: 0
siblings	: 8
core id		: 3
cpu cores	: 4
apicid		: 6
initial apicid	: 6
fpu		: yes
fpu_exception	: yes
cpuid level	: 21
wp		: yes
flags		: fpu vme de pse tsc msr pae mce cx8 apic sep mtrr pge mca cmov pat pse36 clflush mmx fxsr sse sse2 ss ht syscall nx pdpe1gb rdtscp lm constant_tsc rep_good nopl xtopology cpuid pni pclmulqdq ssse3 fma cx16 pcid sse4_1 sse4_2 movbe popcnt aes xsave avx f16c rdrand hypervisor lahf_lm abm 3dnowprefetch invpcid_single pti ssbd ibrs ibpb stibp fsgsbase bmi1 hle avx2 smep bmi2 erms invpcid rtm mpx avx512f avx512dq rdseed adx smap clflushopt clwb avx512cd avx512bw avx512vl xsaveopt xsavec xgetbv1 xsaves flush_l1d arch_capabilities
bugs		: cpu_meltdown spectre_v1 spectre_v2 spec_store_bypass l1tf mds swapgs
bogomips	: 4389.68
clflush size	: 64
cache_alignment	: 64
address sizes	: 44 bits physical, 48 bits virtual
power management:

processor	: 7
vendor_id	: GenuineIntel
cpu family	: 6
model		: 85
model name	: Intel(R) Xeon(R) Silver 4114 CPU @ 2.20GHz
stepping	: 4
microcode	: 0xffffffff
cpu MHz		: 2194.844
cache size	: 14080 KB
physical id	: 0
siblings	: 8
core id		: 3
cpu cores	: 4
apicid		: 7
initial apicid	: 7
fpu		: yes
fpu_exception	: yes
cpuid level	: 21
wp		: yes
flags		: fpu vme de pse tsc msr pae mce cx8 apic sep mtrr pge mca cmov pat pse36 clflush mmx fxsr sse sse2 ss ht syscall nx pdpe1gb rdtscp lm constant_tsc rep_good nopl xtopology cpuid pni pclmulqdq ssse3 fma cx16 pcid sse4_1 sse4_2 movbe popcnt aes xsave avx f16c rdrand hypervisor lahf_lm abm 3dnowprefetch invpcid_single pti ssbd ibrs ibpb stibp fsgsbase bmi1 hle avx2 smep bmi2 erms invpcid rtm mpx avx512f avx512dq rdseed adx smap clflushopt clwb avx512cd avx512bw avx512vl xsaveopt xsavec xgetbv1 xsaves flush_l1d arch_capabilities
bugs		: cpu_meltdown spectre_v1 spectre_v2 spec_store_bypass l1tf mds swapgs
bogomips	: 4389.68
clflush size	: 64
cache_alignment	: 64
address sizes	: 44 bits physical, 48 bits virtual
power management:



Memory: 4k page, physical 8141092k(99684k free), swap 2097148k(4k free)

vm_info: OpenJDK 64-Bit Server VM (25.242-b08) for linux-amd64 JRE (1.8.0_242-8u242-b08-0ubuntu3~18.04-b08), built on Jan 17 2020 23:41:21 by "buildd" with gcc 7.4.0

time: Mon Feb 10 16:53:06 2020
timezone: MST
elapsed time: 1113 seconds (0d 0h 18m 33s)

