#
# There is insufficient memory for the Java Runtime Environment to continue.
# Native memory allocation (mmap) failed to map 110100480 bytes for committing reserved memory.
# Possible reasons:
#   The system is out of physical RAM or swap space
#   The process is running with CompressedOops enabled, and the Java Heap may be blocking the growth of the native heap
# Possible solutions:
#   Reduce memory load on the system
#   Increase physical memory or swap space
#   Check if swap backing store is full
#   Decrease Java heap size (-Xmx/-Xms)
#   Decrease number of Java threads
#   Decrease Java thread stack sizes (-Xss)
#   Set larger code cache with -XX:ReservedCodeCacheSize=
#   JVM is running with Unscaled Compressed Oops mode in which the Java heap is
#     placed in the first 4GB address space. The Java Heap base address is the
#     maximum limit for the native heap growth. Please use -XX:HeapBaseMinAddress
#     to set the Java Heap base and to place the Java Heap above 4GB virtual address.
# This output file may be truncated or incomplete.
#
#  Out of Memory Error (os_linux.cpp:2757), pid=27280, tid=0x00007f46db1f1700
#
# JRE version: OpenJDK Runtime Environment (8.0_222-b10) (build 1.8.0_222-8u222-b10-1ubuntu1~18.04.1-b10)
# Java VM: OpenJDK 64-Bit Server VM (25.222-b10 mixed mode linux-amd64 compressed oops)
# Failed to write core dump. Core dumps have been disabled. To enable core dumping, try "ulimit -c unlimited" before starting Java again
#

---------------  T H R E A D  ---------------

Current thread (0x00007f4704081000):  VMThread [stack: 0x00007f46db0f2000,0x00007f46db1f2000] [id=27290]

Stack: [0x00007f46db0f2000,0x00007f46db1f2000],  sp=0x00007f46db1f0460,  free space=1017k
Native frames: (J=compiled Java code, j=interpreted, Vv=VM code, C=native code)
V  [libjvm.so+0xab8992]
V  [libjvm.so+0x4dbfd7]
V  [libjvm.so+0x8f33a0]
V  [libjvm.so+0x8ea46e]
V  [libjvm.so+0x96e106]
V  [libjvm.so+0x95cdaa]
V  [libjvm.so+0x95cf78]
V  [libjvm.so+0x95db80]
V  [libjvm.so+0x963f1c]
V  [libjvm.so+0x96bfd5]
V  [libjvm.so+0x91a5a8]
V  [libjvm.so+0xaba662]
V  [libjvm.so+0xabf1d6]
V  [libjvm.so+0xabd4d5]
V  [libjvm.so+0xabddad]
V  [libjvm.so+0xabe1b8]
V  [libjvm.so+0x8f0732]

VM_Operation (0x00007f4625de0790): ParallelGCFailedAllocation, mode: safepoint, requested by thread 0x00007f466c095800


---------------  P R O C E S S  ---------------

Java Threads: ( => current thread )
  0x00007f466c0a2800 JavaThread "Thread-24153" daemon [_thread_blocked, id=108441, stack(0x00007f46272f3000,0x00007f46273f4000)]
  0x00007f466c0a0800 JavaThread "Thread-24152" daemon [_thread_blocked, id=108440, stack(0x00007f4627bfc000,0x00007f4627cfd000)]
  0x00007f466c095800 JavaThread "Thread-24151" daemon [_thread_blocked, id=108439, stack(0x00007f4625ce1000,0x00007f4625de2000)]
  0x00007f466c09c000 JavaThread "Thread-24150" daemon [_thread_blocked, id=108438, stack(0x00007f46270f1000,0x00007f46271f2000)]
  0x00007f466c098800 JavaThread "Thread-24149" daemon [_thread_blocked, id=108437, stack(0x00007f4627afb000,0x00007f4627bfc000)]
  0x00007f466c092800 JavaThread "Thread-24148" daemon [_thread_blocked, id=108436, stack(0x00007f4627cfd000,0x00007f4627dfe000)]
  0x00007f466c09f800 JavaThread "Thread-24147" daemon [_thread_blocked, id=108435, stack(0x00007f46276f7000,0x00007f46277f8000)]
  0x00007f466c09a000 JavaThread "Thread-24146" daemon [_thread_blocked, id=108434, stack(0x00007f46261e6000,0x00007f46262e7000)]
  0x00007f4644003000 JavaThread "FJ-2-43" daemon [_thread_blocked, id=107914, stack(0x00007f46a0dc7000,0x00007f46a0ec8000)]
  0x00007f46580e7800 JavaThread "FJ-3-5" daemon [_thread_blocked, id=107913, stack(0x00007f46274f5000,0x00007f46275f6000)]
  0x00007f45f400b000 JavaThread "FJ-1-5" daemon [_thread_blocked, id=107912, stack(0x00007f46262e7000,0x00007f46263e8000)]
  0x00007f4630009000 JavaThread "FJ-116-13" daemon [_thread_blocked, id=83229, stack(0x00007f4627dfe000,0x00007f4627eff000)]
  0x00007f4664002800 JavaThread "FJ-117-1" daemon [_thread_blocked, id=83228, stack(0x00007f46a02bc000,0x00007f46a03bd000)]
  0x00007f465406a000 JavaThread "FJ-4-15" daemon [_thread_blocked, id=27322, stack(0x00007f46a09c3000,0x00007f46a0ac4000)]
  0x00007f470400b000 JavaThread "DestroyJavaVM" [_thread_blocked, id=27281, stack(0x00007f470d4ae000,0x00007f470d5ae000)]
  0x00007f4670001800 JavaThread "FJ-126-15" daemon [_thread_blocked, id=27315, stack(0x00007f46d05fb000,0x00007f46d06fc000)]
  0x00007f4704423000 JavaThread "ClientDisconnectCheckThread" daemon [_thread_blocked, id=27314, stack(0x00007f46d0cfc000,0x00007f46d0dfd000)]
  0x00007f4704412000 JavaThread "Heartbeat" daemon [_thread_blocked, id=27313, stack(0x00007f46d0dfd000,0x00007f46d0efe000)]
  0x00007f470440f800 JavaThread "TCP-Accept" [_thread_in_native, id=27312, stack(0x00007f46d0efe000,0x00007f46d0fff000)]
  0x00007f470440e000 JavaThread "MemCleaner" daemon [_thread_blocked, id=27311, stack(0x00007f46d80fc000,0x00007f46d81fd000)]
  0x00007f4704409800 JavaThread "Multi-UDP-R" [_thread_in_native, id=27310, stack(0x00007f46d81fd000,0x00007f46d82fe000)]
  0x00007f4704377000 JavaThread "FailedNodeWatchdogThread" daemon [_thread_blocked, id=27309, stack(0x00007f46d84fe000,0x00007f46d85ff000)]
  0x00007f4704366000 JavaThread "qtp13329486-19 Acceptor0 SocketConnector@127.0.0.1:54321" [_thread_in_native, id=27308, stack(0x00007f46d85ff000,0x00007f46d8700000)]
  0x00007f4704364800 JavaThread "qtp13329486-18" [_thread_blocked, id=27307, stack(0x00007f46d8700000,0x00007f46d8801000)]
  0x00007f4704362800 JavaThread "qtp13329486-17" [_thread_blocked, id=27306, stack(0x00007f46d8801000,0x00007f46d8902000)]
  0x00007f4704361000 JavaThread "qtp13329486-16" [_thread_blocked, id=27305, stack(0x00007f46d8902000,0x00007f46d8a03000)]
  0x00007f470435f800 JavaThread "qtp13329486-15" [_thread_blocked, id=27304, stack(0x00007f46d8a03000,0x00007f46d8b04000)]
  0x00007f470435d800 JavaThread "qtp13329486-14" [_thread_blocked, id=27303, stack(0x00007f46d8b04000,0x00007f46d8c05000)]
  0x00007f470435c000 JavaThread "qtp13329486-13" [_thread_blocked, id=27302, stack(0x00007f46d8c05000,0x00007f46d8d06000)]
  0x00007f4704357800 JavaThread "qtp13329486-12" [_thread_blocked, id=27301, stack(0x00007f46d8d06000,0x00007f46d8e07000)]
  0x00007f47040ed800 JavaThread "Service Thread" daemon [_thread_blocked, id=27298, stack(0x00007f46d9f1a000,0x00007f46da01b000)]
  0x00007f47040c8000 JavaThread "C1 CompilerThread3" daemon [_thread_blocked, id=27297, stack(0x00007f46da01c000,0x00007f46da11c000)]
  0x00007f47040c6000 JavaThread "C2 CompilerThread2" daemon [_thread_blocked, id=27296, stack(0x00007f46da11d000,0x00007f46da21d000)]
  0x00007f47040c4800 JavaThread "C2 CompilerThread1" daemon [_thread_blocked, id=27295, stack(0x00007f46da21e000,0x00007f46da31e000)]
  0x00007f47040c1800 JavaThread "C2 CompilerThread0" daemon [_thread_blocked, id=27294, stack(0x00007f46da31f000,0x00007f46da41f000)]
  0x00007f47040c0000 JavaThread "Signal Dispatcher" daemon [_thread_blocked, id=27293, stack(0x00007f46da41f000,0x00007f46da520000)]
  0x00007f470408d800 JavaThread "Finalizer" daemon [_thread_blocked, id=27292, stack(0x00007f46daeef000,0x00007f46daff0000)]
  0x00007f470408b000 JavaThread "Reference Handler" daemon [_thread_blocked, id=27291, stack(0x00007f46daff0000,0x00007f46db0f1000)]

Other Threads:
=>0x00007f4704081000 VMThread [stack: 0x00007f46db0f2000,0x00007f46db1f2000] [id=27290]
  0x00007f47040f0000 WatcherThread [stack: 0x00007f46d9e1a000,0x00007f46d9f1a000] [id=27299]

VM state:at safepoint (normal execution)

VM Mutex/Monitor currently owned by a thread:  ([mutex/lock_event])
[0x00007f47040074e0] ExpandHeap_lock - owner thread: 0x00007f4704081000
[0x00007f4704007b60] Threads_lock - owner thread: 0x00007f4704081000
[0x00007f4704008060] Heap_lock - owner thread: 0x00007f466c095800

heap address: 0x0000000083c00000, size: 1988 MB, Compressed Oops mode: 32-bit
Narrow klass base: 0x0000000000000000, Narrow klass shift: 3
Compressed class space size: 1073741824 Address: 0x0000000100000000

Heap:
 PSYoungGen      total 357888K, used 0K [0x00000000d6980000, 0x00000000f4c80000, 0x0000000100000000)
  eden space 289280K, 0% used [0x00000000d6980000,0x00000000d6980000,0x00000000e8400000)
  from space 68608K, 0% used [0x00000000eca00000,0x00000000eca00000,0x00000000f0d00000)
  to   space 71680K, 0% used [0x00000000e8400000,0x00000000e8400000,0x00000000eca00000)
 ParOldGen       total 1049600K, used 788875K [0x0000000083c00000, 0x00000000c3d00000, 0x00000000d6980000)
  object space 1049600K, 75% used [0x0000000083c00000,0x00000000b3e62da8,0x00000000c3d00000)
 Metaspace       used 31049K, capacity 31279K, committed 31488K, reserved 1077248K
  class space    used 3413K, capacity 3490K, committed 3584K, reserved 1048576K

Card table byte_map: [0x00007f4709660000,0x00007f4709a43000] byte_map_base: 0x00007f4709242000

Marking Bits: (ParMarkBitMap*) 0x00007f470c742360
 Begin Bits: [0x00007f46e01e0000, 0x00007f46e20f0000)
 End Bits:   [0x00007f46e20f0000, 0x00007f46e4000000)

Polling page: 0x00007f470d5c3000

CodeCache: size=245760Kb used=27413Kb max_used=28785Kb free=218346Kb
 bounds [0x00007f46f5000000, 0x00007f46f6c80000, 0x00007f4704000000]
 total_blobs=6990 nmethods=6427 adapters=475
 compilation: enabled

Compilation events (10 events):
Event: 449325.103 Thread 0x00007f47040c8000 9005       3       sun.misc.FormattedFloatingDecimal$1::initialValue (5 bytes)
Event: 449325.103 Thread 0x00007f47040c8000 nmethod 9005 0x00007f46f539f190 code [0x00007f46f539f300, 0x00007f46f539f4d0]
Event: 449325.427 Thread 0x00007f47040c6000 9006       4       java.util.Arrays::deepHashCode (275 bytes)
Event: 449325.436 Thread 0x00007f47040c6000 nmethod 9006 0x00007f46f61f76d0 code [0x00007f46f61f7880, 0x00007f46f61f7f18]
Event: 452518.315 Thread 0x00007f47040c8000 9007       3       java.util.concurrent.locks.AbstractQueuedSynchronizer$ConditionObject::unlinkCancelledWaiters (67 bytes)
Event: 452518.316 Thread 0x00007f47040c8000 nmethod 9007 0x00007f46f64bf810 code [0x00007f46f64bf980, 0x00007f46f64bfcd0]
Event: 452938.321 Thread 0x00007f47040c4800 9008       4       java.util.concurrent.locks.AbstractQueuedSynchronizer::transferAfterCancelledWait (34 bytes)
Event: 452938.326 Thread 0x00007f47040c4800 nmethod 9008 0x00007f46f5dfad50 code [0x00007f46f5dfaea0, 0x00007f46f5dfafd8]
Event: 453478.327 Thread 0x00007f47040c8000 9009       3       java.util.concurrent.locks.AbstractQueuedSynchronizer$ConditionObject::awaitNanos (156 bytes)
Event: 453478.328 Thread 0x00007f47040c8000 nmethod 9009 0x00007f46f61f50d0 code [0x00007f46f61f53e0, 0x00007f46f61f6ad8]

GC Heap History (10 events):
Event: 455730.834 GC heap after
Heap after GC invocations=2253 (full 649):
 PSYoungGen      total 388096K, used 0K [0x00000000d6980000, 0x00000000f3080000, 0x0000000100000000)
  eden space 327680K, 0% used [0x00000000d6980000,0x00000000d6980000,0x00000000ea980000)
  from space 60416K, 0% used [0x00000000ef580000,0x00000000ef580000,0x00000000f3080000)
  to   space 69120K, 0% used [0x00000000ea980000,0x00000000ea980000,0x00000000eed00000)
 ParOldGen       total 1049600K, used 710874K [0x0000000083c00000, 0x00000000c3d00000, 0x00000000d6980000)
  object space 1049600K, 67% used [0x0000000083c00000,0x00000000af236b88,0x00000000c3d00000)
 Metaspace       used 31049K, capacity 31279K, committed 31488K, reserved 1077248K
  class space    used 3413K, capacity 3490K, committed 3584K, reserved 1048576K
}
Event: 456034.922 GC heap before
{Heap before GC invocations=2254 (full 649):
 PSYoungGen      total 388096K, used 308878K [0x00000000d6980000, 0x00000000f3080000, 0x0000000100000000)
  eden space 327680K, 94% used [0x00000000d6980000,0x00000000e97238d8,0x00000000ea980000)
  from space 60416K, 0% used [0x00000000ef580000,0x00000000ef580000,0x00000000f3080000)
  to   space 69120K, 0% used [0x00000000ea980000,0x00000000ea980000,0x00000000eed00000)
 ParOldGen       total 1049600K, used 710874K [0x0000000083c00000, 0x00000000c3d00000, 0x00000000d6980000)
  object space 1049600K, 67% used [0x0000000083c00000,0x00000000af236b88,0x00000000c3d00000)
 Metaspace       used 31049K, capacity 31279K, committed 31488K, reserved 1077248K
  class space    used 3413K, capacity 3490K, committed 3584K, reserved 1048576K
Event: 456034.927 GC heap after
Heap after GC invocations=2254 (full 649):
 PSYoungGen      total 315904K, used 224K [0x00000000d6980000, 0x00000000f2080000, 0x0000000100000000)
  eden space 315392K, 0% used [0x00000000d6980000,0x00000000d6980000,0x00000000e9d80000)
  from space 512K, 43% used [0x00000000ea980000,0x00000000ea9b8000,0x00000000eaa00000)
  to   space 67072K, 0% used [0x00000000edf00000,0x00000000edf00000,0x00000000f2080000)
 ParOldGen       total 1049600K, used 710874K [0x0000000083c00000, 0x00000000c3d00000, 0x00000000d6980000)
  object space 1049600K, 67% used [0x0000000083c00000,0x00000000af236b88,0x00000000c3d00000)
 Metaspace       used 31049K, capacity 31279K, committed 31488K, reserved 1077248K
  class space    used 3413K, capacity 3490K, committed 3584K, reserved 1048576K
}
Event: 456357.878 GC heap before
{Heap before GC invocations=2255 (full 649):
 PSYoungGen      total 315904K, used 307674K [0x00000000d6980000, 0x00000000f2080000, 0x0000000100000000)
  eden space 315392K, 97% used [0x00000000d6980000,0x00000000e95be8e8,0x00000000e9d80000)
  from space 512K, 43% used [0x00000000ea980000,0x00000000ea9b8000,0x00000000eaa00000)
  to   space 67072K, 0% used [0x00000000edf00000,0x00000000edf00000,0x00000000f2080000)
 ParOldGen       total 1049600K, used 710874K [0x0000000083c00000, 0x00000000c3d00000, 0x00000000d6980000)
  object space 1049600K, 67% used [0x0000000083c00000,0x00000000af236b88,0x00000000c3d00000)
 Metaspace       used 31049K, capacity 31279K, committed 31488K, reserved 1077248K
  class space    used 3413K, capacity 3490K, committed 3584K, reserved 1048576K
Event: 456358.046 GC heap after
Heap after GC invocations=2255 (full 649):
 PSYoungGen      total 366080K, used 39318K [0x00000000d6980000, 0x00000000f1c00000, 0x0000000100000000)
  eden space 303616K, 0% used [0x00000000d6980000,0x00000000d6980000,0x00000000e9200000)
  from space 62464K, 62% used [0x00000000edf00000,0x00000000f0565a10,0x00000000f1c00000)
  to   space 70656K, 0% used [0x00000000e9200000,0x00000000e9200000,0x00000000ed700000)
 ParOldGen       total 1049600K, used 749945K [0x0000000083c00000, 0x00000000c3d00000, 0x00000000d6980000)
  object space 1049600K, 71% used [0x0000000083c00000,0x00000000b185e598,0x00000000c3d00000)
 Metaspace       used 31049K, capacity 31279K, committed 31488K, reserved 1077248K
  class space    used 3413K, capacity 3490K, committed 3584K, reserved 1048576K
}
Event: 456843.120 GC heap before
{Heap before GC invocations=2256 (full 649):
 PSYoungGen      total 366080K, used 306452K [0x00000000d6980000, 0x00000000f1c00000, 0x0000000100000000)
  eden space 303616K, 87% used [0x00000000d6980000,0x00000000e6e5f840,0x00000000e9200000)
  from space 62464K, 62% used [0x00000000edf00000,0x00000000f0565a10,0x00000000f1c00000)
  to   space 70656K, 0% used [0x00000000e9200000,0x00000000e9200000,0x00000000ed700000)
 ParOldGen       total 1049600K, used 749945K [0x0000000083c00000, 0x00000000c3d00000, 0x00000000d6980000)
  object space 1049600K, 71% used [0x0000000083c00000,0x00000000b185e598,0x00000000c3d00000)
 Metaspace       used 31049K, capacity 31279K, committed 31488K, reserved 1077248K
  class space    used 3413K, capacity 3490K, committed 3584K, reserved 1048576K
Event: 456851.245 GC heap after
Heap after GC invocations=2256 (full 649):
 PSYoungGen      total 292864K, used 384K [0x00000000d6980000, 0x00000000f0d00000, 0x0000000100000000)
  eden space 292352K, 0% used [0x00000000d6980000,0x00000000d6980000,0x00000000e8700000)
  from space 512K, 75% used [0x00000000e9200000,0x00000000e9260000,0x00000000e9280000)
  to   space 68608K, 0% used [0x00000000eca00000,0x00000000eca00000,0x00000000f0d00000)
 ParOldGen       total 1049600K, used 749945K [0x0000000083c00000, 0x00000000c3d00000, 0x00000000d6980000)
  object space 1049600K, 71% used [0x0000000083c00000,0x00000000b185e598,0x00000000c3d00000)
 Metaspace       used 31049K, capacity 31279K, committed 31488K, reserved 1077248K
  class space    used 3413K, capacity 3490K, committed 3584K, reserved 1048576K
}
Event: 456855.310 GC heap before
{Heap before GC invocations=2257 (full 649):
 PSYoungGen      total 292864K, used 273821K [0x00000000d6980000, 0x00000000f0d00000, 0x0000000100000000)
  eden space 292352K, 93% used [0x00000000d6980000,0x00000000e7487670,0x00000000e8700000)
  from space 512K, 75% used [0x00000000e9200000,0x00000000e9260000,0x00000000e9280000)
  to   space 68608K, 0% used [0x00000000eca00000,0x00000000eca00000,0x00000000f0d00000)
 ParOldGen       total 1049600K, used 749945K [0x0000000083c00000, 0x00000000c3d00000, 0x00000000d6980000)
  object space 1049600K, 71% used [0x0000000083c00000,0x00000000b185e598,0x00000000c3d00000)
 Metaspace       used 31049K, capacity 31279K, committed 31488K, reserved 1077248K
  class space    used 3413K, capacity 3490K, committed 3584K, reserved 1048576K
Event: 456882.892 GC heap after
Heap after GC invocations=2257 (full 649):
 PSYoungGen      total 357888K, used 39062K [0x00000000d6980000, 0x00000000f4c80000, 0x0000000100000000)
  eden space 289280K, 0% used [0x00000000d6980000,0x00000000d6980000,0x00000000e8400000)
  from space 68608K, 56% used [0x00000000eca00000,0x00000000ef025a10,0x00000000f0d00000)
  to   space 71680K, 0% used [0x00000000e8400000,0x00000000e8400000,0x00000000eca00000)
 ParOldGen       total 1049600K, used 984384K [0x0000000083c00000, 0x00000000c3d00000, 0x00000000d6980000)
  object space 1049600K, 93% used [0x0000000083c00000,0x00000000bfd501f8,0x00000000c3d00000)
 Metaspace       used 31049K, capacity 31279K, committed 31488K, reserved 1077248K
  class space    used 3413K, capacity 3490K, committed 3584K, reserved 1048576K
}
Event: 456883.367 GC heap before
{Heap before GC invocations=2258 (full 650):
 PSYoungGen      total 357888K, used 39062K [0x00000000d6980000, 0x00000000f4c80000, 0x0000000100000000)
  eden space 289280K, 0% used [0x00000000d6980000,0x00000000d6980000,0x00000000e8400000)
  from space 68608K, 56% used [0x00000000eca00000,0x00000000ef025a10,0x00000000f0d00000)
  to   space 71680K, 0% used [0x00000000e8400000,0x00000000e8400000,0x00000000eca00000)
 ParOldGen       total 1049600K, used 984384K [0x0000000083c00000, 0x00000000c3d00000, 0x00000000d6980000)
  object space 1049600K, 93% used [0x0000000083c00000,0x00000000bfd501f8,0x00000000c3d00000)
 Metaspace       used 31049K, capacity 31279K, committed 31488K, reserved 1077248K
  class space    used 3413K, capacity 3490K, committed 3584K, reserved 1048576K

Deoptimization events (10 events):
Event: 172557.770 Thread 0x00007f4644003000 Uncommon trap: reason=unstable_if action=reinterpret pc=0x00007f46f51e4330 method=jsr166y.ForkJoinPool.tryHelpStealer(Ljsr166y/ForkJoinPool$WorkQueue;Ljsr166y/ForkJoinTask;)I @ 388
Event: 172599.535 Thread 0x00007f4704412000 Uncommon trap: reason=unstable_if action=reinterpret pc=0x00007f46f5d9a8b8 method=jsr166y.ForkJoinPool$WorkQueue.queueSize()I @ 11
Event: 187632.533 Thread 0x00007f45f4004800 Uncommon trap: reason=unstable_if action=reinterpret pc=0x00007f46f6b1166c method=hex.tree.DTree.findBestSplitPoint(Lhex/tree/DHistogram;IDIDDZ)Lhex/tree/DTree$Split; @ 4
Event: 187632.533 Thread 0x00007f4614002000 Uncommon trap: reason=unstable_if action=reinterpret pc=0x00007f46f6b1166c method=hex.tree.DTree.findBestSplitPoint(Lhex/tree/DHistogram;IDIDDZ)Lhex/tree/DTree$Split; @ 4
Event: 187649.697 Thread 0x00007f4638005800 Uncommon trap: reason=unstable_if action=reinterpret pc=0x00007f46f6580e44 method=jsr166y.ForkJoinPool.pollSubmission()Ljsr166y/ForkJoinTask; @ 34
Event: 447301.661 Thread 0x00007f4614002000 Uncommon trap: reason=predicate action=maybe_recompile pc=0x00007f46f5205618 method=hex.tree.DTree$UndecidedNode.scoreCols()[I @ 223
Event: 449321.860 Thread 0x00007f4638006000 Uncommon trap: reason=unstable_if action=reinterpret pc=0x00007f46f68af77c method=hex.tree.DHistogram.initialHist(Lwater/fvec/Frame;II[Lhex/tree/DHistogram;JLhex/tree/SharedTreeModel$SharedTreeParameters;[Lwater/Key;Lhex/tree/Constraints;)[Lhex/tree/DHist
Event: 452398.314 Thread 0x00007f470435d800 Uncommon trap: reason=unstable_if action=reinterpret pc=0x00007f46f6011794 method=java.util.concurrent.locks.AbstractQueuedSynchronizer$ConditionObject.addConditionWaiter()Ljava/util/concurrent/locks/AbstractQueuedSynchronizer$Node; @ 15
Event: 452398.314 Thread 0x00007f470435d800 Uncommon trap: reason=unstable_if action=reinterpret pc=0x00007f46f584e520 method=java.util.concurrent.locks.AbstractQueuedSynchronizer$ConditionObject.unlinkCancelledWaiters()V @ 48
Event: 456420.429 Thread 0x00007f4704362800 Uncommon trap: reason=unstable_if action=reinterpret pc=0x00007f46f5424b80 method=java.util.concurrent.locks.AbstractQueuedSynchronizer$ConditionObject.addConditionWaiter()Ljava/util/concurrent/locks/AbstractQueuedSynchronizer$Node; @ 15

Classes redefined (0 events):
No events

Internal exceptions (10 events):
Event: 456834.897 Thread 0x00007f4704412000 Exception <a 'java/io/IOException'> (0x00000000e6a16620) thrown at [/build/openjdk-8-OqY7zN/openjdk-8-8u222-b10/src/hotspot/src/share/vm/prims/jni.cpp, line 710]
Event: 456836.984 Thread 0x00007f4704412000 Exception <a 'java/io/IOException'> (0x00000000e6a34eb8) thrown at [/build/openjdk-8-OqY7zN/openjdk-8-8u222-b10/src/hotspot/src/share/vm/prims/jni.cpp, line 710]
Event: 456837.004 Thread 0x00007f4704412000 Exception <a 'java/io/IOException'> (0x00000000e6a41018) thrown at [/build/openjdk-8-OqY7zN/openjdk-8-8u222-b10/src/hotspot/src/share/vm/prims/jni.cpp, line 710]
Event: 456837.006 Thread 0x00007f4704412000 Exception <a 'java/io/IOException'> (0x00000000e6a4c528) thrown at [/build/openjdk-8-OqY7zN/openjdk-8-8u222-b10/src/hotspot/src/share/vm/prims/jni.cpp, line 710]
Event: 456838.956 Thread 0x00007f4704412000 Exception <a 'java/io/IOException'> (0x00000000e6a6adc0) thrown at [/build/openjdk-8-OqY7zN/openjdk-8-8u222-b10/src/hotspot/src/share/vm/prims/jni.cpp, line 710]
Event: 456839.052 Thread 0x00007f4704412000 Exception <a 'java/io/IOException'> (0x00000000e6a76f20) thrown at [/build/openjdk-8-OqY7zN/openjdk-8-8u222-b10/src/hotspot/src/share/vm/prims/jni.cpp, line 710]
Event: 456839.076 Thread 0x00007f4704412000 Exception <a 'java/io/IOException'> (0x00000000e6a82430) thrown at [/build/openjdk-8-OqY7zN/openjdk-8-8u222-b10/src/hotspot/src/share/vm/prims/jni.cpp, line 710]
Event: 456840.693 Thread 0x00007f4704412000 Exception <a 'java/io/IOException'> (0x00000000e6aa0de0) thrown at [/build/openjdk-8-OqY7zN/openjdk-8-8u222-b10/src/hotspot/src/share/vm/prims/jni.cpp, line 710]
Event: 456840.792 Thread 0x00007f4704412000 Exception <a 'java/io/IOException'> (0x00000000e6aacf40) thrown at [/build/openjdk-8-OqY7zN/openjdk-8-8u222-b10/src/hotspot/src/share/vm/prims/jni.cpp, line 710]
Event: 456840.875 Thread 0x00007f4704412000 Exception <a 'java/io/IOException'> (0x00000000e6ab8450) thrown at [/build/openjdk-8-OqY7zN/openjdk-8-8u222-b10/src/hotspot/src/share/vm/prims/jni.cpp, line 710]

Events (10 events):
Event: 456842.902 Thread 0x00007f466c09f800 Thread added: 0x00007f466c09f800
Event: 456842.902 Thread 0x00007f466c092800 Thread added: 0x00007f466c092800
Event: 456842.902 Thread 0x00007f466c098800 Thread added: 0x00007f466c098800
Event: 456842.902 Thread 0x00007f466c09c000 Thread added: 0x00007f466c09c000
Event: 456842.903 Thread 0x00007f466c095800 Thread added: 0x00007f466c095800
Event: 456842.903 Thread 0x00007f466c0a0800 Thread added: 0x00007f466c0a0800
Event: 456842.903 Thread 0x00007f466c0a2800 Thread added: 0x00007f466c0a2800
Event: 456842.948 Executing VM operation: ParallelGCFailedAllocation
Event: 456851.303 Executing VM operation: ParallelGCFailedAllocation done
Event: 456851.304 Executing VM operation: ParallelGCFailedAllocation


Dynamic libraries:
83c00000-c3d00000 rw-p 00000000 00:00 0 
ca600000-d6980000 ---p 00000000 00:00 0 
d6980000-f4c80000 rw-p 00000000 00:00 0 
f4c80000-100000000 ---p 00000000 00:00 0 
100000000-100380000 rw-p 00000000 00:00 0 
100380000-140000000 ---p 00000000 00:00 0 
560ae9fb2000-560ae9fb3000 r-xp 00000000 08:01 82056305                   /usr/lib/jvm/java-8-openjdk-amd64/jre/bin/java
560aea1b2000-560aea1b3000 r--p 00000000 08:01 82056305                   /usr/lib/jvm/java-8-openjdk-amd64/jre/bin/java
560aea1b3000-560aea1b4000 rw-p 00001000 08:01 82056305                   /usr/lib/jvm/java-8-openjdk-amd64/jre/bin/java
560aea4be000-560aea4df000 rw-p 00000000 00:00 0                          [heap]
7f45e4000000-7f45e4021000 rw-p 00000000 00:00 0 
7f45e4021000-7f45e8000000 ---p 00000000 00:00 0 
7f45ec000000-7f45ec021000 rw-p 00000000 00:00 0 
7f45ec021000-7f45f0000000 ---p 00000000 00:00 0 
7f45f0000000-7f45f0045000 rw-p 00000000 00:00 0 
7f45f0045000-7f45f4000000 ---p 00000000 00:00 0 
7f45f4000000-7f45f4021000 rw-p 00000000 00:00 0 
7f45f4021000-7f45f8000000 ---p 00000000 00:00 0 
7f45f8000000-7f45f8021000 rw-p 00000000 00:00 0 
7f45f8021000-7f45fc000000 ---p 00000000 00:00 0 
7f45fc000000-7f45fc021000 rw-p 00000000 00:00 0 
7f45fc021000-7f4600000000 ---p 00000000 00:00 0 
7f4600000000-7f4600056000 rw-p 00000000 00:00 0 
7f4600056000-7f4604000000 ---p 00000000 00:00 0 
7f4604000000-7f4604021000 rw-p 00000000 00:00 0 
7f4604021000-7f4608000000 ---p 00000000 00:00 0 
7f4608000000-7f4608021000 rw-p 00000000 00:00 0 
7f4608021000-7f460c000000 ---p 00000000 00:00 0 
7f460c000000-7f460c021000 rw-p 00000000 00:00 0 
7f460c021000-7f4610000000 ---p 00000000 00:00 0 
7f4610000000-7f4610021000 rw-p 00000000 00:00 0 
7f4610021000-7f4614000000 ---p 00000000 00:00 0 
7f4614000000-7f4614038000 rw-p 00000000 00:00 0 
7f4614038000-7f4618000000 ---p 00000000 00:00 0 
7f4618000000-7f4618034000 rw-p 00000000 00:00 0 
7f4618034000-7f461c000000 ---p 00000000 00:00 0 
7f461c000000-7f461c021000 rw-p 00000000 00:00 0 
7f461c021000-7f4620000000 ---p 00000000 00:00 0 
7f4620000000-7f4620021000 rw-p 00000000 00:00 0 
7f4620021000-7f4624000000 ---p 00000000 00:00 0 
7f4625adf000-7f4625ae2000 ---p 00000000 00:00 0 
7f4625ae2000-7f4625be0000 rw-p 00000000 00:00 0 
7f4625be0000-7f4625be3000 ---p 00000000 00:00 0 
7f4625be3000-7f4625ce1000 rw-p 00000000 00:00 0 
7f4625ce1000-7f4625ce4000 ---p 00000000 00:00 0 
7f4625ce4000-7f4625de2000 rw-p 00000000 00:00 0 
7f4625de2000-7f4625de5000 ---p 00000000 00:00 0 
7f4625de5000-7f4625ee3000 rw-p 00000000 00:00 0 
7f4625ee3000-7f4625ee6000 ---p 00000000 00:00 0 
7f4625ee6000-7f4625fe4000 rw-p 00000000 00:00 0 
7f4625fe4000-7f4625fe7000 ---p 00000000 00:00 0 
7f4625fe7000-7f46260e5000 rw-p 00000000 00:00 0 
7f46261e6000-7f46261e9000 ---p 00000000 00:00 0 
7f46261e9000-7f46262e7000 rw-p 00000000 00:00 0 
7f46262e7000-7f46262ea000 ---p 00000000 00:00 0 
7f46262ea000-7f46263e8000 rw-p 00000000 00:00 0 
7f46263e8000-7f46263eb000 ---p 00000000 00:00 0 
7f46263eb000-7f46264e9000 rw-p 00000000 00:00 0 
7f46264e9000-7f46264ec000 ---p 00000000 00:00 0 
7f46264ec000-7f462672a000 rw-p 00000000 00:00 0 
7f462672a000-7f46267ed000 ---p 00000000 00:00 0 
7f46267ed000-7f46268eb000 rw-p 00000000 00:00 0 
7f46268eb000-7f46268ee000 ---p 00000000 00:00 0 
7f46268ee000-7f46269ec000 rw-p 00000000 00:00 0 
7f46269ec000-7f46269ef000 ---p 00000000 00:00 0 
7f46269ef000-7f4626aed000 rw-p 00000000 00:00 0 
7f4626bee000-7f4626dee000 rw-p 00000000 00:00 0 
7f4626dee000-7f4626df1000 ---p 00000000 00:00 0 
7f4626df1000-7f4626eef000 rw-p 00000000 00:00 0 
7f4626eef000-7f4626ef2000 ---p 00000000 00:00 0 
7f4626ef2000-7f4626ff0000 rw-p 00000000 00:00 0 
7f4626ff0000-7f4626ff3000 ---p 00000000 00:00 0 
7f4626ff3000-7f46270f1000 rw-p 00000000 00:00 0 
7f46270f1000-7f46270f4000 ---p 00000000 00:00 0 
7f46270f4000-7f46271f2000 rw-p 00000000 00:00 0 
7f46271f2000-7f46271f5000 ---p 00000000 00:00 0 
7f46271f5000-7f46272f3000 rw-p 00000000 00:00 0 
7f46272f3000-7f46272f6000 ---p 00000000 00:00 0 
7f46272f6000-7f46273f4000 rw-p 00000000 00:00 0 
7f46273f4000-7f46273f7000 ---p 00000000 00:00 0 
7f46273f7000-7f46274f5000 rw-p 00000000 00:00 0 
7f46274f5000-7f46274f8000 ---p 00000000 00:00 0 
7f46274f8000-7f46275f6000 rw-p 00000000 00:00 0 
7f46275f6000-7f46275f9000 ---p 00000000 00:00 0 
7f46275f9000-7f46276f7000 rw-p 00000000 00:00 0 
7f46276f7000-7f46276fa000 ---p 00000000 00:00 0 
7f46276fa000-7f46277f8000 rw-p 00000000 00:00 0 
7f46277f8000-7f46277fb000 ---p 00000000 00:00 0 
7f46277fb000-7f46278f9000 rw-p 00000000 00:00 0 
7f46278f9000-7f46278fc000 ---p 00000000 00:00 0 
7f46278fc000-7f46279fa000 rw-p 00000000 00:00 0 
7f46279fa000-7f46279fd000 ---p 00000000 00:00 0 
7f46279fd000-7f4627afb000 rw-p 00000000 00:00 0 
7f4627afb000-7f4627afe000 ---p 00000000 00:00 0 
7f4627afe000-7f4627bfc000 rw-p 00000000 00:00 0 
7f4627bfc000-7f4627bff000 ---p 00000000 00:00 0 
7f4627bff000-7f4627cfd000 rw-p 00000000 00:00 0 
7f4627cfd000-7f4627d00000 ---p 00000000 00:00 0 
7f4627d00000-7f4627dfe000 rw-p 00000000 00:00 0 
7f4627dfe000-7f4627e01000 ---p 00000000 00:00 0 
7f4627e01000-7f4627eff000 rw-p 00000000 00:00 0 
7f4627eff000-7f4627f02000 ---p 00000000 00:00 0 
7f4627f02000-7f4628000000 rw-p 00000000 00:00 0 
7f4628000000-7f4628021000 rw-p 00000000 00:00 0 
7f4628021000-7f462c000000 ---p 00000000 00:00 0 
7f462c000000-7f462c075000 rw-p 00000000 00:00 0 
7f462c075000-7f4630000000 ---p 00000000 00:00 0 
7f4630000000-7f463002b000 rw-p 00000000 00:00 0 
7f463002b000-7f4634000000 ---p 00000000 00:00 0 
7f4634000000-7f4634021000 rw-p 00000000 00:00 0 
7f4634021000-7f4638000000 ---p 00000000 00:00 0 
7f4638000000-7f4638021000 rw-p 00000000 00:00 0 
7f4638021000-7f463c000000 ---p 00000000 00:00 0 
7f463c000000-7f463c027000 rw-p 00000000 00:00 0 
7f463c027000-7f4640000000 ---p 00000000 00:00 0 
7f4640000000-7f4640021000 rw-p 00000000 00:00 0 
7f4640021000-7f4644000000 ---p 00000000 00:00 0 
7f4644000000-7f464402f000 rw-p 00000000 00:00 0 
7f464402f000-7f4648000000 ---p 00000000 00:00 0 
7f4648000000-7f4648023000 rw-p 00000000 00:00 0 
7f4648023000-7f464c000000 ---p 00000000 00:00 0 
7f464c000000-7f464c021000 rw-p 00000000 00:00 0 
7f464c021000-7f4650000000 ---p 00000000 00:00 0 
7f4650000000-7f4650046000 rw-p 00000000 00:00 0 
7f4650046000-7f4654000000 ---p 00000000 00:00 0 
7f4654000000-7f4654070000 rw-p 00000000 00:00 0 
7f4654070000-7f4658000000 ---p 00000000 00:00 0 
7f4658000000-7f4658173000 rw-p 00000000 00:00 0 
7f4658173000-7f465c000000 ---p 00000000 00:00 0 
7f465c000000-7f465c044000 rw-p 00000000 00:00 0 
7f465c044000-7f4660000000 ---p 00000000 00:00 0 
7f4660000000-7f4660021000 rw-p 00000000 00:00 0 
7f4660021000-7f4664000000 ---p 00000000 00:00 0 
7f4664000000-7f4664021000 rw-p 00000000 00:00 0 
7f4664021000-7f4668000000 ---p 00000000 00:00 0 
7f4668000000-7f4668021000 rw-p 00000000 00:00 0 
7f4668021000-7f466c000000 ---p 00000000 00:00 0 
7f466c000000-7f466c0b0000 rw-p 00000000 00:00 0 
7f466c0b0000-7f4670000000 ---p 00000000 00:00 0 
7f4670000000-7f4670021000 rw-p 00000000 00:00 0 
7f4670021000-7f4674000000 ---p 00000000 00:00 0 
7f4674000000-7f4674021000 rw-p 00000000 00:00 0 
7f4674021000-7f4678000000 ---p 00000000 00:00 0 
7f4678000000-7f4678027000 rw-p 00000000 00:00 0 
7f4678027000-7f467c000000 ---p 00000000 00:00 0 
7f467c000000-7f467c021000 rw-p 00000000 00:00 0 
7f467c021000-7f4680000000 ---p 00000000 00:00 0 
7f4680000000-7f4680097000 rw-p 00000000 00:00 0 
7f4680097000-7f4684000000 ---p 00000000 00:00 0 
7f4684000000-7f4684076000 rw-p 00000000 00:00 0 
7f4684076000-7f4688000000 ---p 00000000 00:00 0 
7f4688000000-7f468809d000 rw-p 00000000 00:00 0 
7f468809d000-7f468c000000 ---p 00000000 00:00 0 
7f468c000000-7f468c099000 rw-p 00000000 00:00 0 
7f468c099000-7f4690000000 ---p 00000000 00:00 0 
7f4690000000-7f4690066000 rw-p 00000000 00:00 0 
7f4690066000-7f4694000000 ---p 00000000 00:00 0 
7f4694000000-7f469407b000 rw-p 00000000 00:00 0 
7f469407b000-7f4698000000 ---p 00000000 00:00 0 
7f4698000000-7f46980c3000 rw-p 00000000 00:00 0 
7f46980c3000-7f469c000000 ---p 00000000 00:00 0 
7f469c000000-7f469c021000 rw-p 00000000 00:00 0 
7f469c021000-7f46a0000000 ---p 00000000 00:00 0 
7f46a00ba000-7f46a00bd000 ---p 00000000 00:00 0 
7f46a00bd000-7f46a01bb000 rw-p 00000000 00:00 0 
7f46a01bb000-7f46a01be000 ---p 00000000 00:00 0 
7f46a01be000-7f46a02bc000 rw-p 00000000 00:00 0 
7f46a02bc000-7f46a02bf000 ---p 00000000 00:00 0 
7f46a02bf000-7f46a03bd000 rw-p 00000000 00:00 0 
7f46a04be000-7f46a04c1000 ---p 00000000 00:00 0 
7f46a04c1000-7f46a05bf000 rw-p 00000000 00:00 0 
7f46a05bf000-7f46a05c2000 ---p 00000000 00:00 0 
7f46a05c2000-7f46a06c0000 rw-p 00000000 00:00 0 
7f46a06c0000-7f46a06c3000 ---p 00000000 00:00 0 
7f46a06c3000-7f46a07c1000 rw-p 00000000 00:00 0 
7f46a07c1000-7f46a07c4000 ---p 00000000 00:00 0 
7f46a07c4000-7f46a08c2000 rw-p 00000000 00:00 0 
7f46a08c2000-7f46a08c5000 ---p 00000000 00:00 0 
7f46a08c5000-7f46a09c3000 rw-p 00000000 00:00 0 
7f46a09c3000-7f46a09c6000 ---p 00000000 00:00 0 
7f46a09c6000-7f46a0ac4000 rw-p 00000000 00:00 0 
7f46a0ac4000-7f46a0ac7000 ---p 00000000 00:00 0 
7f46a0ac7000-7f46a0bc5000 rw-p 00000000 00:00 0 
7f46a0bc5000-7f46a0bc8000 ---p 00000000 00:00 0 
7f46a0bc8000-7f46a0cc6000 rw-p 00000000 00:00 0 
7f46a0cc6000-7f46a0cc9000 ---p 00000000 00:00 0 
7f46a0cc9000-7f46a0dc7000 rw-p 00000000 00:00 0 
7f46a0dc7000-7f46a0dca000 ---p 00000000 00:00 0 
7f46a0dca000-7f46a10c8000 rw-p 00000000 00:00 0 
7f46a10c8000-7f46a3deb000 r-xp 00000000 08:01 118489116                  /tmp/libxgboost4j_gpu9119665780560085173.so (deleted)
7f46a3deb000-7f46a3fea000 ---p 02d23000 08:01 118489116                  /tmp/libxgboost4j_gpu9119665780560085173.so (deleted)
7f46a3fea000-7f46a3ffd000 rw-p 02d22000 08:01 118489116                  /tmp/libxgboost4j_gpu9119665780560085173.so (deleted)
7f46a3ffd000-7f46a4000000 rw-p 00000000 00:00 0 
7f46a4000000-7f46a4ead000 rw-p 00000000 00:00 0 
7f46a4ead000-7f46a8000000 ---p 00000000 00:00 0 
7f46a8000000-7f46a8021000 rw-p 00000000 00:00 0 
7f46a8021000-7f46ac000000 ---p 00000000 00:00 0 
7f46ac000000-7f46ad994000 rw-p 00000000 00:00 0 
7f46ad994000-7f46b0000000 ---p 00000000 00:00 0 
7f46b0000000-7f46b15ba000 rw-p 00000000 00:00 0 
7f46b15ba000-7f46b4000000 ---p 00000000 00:00 0 
7f46b4000000-7f46b4021000 rw-p 00000000 00:00 0 
7f46b4021000-7f46b8000000 ---p 00000000 00:00 0 
7f46b8000000-7f46b982a000 rw-p 00000000 00:00 0 
7f46b982a000-7f46bc000000 ---p 00000000 00:00 0 
7f46bc000000-7f46bc021000 rw-p 00000000 00:00 0 
7f46bc021000-7f46c0000000 ---p 00000000 00:00 0 
7f46c0000000-7f46c0021000 rw-p 00000000 00:00 0 
7f46c0021000-7f46c4000000 ---p 00000000 00:00 0 
7f46c4000000-7f46c4021000 rw-p 00000000 00:00 0 
7f46c4021000-7f46c8000000 ---p 00000000 00:00 0 
7f46c8000000-7f46c8143000 rw-p 00000000 00:00 0 
7f46c8143000-7f46cc000000 ---p 00000000 00:00 0 
7f46cc000000-7f46cc021000 rw-p 00000000 00:00 0 
7f46cc021000-7f46d0000000 ---p 00000000 00:00 0 
7f46d00fa000-7f46d02fa000 rw-p 00000000 00:00 0 
7f46d02fa000-7f46d02fd000 ---p 00000000 00:00 0 
7f46d02fd000-7f46d05fb000 rw-p 00000000 00:00 0 
7f46d05fb000-7f46d05fe000 ---p 00000000 00:00 0 
7f46d05fe000-7f46d08fc000 rw-p 00000000 00:00 0 
7f46d08fc000-7f46d0afc000 rw-p 00000000 00:00 0 
7f46d0afc000-7f46d0cfc000 rw-p 00000000 00:00 0 
7f46d0cfc000-7f46d0cff000 ---p 00000000 00:00 0 
7f46d0cff000-7f46d0dfd000 rw-p 00000000 00:00 0 
7f46d0dfd000-7f46d0e00000 ---p 00000000 00:00 0 
7f46d0e00000-7f46d0efe000 rw-p 00000000 00:00 0 
7f46d0efe000-7f46d0f01000 ---p 00000000 00:00 0 
7f46d0f01000-7f46d4000000 rw-p 00000000 00:00 0 
7f46d4000000-7f46d4021000 rw-p 00000000 00:00 0 
7f46d4021000-7f46d8000000 ---p 00000000 00:00 0 
7f46d80fc000-7f46d80ff000 ---p 00000000 00:00 0 
7f46d80ff000-7f46d81fd000 rw-p 00000000 00:00 0 
7f46d81fd000-7f46d8200000 ---p 00000000 00:00 0 
7f46d8200000-7f46d84fe000 rw-p 00000000 00:00 0 
7f46d84fe000-7f46d8501000 ---p 00000000 00:00 0 
7f46d8501000-7f46d85ff000 rw-p 00000000 00:00 0 
7f46d85ff000-7f46d8602000 ---p 00000000 00:00 0 
7f46d8602000-7f46d8700000 rw-p 00000000 00:00 0 
7f46d8700000-7f46d8703000 ---p 00000000 00:00 0 
7f46d8703000-7f46d8801000 rw-p 00000000 00:00 0 
7f46d8801000-7f46d8804000 ---p 00000000 00:00 0 
7f46d8804000-7f46d8902000 rw-p 00000000 00:00 0 
7f46d8902000-7f46d8905000 ---p 00000000 00:00 0 
7f46d8905000-7f46d8a03000 rw-p 00000000 00:00 0 
7f46d8a03000-7f46d8a06000 ---p 00000000 00:00 0 
7f46d8a06000-7f46d8b04000 rw-p 00000000 00:00 0 
7f46d8b04000-7f46d8b07000 ---p 00000000 00:00 0 
7f46d8b07000-7f46d8c05000 rw-p 00000000 00:00 0 
7f46d8c05000-7f46d8c08000 ---p 00000000 00:00 0 
7f46d8c08000-7f46d8d06000 rw-p 00000000 00:00 0 
7f46d8d06000-7f46d8d09000 ---p 00000000 00:00 0 
7f46d8d09000-7f46d9007000 rw-p 00000000 00:00 0 
7f46d9007000-7f46d9035000 r-xp 00000000 08:01 77070580                   /usr/lib/x86_64-linux-gnu/libgomp.so.1.0.0
7f46d9035000-7f46d9234000 ---p 0002e000 08:01 77070580                   /usr/lib/x86_64-linux-gnu/libgomp.so.1.0.0
7f46d9234000-7f46d9235000 r--p 0002d000 08:01 77070580                   /usr/lib/x86_64-linux-gnu/libgomp.so.1.0.0
7f46d9235000-7f46d9236000 rw-p 0002e000 08:01 77070580                   /usr/lib/x86_64-linux-gnu/libgomp.so.1.0.0
7f46d9236000-7f46d9247000 r-xp 00000000 08:01 82059691                   /usr/lib/jvm/java-8-openjdk-amd64/jre/lib/amd64/libnio.so
7f46d9247000-7f46d9446000 ---p 00011000 08:01 82059691                   /usr/lib/jvm/java-8-openjdk-amd64/jre/lib/amd64/libnio.so
7f46d9446000-7f46d9447000 r--p 00010000 08:01 82059691                   /usr/lib/jvm/java-8-openjdk-amd64/jre/lib/amd64/libnio.so
7f46d9447000-7f46d9448000 rw-p 00011000 08:01 82059691                   /usr/lib/jvm/java-8-openjdk-amd64/jre/lib/amd64/libnio.so
7f46d9448000-7f46d945e000 r-xp 00000000 08:01 82059690                   /usr/lib/jvm/java-8-openjdk-amd64/jre/lib/amd64/libnet.so
7f46d945e000-7f46d965d000 ---p 00016000 08:01 82059690                   /usr/lib/jvm/java-8-openjdk-amd64/jre/lib/amd64/libnet.so
7f46d965d000-7f46d965e000 r--p 00015000 08:01 82059690                   /usr/lib/jvm/java-8-openjdk-amd64/jre/lib/amd64/libnet.so
7f46d965e000-7f46d965f000 rw-p 00016000 08:01 82059690                   /usr/lib/jvm/java-8-openjdk-amd64/jre/lib/amd64/libnet.so
7f46d965f000-7f46d9668000 r-xp 00000000 08:01 82059688                   /usr/lib/jvm/java-8-openjdk-amd64/jre/lib/amd64/libmanagement.so
7f46d9668000-7f46d9867000 ---p 00009000 08:01 82059688                   /usr/lib/jvm/java-8-openjdk-amd64/jre/lib/amd64/libmanagement.so
7f46d9867000-7f46d9868000 r--p 00008000 08:01 82059688                   /usr/lib/jvm/java-8-openjdk-amd64/jre/lib/amd64/libmanagement.so
7f46d9868000-7f46d9869000 rw-p 00009000 08:01 82059688                   /usr/lib/jvm/java-8-openjdk-amd64/jre/lib/amd64/libmanagement.so
7f46d9869000-7f46d9932000 rw-p 00000000 00:00 0 
7f46d9932000-7f46d9e19000 r--s 0783c000 08:01 100796786                  /home/hajar/DataQualityTestTool/venv3/lib/python3.6/site-packages/h2o/backend/bin/h2o.jar
7f46d9e19000-7f46d9e1a000 ---p 00000000 00:00 0 
7f46d9e1a000-7f46d9f1a000 rw-p 00000000 00:00 0 
7f46d9f1a000-7f46d9f1d000 ---p 00000000 00:00 0 
7f46d9f1d000-7f46da01b000 rw-p 00000000 00:00 0 
7f46da01b000-7f46da01c000 ---p 00000000 00:00 0 
7f46da01c000-7f46da01f000 ---p 00000000 00:00 0 
7f46da01f000-7f46da11c000 rw-p 00000000 00:00 0 
7f46da11c000-7f46da11d000 ---p 00000000 00:00 0 
7f46da11d000-7f46da120000 ---p 00000000 00:00 0 
7f46da120000-7f46da21d000 rw-p 00000000 00:00 0 
7f46da21d000-7f46da21e000 ---p 00000000 00:00 0 
7f46da21e000-7f46da221000 ---p 00000000 00:00 0 
7f46da221000-7f46da31e000 rw-p 00000000 00:00 0 
7f46da31e000-7f46da31f000 ---p 00000000 00:00 0 
7f46da31f000-7f46da322000 ---p 00000000 00:00 0 
7f46da322000-7f46da41f000 rw-p 00000000 00:00 0 
7f46da41f000-7f46da422000 ---p 00000000 00:00 0 
7f46da422000-7f46da520000 rw-p 00000000 00:00 0 
7f46da520000-7f46daeef000 r--p 00000000 08:01 77077010                   /usr/lib/locale/locale-archive
7f46daeef000-7f46daef2000 ---p 00000000 00:00 0 
7f46daef2000-7f46daff0000 rw-p 00000000 00:00 0 
7f46daff0000-7f46daff3000 ---p 00000000 00:00 0 
7f46daff3000-7f46db0f1000 rw-p 00000000 00:00 0 
7f46db0f1000-7f46db0f2000 ---p 00000000 00:00 0 
7f46db0f2000-7f46dc000000 rw-p 00000000 00:00 0 
7f46dc000000-7f46dc021000 rw-p 00000000 00:00 0 
7f46dc021000-7f46e0000000 ---p 00000000 00:00 0 
7f46e00c4000-7f46e00df000 r--s 00394000 08:01 82059709                   /usr/lib/jvm/java-8-openjdk-amd64/jre/lib/ext/cldrdata.jar
7f46e00df000-7f46e4000000 rw-p 00000000 00:00 0 
7f46e4000000-7f46e4021000 rw-p 00000000 00:00 0 
7f46e4021000-7f46e8000000 ---p 00000000 00:00 0 
7f46e8000000-7f46e8021000 rw-p 00000000 00:00 0 
7f46e8021000-7f46ec000000 ---p 00000000 00:00 0 
7f46ec000000-7f46ec021000 rw-p 00000000 00:00 0 
7f46ec021000-7f46f0000000 ---p 00000000 00:00 0 
7f46f0000000-7f46f0021000 rw-p 00000000 00:00 0 
7f46f0021000-7f46f4000000 ---p 00000000 00:00 0 
7f46f4005000-7f46f4018000 r--s 00346000 08:01 82059734                   /usr/lib/jvm/java-8-openjdk-amd64/jre/lib/resources.jar
7f46f4018000-7f46f4033000 r--s 001d6000 08:01 82059714                   /usr/lib/jvm/java-8-openjdk-amd64/jre/lib/ext/nashorn.jar
7f46f4033000-7f46f5000000 rw-p 00000000 00:00 0 
7f46f5000000-7f46f6c80000 rwxp 00000000 00:00 0 
7f46f6c80000-7f4704000000 ---p 00000000 00:00 0 
7f4704000000-7f4704640000 rw-p 00000000 00:00 0 
7f4704640000-7f4708000000 ---p 00000000 00:00 0 
7f4708004000-7f4708599000 rw-p 00000000 00:00 0 
7f4708599000-7f4708769000 r--s 03c5c000 08:01 82059735                   /usr/lib/jvm/java-8-openjdk-amd64/jre/lib/rt.jar
7f4708769000-7f4708bc1000 rw-p 00000000 00:00 0 
7f4708bc1000-7f4708bc2000 ---p 00000000 00:00 0 
7f4708bc2000-7f4708cc2000 rw-p 00000000 00:00 0 
7f4708cc2000-7f4708cc3000 ---p 00000000 00:00 0 
7f4708cc3000-7f4708dc3000 rw-p 00000000 00:00 0 
7f4708dc3000-7f4708dc4000 ---p 00000000 00:00 0 
7f4708dc4000-7f4708ec4000 rw-p 00000000 00:00 0 
7f4708ec4000-7f4708ec5000 ---p 00000000 00:00 0 
7f4708ec5000-7f4708fc5000 rw-p 00000000 00:00 0 
7f4708fc5000-7f4708fc6000 ---p 00000000 00:00 0 
7f4708fc6000-7f47090c6000 rw-p 00000000 00:00 0 
7f47090c6000-7f47090c7000 ---p 00000000 00:00 0 
7f47090c7000-7f47091c7000 rw-p 00000000 00:00 0 
7f47091c7000-7f47091c8000 ---p 00000000 00:00 0 
7f47091c8000-7f47092c8000 rw-p 00000000 00:00 0 
7f47092c8000-7f47092c9000 ---p 00000000 00:00 0 
7f47092c9000-7f47095ca000 rw-p 00000000 00:00 0 
7f47095ca000-7f4709660000 ---p 00000000 00:00 0 
7f4709660000-7f4709861000 rw-p 00000000 00:00 0 
7f4709861000-7f47098f6000 ---p 00000000 00:00 0 
7f47098f6000-7f47099e9000 rw-p 00000000 00:00 0 
7f47099e9000-7f4709a42000 ---p 00000000 00:00 0 
7f4709a42000-7f4709ab5000 rw-p 00000000 00:00 0 
7f4709ab5000-7f4709e03000 ---p 00000000 00:00 0 
7f4709e03000-7f4709e0b000 r-xp 00000000 08:01 82059698                   /usr/lib/jvm/java-8-openjdk-amd64/jre/lib/amd64/libzip.so
7f4709e0b000-7f470a00a000 ---p 00008000 08:01 82059698                   /usr/lib/jvm/java-8-openjdk-amd64/jre/lib/amd64/libzip.so
7f470a00a000-7f470a00b000 r--p 00007000 08:01 82059698                   /usr/lib/jvm/java-8-openjdk-amd64/jre/lib/amd64/libzip.so
7f470a00b000-7f470a00c000 rw-p 00008000 08:01 82059698                   /usr/lib/jvm/java-8-openjdk-amd64/jre/lib/amd64/libzip.so
7f470a00c000-7f470a017000 r-xp 00000000 08:01 111153918                  /lib/x86_64-linux-gnu/libnss_files-2.27.so
7f470a017000-7f470a216000 ---p 0000b000 08:01 111153918                  /lib/x86_64-linux-gnu/libnss_files-2.27.so
7f470a216000-7f470a217000 r--p 0000a000 08:01 111153918                  /lib/x86_64-linux-gnu/libnss_files-2.27.so
7f470a217000-7f470a218000 rw-p 0000b000 08:01 111153918                  /lib/x86_64-linux-gnu/libnss_files-2.27.so
7f470a218000-7f470a21e000 rw-p 00000000 00:00 0 
7f470a21e000-7f470a235000 r-xp 00000000 08:01 111153912                  /lib/x86_64-linux-gnu/libnsl-2.27.so
7f470a235000-7f470a434000 ---p 00017000 08:01 111153912                  /lib/x86_64-linux-gnu/libnsl-2.27.so
7f470a434000-7f470a435000 r--p 00016000 08:01 111153912                  /lib/x86_64-linux-gnu/libnsl-2.27.so
7f470a435000-7f470a436000 rw-p 00017000 08:01 111153912                  /lib/x86_64-linux-gnu/libnsl-2.27.so
7f470a436000-7f470a438000 rw-p 00000000 00:00 0 
7f470a438000-7f470a443000 r-xp 00000000 08:01 111153929                  /lib/x86_64-linux-gnu/libnss_nis-2.27.so
7f470a443000-7f470a642000 ---p 0000b000 08:01 111153929                  /lib/x86_64-linux-gnu/libnss_nis-2.27.so
7f470a642000-7f470a643000 r--p 0000a000 08:01 111153929                  /lib/x86_64-linux-gnu/libnss_nis-2.27.so
7f470a643000-7f470a644000 rw-p 0000b000 08:01 111153929                  /lib/x86_64-linux-gnu/libnss_nis-2.27.so
7f470a644000-7f470a64c000 r-xp 00000000 08:01 111153914                  /lib/x86_64-linux-gnu/libnss_compat-2.27.so
7f470a64c000-7f470a84c000 ---p 00008000 08:01 111153914                  /lib/x86_64-linux-gnu/libnss_compat-2.27.so
7f470a84c000-7f470a84d000 r--p 00008000 08:01 111153914                  /lib/x86_64-linux-gnu/libnss_compat-2.27.so
7f470a84d000-7f470a84e000 rw-p 00009000 08:01 111153914                  /lib/x86_64-linux-gnu/libnss_compat-2.27.so
7f470a84e000-7f470a878000 r-xp 00000000 08:01 82059679                   /usr/lib/jvm/java-8-openjdk-amd64/jre/lib/amd64/libjava.so
7f470a878000-7f470aa77000 ---p 0002a000 08:01 82059679                   /usr/lib/jvm/java-8-openjdk-amd64/jre/lib/amd64/libjava.so
7f470aa77000-7f470aa78000 r--p 00029000 08:01 82059679                   /usr/lib/jvm/java-8-openjdk-amd64/jre/lib/amd64/libjava.so
7f470aa78000-7f470aa7a000 rw-p 0002a000 08:01 82059679                   /usr/lib/jvm/java-8-openjdk-amd64/jre/lib/amd64/libjava.so
7f470aa7a000-7f470aa8a000 r-xp 00000000 08:01 82059697                   /usr/lib/jvm/java-8-openjdk-amd64/jre/lib/amd64/libverify.so
7f470aa8a000-7f470ac89000 ---p 00010000 08:01 82059697                   /usr/lib/jvm/java-8-openjdk-amd64/jre/lib/amd64/libverify.so
7f470ac89000-7f470ac8b000 r--p 0000f000 08:01 82059697                   /usr/lib/jvm/java-8-openjdk-amd64/jre/lib/amd64/libverify.so
7f470ac8b000-7f470ac8c000 rw-p 00011000 08:01 82059697                   /usr/lib/jvm/java-8-openjdk-amd64/jre/lib/amd64/libverify.so
7f470ac8c000-7f470ac93000 r-xp 00000000 08:01 111153969                  /lib/x86_64-linux-gnu/librt-2.27.so
7f470ac93000-7f470ae92000 ---p 00007000 08:01 111153969                  /lib/x86_64-linux-gnu/librt-2.27.so
7f470ae92000-7f470ae93000 r--p 00006000 08:01 111153969                  /lib/x86_64-linux-gnu/librt-2.27.so
7f470ae93000-7f470ae94000 rw-p 00007000 08:01 111153969                  /lib/x86_64-linux-gnu/librt-2.27.so
7f470ae94000-7f470aeab000 r-xp 00000000 08:01 111149062                  /lib/x86_64-linux-gnu/libgcc_s.so.1
7f470aeab000-7f470b0aa000 ---p 00017000 08:01 111149062                  /lib/x86_64-linux-gnu/libgcc_s.so.1
7f470b0aa000-7f470b0ab000 r--p 00016000 08:01 111149062                  /lib/x86_64-linux-gnu/libgcc_s.so.1
7f470b0ab000-7f470b0ac000 rw-p 00017000 08:01 111149062                  /lib/x86_64-linux-gnu/libgcc_s.so.1
7f470b0ac000-7f470b249000 r-xp 00000000 08:01 111153891                  /lib/x86_64-linux-gnu/libm-2.27.so
7f470b249000-7f470b448000 ---p 0019d000 08:01 111153891                  /lib/x86_64-linux-gnu/libm-2.27.so
7f470b448000-7f470b449000 r--p 0019c000 08:01 111153891                  /lib/x86_64-linux-gnu/libm-2.27.so
7f470b449000-7f470b44a000 rw-p 0019d000 08:01 111153891                  /lib/x86_64-linux-gnu/libm-2.27.so
7f470b44a000-7f470b5c3000 r-xp 00000000 08:01 77070924                   /usr/lib/x86_64-linux-gnu/libstdc++.so.6.0.25
7f470b5c3000-7f470b7c3000 ---p 00179000 08:01 77070924                   /usr/lib/x86_64-linux-gnu/libstdc++.so.6.0.25
7f470b7c3000-7f470b7cd000 r--p 00179000 08:01 77070924                   /usr/lib/x86_64-linux-gnu/libstdc++.so.6.0.25
7f470b7cd000-7f470b7cf000 rw-p 00183000 08:01 77070924                   /usr/lib/x86_64-linux-gnu/libstdc++.so.6.0.25
7f470b7cf000-7f470b7d3000 rw-p 00000000 00:00 0 
7f470b7d3000-7f470c472000 r-xp 00000000 08:01 82059700                   /usr/lib/jvm/java-8-openjdk-amd64/jre/lib/amd64/server/libjvm.so
7f470c472000-7f470c672000 ---p 00c9f000 08:01 82059700                   /usr/lib/jvm/java-8-openjdk-amd64/jre/lib/amd64/server/libjvm.so
7f470c672000-7f470c706000 r--p 00c9f000 08:01 82059700                   /usr/lib/jvm/java-8-openjdk-amd64/jre/lib/amd64/server/libjvm.so
7f470c706000-7f470c72f000 rw-p 00d33000 08:01 82059700                   /usr/lib/jvm/java-8-openjdk-amd64/jre/lib/amd64/server/libjvm.so
7f470c72f000-7f470c75f000 rw-p 00000000 00:00 0 
7f470c75f000-7f470c779000 r-xp 00000000 08:01 111153961                  /lib/x86_64-linux-gnu/libpthread-2.27.so
7f470c779000-7f470c978000 ---p 0001a000 08:01 111153961                  /lib/x86_64-linux-gnu/libpthread-2.27.so
7f470c978000-7f470c979000 r--p 00019000 08:01 111153961                  /lib/x86_64-linux-gnu/libpthread-2.27.so
7f470c979000-7f470c97a000 rw-p 0001a000 08:01 111153961                  /lib/x86_64-linux-gnu/libpthread-2.27.so
7f470c97a000-7f470c97e000 rw-p 00000000 00:00 0 
7f470c97e000-7f470c981000 r-xp 00000000 08:01 111153851                  /lib/x86_64-linux-gnu/libdl-2.27.so
7f470c981000-7f470cb80000 ---p 00003000 08:01 111153851                  /lib/x86_64-linux-gnu/libdl-2.27.so
7f470cb80000-7f470cb81000 r--p 00002000 08:01 111153851                  /lib/x86_64-linux-gnu/libdl-2.27.so
7f470cb81000-7f470cb82000 rw-p 00003000 08:01 111153851                  /lib/x86_64-linux-gnu/libdl-2.27.so
7f470cb82000-7f470cb9e000 r-xp 00000000 08:01 111154000                  /lib/x86_64-linux-gnu/libz.so.1.2.11
7f470cb9e000-7f470cd9d000 ---p 0001c000 08:01 111154000                  /lib/x86_64-linux-gnu/libz.so.1.2.11
7f470cd9d000-7f470cd9e000 r--p 0001b000 08:01 111154000                  /lib/x86_64-linux-gnu/libz.so.1.2.11
7f470cd9e000-7f470cd9f000 rw-p 0001c000 08:01 111154000                  /lib/x86_64-linux-gnu/libz.so.1.2.11
7f470cd9f000-7f470cf86000 r-xp 00000000 08:01 111153828                  /lib/x86_64-linux-gnu/libc-2.27.so
7f470cf86000-7f470d186000 ---p 001e7000 08:01 111153828                  /lib/x86_64-linux-gnu/libc-2.27.so
7f470d186000-7f470d18a000 r--p 001e7000 08:01 111153828                  /lib/x86_64-linux-gnu/libc-2.27.so
7f470d18a000-7f470d18c000 rw-p 001eb000 08:01 111153828                  /lib/x86_64-linux-gnu/libc-2.27.so
7f470d18c000-7f470d190000 rw-p 00000000 00:00 0 
7f470d190000-7f470d19e000 r-xp 00000000 08:01 82059665                   /usr/lib/jvm/java-8-openjdk-amd64/jre/lib/amd64/jli/libjli.so
7f470d19e000-7f470d39d000 ---p 0000e000 08:01 82059665                   /usr/lib/jvm/java-8-openjdk-amd64/jre/lib/amd64/jli/libjli.so
7f470d39d000-7f470d39e000 r--p 0000d000 08:01 82059665                   /usr/lib/jvm/java-8-openjdk-amd64/jre/lib/amd64/jli/libjli.so
7f470d39e000-7f470d39f000 rw-p 0000e000 08:01 82059665                   /usr/lib/jvm/java-8-openjdk-amd64/jre/lib/amd64/jli/libjli.so
7f470d39f000-7f470d3c6000 r-xp 00000000 08:01 111153800                  /lib/x86_64-linux-gnu/ld-2.27.so
7f470d3cd000-7f470d3d2000 r--s 000a3000 08:01 82059730                   /usr/lib/jvm/java-8-openjdk-amd64/jre/lib/jsse.jar
7f470d3d2000-7f470d3dc000 r--s 00116000 08:01 82059713                   /usr/lib/jvm/java-8-openjdk-amd64/jre/lib/ext/localedata.jar
7f470d3dc000-7f470d3df000 r--s 00039000 08:01 82059717                   /usr/lib/jvm/java-8-openjdk-amd64/jre/lib/ext/sunpkcs11.jar
7f470d3df000-7f470d3e2000 r--s 0000f000 08:01 82059711                   /usr/lib/jvm/java-8-openjdk-amd64/jre/lib/ext/icedtea-sound.jar
7f470d3e2000-7f470d4ad000 rw-p 00000000 00:00 0 
7f470d4ad000-7f470d4ae000 ---p 00000000 00:00 0 
7f470d4ae000-7f470d4b1000 ---p 00000000 00:00 0 
7f470d4b1000-7f470d5b0000 rw-p 00000000 00:00 0 
7f470d5b0000-7f470d5b2000 r--s 00001000 08:01 82059710                   /usr/lib/jvm/java-8-openjdk-amd64/jre/lib/ext/dnsns.jar
7f470d5b2000-7f470d5b7000 r--s 0003c000 08:01 82059716                   /usr/lib/jvm/java-8-openjdk-amd64/jre/lib/ext/sunjce_provider.jar
7f470d5b7000-7f470d5b8000 r--s 0000a000 08:01 82059712                   /usr/lib/jvm/java-8-openjdk-amd64/jre/lib/ext/jaccess.jar
7f470d5b8000-7f470d5b9000 r--s 00010000 08:01 82059718                   /usr/lib/jvm/java-8-openjdk-amd64/jre/lib/ext/zipfs.jar
7f470d5b9000-7f470d5ba000 r--s 0000d000 08:01 82059715                   /usr/lib/jvm/java-8-openjdk-amd64/jre/lib/ext/sunec.jar
7f470d5ba000-7f470d5c2000 rw-s 00000000 08:01 118489115                  /tmp/hsperfdata_hajar/27280 (deleted)
7f470d5c2000-7f470d5c3000 rw-p 00000000 00:00 0 
7f470d5c3000-7f470d5c4000 ---p 00000000 00:00 0 
7f470d5c4000-7f470d5c6000 rw-p 00000000 00:00 0 
7f470d5c6000-7f470d5c7000 r--p 00027000 08:01 111153800                  /lib/x86_64-linux-gnu/ld-2.27.so
7f470d5c7000-7f470d5c8000 rw-p 00028000 08:01 111153800                  /lib/x86_64-linux-gnu/ld-2.27.so
7f470d5c8000-7f470d5c9000 rw-p 00000000 00:00 0 
7fff8745f000-7fff87480000 rw-p 00000000 00:00 0                          [stack]
7fff8758e000-7fff87591000 r--p 00000000 00:00 0                          [vvar]
7fff87591000-7fff87592000 r-xp 00000000 00:00 0                          [vdso]
ffffffffff600000-ffffffffff601000 r-xp 00000000 00:00 0                  [vsyscall]

VM Arguments:
jvm_args: -ea 
java_command: water.H2OApp -ip 127.0.0.1 -web_ip 127.0.0.1 -baseport 54321 -ice_root /tmp/tmpbyl0l4vv -name H2O_from_python_hajar_jw49rz -log_level INFO
java_class_path (initial): /home/hajar/DataQualityTestTool/venv3/lib/python3.6/site-packages/h2o/backend/bin/h2o.jar
Launcher Type: SUN_STANDARD

Environment Variables:
PATH=/home/hajar/DataQualityTestTool/venv3/bin:/home/hajar/.local/bin:/usr/local/sbin:/usr/local/bin:/usr/sbin:/usr/bin:/sbin:/bin:/usr/games:/usr/local/games:/snap/bin
SHELL=/bin/bash

Signal Handlers:
SIGSEGV: [libjvm.so+0xab92f0], sa_mask[0]=11111111011111111101111111111110, sa_flags=SA_RESTART|SA_SIGINFO
SIGBUS: [libjvm.so+0xab92f0], sa_mask[0]=11111111011111111101111111111110, sa_flags=SA_RESTART|SA_SIGINFO
SIGFPE: [libjvm.so+0x8ee560], sa_mask[0]=11111111011111111101111111111110, sa_flags=SA_RESTART|SA_SIGINFO
SIGPIPE: [libjvm.so+0x8ee560], sa_mask[0]=11111111011111111101111111111110, sa_flags=SA_RESTART|SA_SIGINFO
SIGXFSZ: [libjvm.so+0x8ee560], sa_mask[0]=11111111011111111101111111111110, sa_flags=SA_RESTART|SA_SIGINFO
SIGILL: [libjvm.so+0x8ee560], sa_mask[0]=11111111011111111101111111111110, sa_flags=SA_RESTART|SA_SIGINFO
SIGUSR1: SIG_DFL, sa_mask[0]=00000000000000000000000000000000, sa_flags=none
SIGUSR2: [libjvm.so+0x8ee410], sa_mask[0]=00000000000000000000000000000000, sa_flags=SA_RESTART|SA_SIGINFO
SIGHUP: [libjvm.so+0x8eea80], sa_mask[0]=11111111011111111101111111111110, sa_flags=SA_RESTART|SA_SIGINFO
SIGINT: [libjvm.so+0x8eea80], sa_mask[0]=11111111011111111101111111111110, sa_flags=SA_RESTART|SA_SIGINFO
SIGTERM: [libjvm.so+0x8eea80], sa_mask[0]=11111111011111111101111111111110, sa_flags=SA_RESTART|SA_SIGINFO
SIGQUIT: [libjvm.so+0x8eea80], sa_mask[0]=11111111011111111101111111111110, sa_flags=SA_RESTART|SA_SIGINFO


---------------  S Y S T E M  ---------------

OS:DISTRIB_ID=Ubuntu
DISTRIB_RELEASE=18.04
DISTRIB_CODENAME=bionic
DISTRIB_DESCRIPTION="Ubuntu 18.04.2 LTS"

uname:Linux 5.0.0-32-generic #34~18.04.2-Ubuntu SMP Thu Oct 10 10:36:02 UTC 2019 x86_64
libc:glibc 2.27 NPTL 2.27 
rlimit: STACK 8192k, CORE 0k, NPROC 31614, NOFILE 1048576, AS infinity
load average:14.03 10.45 6.31

/proc/meminfo:
MemTotal:        8141092 kB
MemFree:           99992 kB
MemAvailable:      15216 kB
Buffers:            3268 kB
Cached:            22152 kB
SwapCached:         7244 kB
Active:          6784192 kB
Inactive:         865700 kB
Active(anon):    6780784 kB
Inactive(anon):   847760 kB
Active(file):       3408 kB
Inactive(file):    17940 kB
Unevictable:           0 kB
Mlocked:               0 kB
SwapTotal:       2097148 kB
SwapFree:             36 kB
Dirty:                60 kB
Writeback:             0 kB
AnonPages:       7618388 kB
Mapped:            13340 kB
Shmem:              3920 kB
KReclaimable:      75800 kB
Slab:             143560 kB
SReclaimable:      75800 kB
SUnreclaim:        67760 kB
KernelStack:        9680 kB
PageTables:        52084 kB
NFS_Unstable:          0 kB
Bounce:                0 kB
WritebackTmp:          0 kB
CommitLimit:     6167692 kB
Committed_AS:   15314036 kB
VmallocTotal:   34359738367 kB
VmallocUsed:           0 kB
VmallocChunk:          0 kB
Percpu:            40960 kB
HardwareCorrupted:     0 kB
AnonHugePages:     71680 kB
ShmemHugePages:        0 kB
ShmemPmdMapped:        0 kB
CmaTotal:              0 kB
CmaFree:               0 kB
HugePages_Total:       0
HugePages_Free:        0
HugePages_Rsvd:        0
HugePages_Surp:        0
Hugepagesize:       2048 kB
Hugetlb:               0 kB
DirectMap4k:      225216 kB
DirectMap2M:     7114752 kB
DirectMap1G:     2097152 kB

container (cgroup) information:
container_type: cgroupv1
cpu_cpuset_cpus: 0-7
cpu_memory_nodes: 0
active_processor_count: 8
cpu_quota: -1
cpu_period: 100000
cpu_shares: -1
memory_limit_in_bytes: -1
memory_and_swap_limit_in_bytes: -2
memory_soft_limit_in_bytes: -1
memory_usage_in_bytes: 7827132416
memory_max_usage_in_bytes: 848777216


CPU:total 8 (initial active 8) (4 cores per cpu, 2 threads per core) family 6 model 85 stepping 4, cmov, cx8, fxsr, mmx, sse, sse2, sse3, ssse3, sse4.1, sse4.2, popcnt, avx, avx2, aes, clmul, erms, rtm, 3dnowpref, lzcnt, ht, tsc, bmi1, bmi2, adx

/proc/cpuinfo:
processor	: 0
vendor_id	: GenuineIntel
cpu family	: 6
model		: 85
model name	: Intel(R) Xeon(R) Silver 4114 CPU @ 2.20GHz
stepping	: 4
microcode	: 0xffffffff
cpu MHz		: 2194.844
cache size	: 14080 KB
physical id	: 0
siblings	: 8
core id		: 0
cpu cores	: 4
apicid		: 0
initial apicid	: 0
fpu		: yes
fpu_exception	: yes
cpuid level	: 21
wp		: yes
flags		: fpu vme de pse tsc msr pae mce cx8 apic sep mtrr pge mca cmov pat pse36 clflush mmx fxsr sse sse2 ss ht syscall nx pdpe1gb rdtscp lm constant_tsc rep_good nopl xtopology cpuid pni pclmulqdq ssse3 fma cx16 pcid sse4_1 sse4_2 movbe popcnt aes xsave avx f16c rdrand hypervisor lahf_lm abm 3dnowprefetch invpcid_single pti ssbd ibrs ibpb stibp fsgsbase bmi1 hle avx2 smep bmi2 erms invpcid rtm mpx avx512f avx512dq rdseed adx smap clflushopt clwb avx512cd avx512bw avx512vl xsaveopt xsavec xgetbv1 xsaves flush_l1d arch_capabilities
bugs		: cpu_meltdown spectre_v1 spectre_v2 spec_store_bypass l1tf mds swapgs
bogomips	: 4389.68
clflush size	: 64
cache_alignment	: 64
address sizes	: 44 bits physical, 48 bits virtual
power management:

processor	: 1
vendor_id	: GenuineIntel
cpu family	: 6
model		: 85
model name	: Intel(R) Xeon(R) Silver 4114 CPU @ 2.20GHz
stepping	: 4
microcode	: 0xffffffff
cpu MHz		: 2194.844
cache size	: 14080 KB
physical id	: 0
siblings	: 8
core id		: 0
cpu cores	: 4
apicid		: 1
initial apicid	: 1
fpu		: yes
fpu_exception	: yes
cpuid level	: 21
wp		: yes
flags		: fpu vme de pse tsc msr pae mce cx8 apic sep mtrr pge mca cmov pat pse36 clflush mmx fxsr sse sse2 ss ht syscall nx pdpe1gb rdtscp lm constant_tsc rep_good nopl xtopology cpuid pni pclmulqdq ssse3 fma cx16 pcid sse4_1 sse4_2 movbe popcnt aes xsave avx f16c rdrand hypervisor lahf_lm abm 3dnowprefetch invpcid_single pti ssbd ibrs ibpb stibp fsgsbase bmi1 hle avx2 smep bmi2 erms invpcid rtm mpx avx512f avx512dq rdseed adx smap clflushopt clwb avx512cd avx512bw avx512vl xsaveopt xsavec xgetbv1 xsaves flush_l1d arch_capabilities
bugs		: cpu_meltdown spectre_v1 spectre_v2 spec_store_bypass l1tf mds swapgs
bogomips	: 4389.68
clflush size	: 64
cache_alignment	: 64
address sizes	: 44 bits physical, 48 bits virtual
power management:

processor	: 2
vendor_id	: GenuineIntel
cpu family	: 6
model		: 85
model name	: Intel(R) Xeon(R) Silver 4114 CPU @ 2.20GHz
stepping	: 4
microcode	: 0xffffffff
cpu MHz		: 2194.844
cache size	: 14080 KB
physical id	: 0
siblings	: 8
core id		: 1
cpu cores	: 4
apicid		: 2
initial apicid	: 2
fpu		: yes
fpu_exception	: yes
cpuid level	: 21
wp		: yes
flags		: fpu vme de pse tsc msr pae mce cx8 apic sep mtrr pge mca cmov pat pse36 clflush mmx fxsr sse sse2 ss ht syscall nx pdpe1gb rdtscp lm constant_tsc rep_good nopl xtopology cpuid pni pclmulqdq ssse3 fma cx16 pcid sse4_1 sse4_2 movbe popcnt aes xsave avx f16c rdrand hypervisor lahf_lm abm 3dnowprefetch invpcid_single pti ssbd ibrs ibpb stibp fsgsbase bmi1 hle avx2 smep bmi2 erms invpcid rtm mpx avx512f avx512dq rdseed adx smap clflushopt clwb avx512cd avx512bw avx512vl xsaveopt xsavec xgetbv1 xsaves flush_l1d arch_capabilities
bugs		: cpu_meltdown spectre_v1 spectre_v2 spec_store_bypass l1tf mds swapgs
bogomips	: 4389.68
clflush size	: 64
cache_alignment	: 64
address sizes	: 44 bits physical, 48 bits virtual
power management:

processor	: 3
vendor_id	: GenuineIntel
cpu family	: 6
model		: 85
model name	: Intel(R) Xeon(R) Silver 4114 CPU @ 2.20GHz
stepping	: 4
microcode	: 0xffffffff
cpu MHz		: 2194.844
cache size	: 14080 KB
physical id	: 0
siblings	: 8
core id		: 1
cpu cores	: 4
apicid		: 3
initial apicid	: 3
fpu		: yes
fpu_exception	: yes
cpuid level	: 21
wp		: yes
flags		: fpu vme de pse tsc msr pae mce cx8 apic sep mtrr pge mca cmov pat pse36 clflush mmx fxsr sse sse2 ss ht syscall nx pdpe1gb rdtscp lm constant_tsc rep_good nopl xtopology cpuid pni pclmulqdq ssse3 fma cx16 pcid sse4_1 sse4_2 movbe popcnt aes xsave avx f16c rdrand hypervisor lahf_lm abm 3dnowprefetch invpcid_single pti ssbd ibrs ibpb stibp fsgsbase bmi1 hle avx2 smep bmi2 erms invpcid rtm mpx avx512f avx512dq rdseed adx smap clflushopt clwb avx512cd avx512bw avx512vl xsaveopt xsavec xgetbv1 xsaves flush_l1d arch_capabilities
bugs		: cpu_meltdown spectre_v1 spectre_v2 spec_store_bypass l1tf mds swapgs
bogomips	: 4389.68
clflush size	: 64
cache_alignment	: 64
address sizes	: 44 bits physical, 48 bits virtual
power management:

processor	: 4
vendor_id	: GenuineIntel
cpu family	: 6
model		: 85
model name	: Intel(R) Xeon(R) Silver 4114 CPU @ 2.20GHz
stepping	: 4
microcode	: 0xffffffff
cpu MHz		: 2194.844
cache size	: 14080 KB
physical id	: 0
siblings	: 8
core id		: 2
cpu cores	: 4
apicid		: 4
initial apicid	: 4
fpu		: yes
fpu_exception	: yes
cpuid level	: 21
wp		: yes
flags		: fpu vme de pse tsc msr pae mce cx8 apic sep mtrr pge mca cmov pat pse36 clflush mmx fxsr sse sse2 ss ht syscall nx pdpe1gb rdtscp lm constant_tsc rep_good nopl xtopology cpuid pni pclmulqdq ssse3 fma cx16 pcid sse4_1 sse4_2 movbe popcnt aes xsave avx f16c rdrand hypervisor lahf_lm abm 3dnowprefetch invpcid_single pti ssbd ibrs ibpb stibp fsgsbase bmi1 hle avx2 smep bmi2 erms invpcid rtm mpx avx512f avx512dq rdseed adx smap clflushopt clwb avx512cd avx512bw avx512vl xsaveopt xsavec xgetbv1 xsaves flush_l1d arch_capabilities
bugs		: cpu_meltdown spectre_v1 spectre_v2 spec_store_bypass l1tf mds swapgs
bogomips	: 4389.68
clflush size	: 64
cache_alignment	: 64
address sizes	: 44 bits physical, 48 bits virtual
power management:

processor	: 5
vendor_id	: GenuineIntel
cpu family	: 6
model		: 85
model name	: Intel(R) Xeon(R) Silver 4114 CPU @ 2.20GHz
stepping	: 4
microcode	: 0xffffffff
cpu MHz		: 2194.844
cache size	: 14080 KB
physical id	: 0
siblings	: 8
core id		: 2
cpu cores	: 4
apicid		: 5
initial apicid	: 5
fpu		: yes
fpu_exception	: yes
cpuid level	: 21
wp		: yes
flags		: fpu vme de pse tsc msr pae mce cx8 apic sep mtrr pge mca cmov pat pse36 clflush mmx fxsr sse sse2 ss ht syscall nx pdpe1gb rdtscp lm constant_tsc rep_good nopl xtopology cpuid pni pclmulqdq ssse3 fma cx16 pcid sse4_1 sse4_2 movbe popcnt aes xsave avx f16c rdrand hypervisor lahf_lm abm 3dnowprefetch invpcid_single pti ssbd ibrs ibpb stibp fsgsbase bmi1 hle avx2 smep bmi2 erms invpcid rtm mpx avx512f avx512dq rdseed adx smap clflushopt clwb avx512cd avx512bw avx512vl xsaveopt xsavec xgetbv1 xsaves flush_l1d arch_capabilities
bugs		: cpu_meltdown spectre_v1 spectre_v2 spec_store_bypass l1tf mds swapgs
bogomips	: 4389.68
clflush size	: 64
cache_alignment	: 64
address sizes	: 44 bits physical, 48 bits virtual
power management:

processor	: 6
vendor_id	: GenuineIntel
cpu family	: 6
model		: 85
model name	: Intel(R) Xeon(R) Silver 4114 CPU @ 2.20GHz
stepping	: 4
microcode	: 0xffffffff
cpu MHz		: 2194.844
cache size	: 14080 KB
physical id	: 0
siblings	: 8
core id		: 3
cpu cores	: 4
apicid		: 6
initial apicid	: 6
fpu		: yes
fpu_exception	: yes
cpuid level	: 21
wp		: yes
flags		: fpu vme de pse tsc msr pae mce cx8 apic sep mtrr pge mca cmov pat pse36 clflush mmx fxsr sse sse2 ss ht syscall nx pdpe1gb rdtscp lm constant_tsc rep_good nopl xtopology cpuid pni pclmulqdq ssse3 fma cx16 pcid sse4_1 sse4_2 movbe popcnt aes xsave avx f16c rdrand hypervisor lahf_lm abm 3dnowprefetch invpcid_single pti ssbd ibrs ibpb stibp fsgsbase bmi1 hle avx2 smep bmi2 erms invpcid rtm mpx avx512f avx512dq rdseed adx smap clflushopt clwb avx512cd avx512bw avx512vl xsaveopt xsavec xgetbv1 xsaves flush_l1d arch_capabilities
bugs		: cpu_meltdown spectre_v1 spectre_v2 spec_store_bypass l1tf mds swapgs
bogomips	: 4389.68
clflush size	: 64
cache_alignment	: 64
address sizes	: 44 bits physical, 48 bits virtual
power management:

processor	: 7
vendor_id	: GenuineIntel
cpu family	: 6
model		: 85
model name	: Intel(R) Xeon(R) Silver 4114 CPU @ 2.20GHz
stepping	: 4
microcode	: 0xffffffff
cpu MHz		: 2194.844
cache size	: 14080 KB
physical id	: 0
siblings	: 8
core id		: 3
cpu cores	: 4
apicid		: 7
initial apicid	: 7
fpu		: yes
fpu_exception	: yes
cpuid level	: 21
wp		: yes
flags		: fpu vme de pse tsc msr pae mce cx8 apic sep mtrr pge mca cmov pat pse36 clflush mmx fxsr sse sse2 ss ht syscall nx pdpe1gb rdtscp lm constant_tsc rep_good nopl xtopology cpuid pni pclmulqdq ssse3 fma cx16 pcid sse4_1 sse4_2 movbe popcnt aes xsave avx f16c rdrand hypervisor lahf_lm abm 3dnowprefetch invpcid_single pti ssbd ibrs ibpb stibp fsgsbase bmi1 hle avx2 smep bmi2 erms invpcid rtm mpx avx512f avx512dq rdseed adx smap clflushopt clwb avx512cd avx512bw avx512vl xsaveopt xsavec xgetbv1 xsaves flush_l1d arch_capabilities
bugs		: cpu_meltdown spectre_v1 spectre_v2 spec_store_bypass l1tf mds swapgs
bogomips	: 4389.68
clflush size	: 64
cache_alignment	: 64
address sizes	: 44 bits physical, 48 bits virtual
power management:



Memory: 4k page, physical 8141092k(99740k free), swap 2097148k(40k free)

vm_info: OpenJDK 64-Bit Server VM (25.222-b10) for linux-amd64 JRE (1.8.0_222-8u222-b10-1ubuntu1~18.04.1-b10), built on Jul 18 2019 18:52:48 by "buildd" with gcc 7.4.0

time: Mon Nov 18 17:52:20 2019
timezone: MST
elapsed time: 457025 seconds (5d 6h 57m 5s)

