#
# There is insufficient memory for the Java Runtime Environment to continue.
# Native memory allocation (mmap) failed to map 109576192 bytes for committing reserved memory.
# Possible reasons:
#   The system is out of physical RAM or swap space
#   The process is running with CompressedOops enabled, and the Java Heap may be blocking the growth of the native heap
# Possible solutions:
#   Reduce memory load on the system
#   Increase physical memory or swap space
#   Check if swap backing store is full
#   Decrease Java heap size (-Xmx/-Xms)
#   Decrease number of Java threads
#   Decrease Java thread stack sizes (-Xss)
#   Set larger code cache with -XX:ReservedCodeCacheSize=
#   JVM is running with Unscaled Compressed Oops mode in which the Java heap is
#     placed in the first 4GB address space. The Java Heap base address is the
#     maximum limit for the native heap growth. Please use -XX:HeapBaseMinAddress
#     to set the Java Heap base and to place the Java Heap above 4GB virtual address.
# This output file may be truncated or incomplete.
#
#  Out of Memory Error (os_linux.cpp:2757), pid=38820, tid=0x00007f7589281700
#
# JRE version: OpenJDK Runtime Environment (8.0_242-b08) (build 1.8.0_242-8u242-b08-0ubuntu3~18.04-b08)
# Java VM: OpenJDK 64-Bit Server VM (25.242-b08 mixed mode linux-amd64 compressed oops)
# Failed to write core dump. Core dumps have been disabled. To enable core dumping, try "ulimit -c unlimited" before starting Java again
#

---------------  T H R E A D  ---------------

Current thread (0x00007f75a0081000):  VMThread [stack: 0x00007f7589182000,0x00007f7589282000] [id=38830]

Stack: [0x00007f7589182000,0x00007f7589282000],  sp=0x00007f7589280460,  free space=1017k
Native frames: (J=compiled Java code, j=interpreted, Vv=VM code, C=native code)
V  [libjvm.so+0xabba52]
V  [libjvm.so+0x4de2e7]
V  [libjvm.so+0x8f59f0]
V  [libjvm.so+0x8ecabe]
V  [libjvm.so+0x970456]
V  [libjvm.so+0x95f0ba]
V  [libjvm.so+0x95f288]
V  [libjvm.so+0x95fe90]
V  [libjvm.so+0x96624c]
V  [libjvm.so+0x96e325]
V  [libjvm.so+0x91cc28]
V  [libjvm.so+0xabd792]
V  [libjvm.so+0xac2336]
V  [libjvm.so+0xac0635]
V  [libjvm.so+0xac0f0d]
V  [libjvm.so+0xac1318]
V  [libjvm.so+0x8f2d82]

VM_Operation (0x00007f756abf6740): ParallelGCFailedAllocation, mode: safepoint, requested by thread 0x00007f74f80b5000


---------------  P R O C E S S  ---------------

Java Threads: ( => current thread )
  0x00007f74f80b6800 JavaThread "Thread-137" daemon [_thread_blocked, id=42494, stack(0x00007f7568ad7000,0x00007f7568bd8000)]
  0x00007f74f80b5800 JavaThread "Thread-136" daemon [_thread_blocked, id=42493, stack(0x00007f75690dd000,0x00007f75691de000)]
  0x00007f74f80b5000 JavaThread "Thread-135" daemon [_thread_blocked, id=42492, stack(0x00007f756aaf7000,0x00007f756abf8000)]
  0x00007f74f80b4000 JavaThread "Thread-134" daemon [_thread_blocked, id=42491, stack(0x00007f756a3f0000,0x00007f756a4f1000)]
  0x00007f74f80ad000 JavaThread "Thread-133" daemon [_thread_blocked, id=42490, stack(0x00007f75699e6000,0x00007f7569ae7000)]
  0x00007f74f80ac800 JavaThread "Thread-132" daemon [_thread_blocked, id=42489, stack(0x00007f7568bd8000,0x00007f7568cd9000)]
  0x00007f74f80ab800 JavaThread "Thread-131" daemon [_thread_blocked, id=42488, stack(0x00007f7569dea000,0x00007f7569eeb000)]
  0x00007f74f80af800 JavaThread "Thread-130" daemon [_thread_blocked, id=42487, stack(0x00007f7569eeb000,0x00007f7569fec000)]
  0x00007f7518006000 JavaThread "FJ-116-15" daemon [_thread_blocked, id=38902, stack(0x00007f7569ce9000,0x00007f7569dea000)]
  0x00007f74ac005800 JavaThread "FJ-117-13" daemon [_thread_blocked, id=38901, stack(0x00007f75682cf000,0x00007f75683d0000)]
  0x00007f74ac002800 JavaThread "FJ-2-53" daemon [_thread_blocked, id=38888, stack(0x00007f7568fdc000,0x00007f75690dd000)]
  0x00007f74d0003000 JavaThread "FJ-3-5" daemon [_thread_blocked, id=38877, stack(0x00007f7569ae7000,0x00007f7569be8000)]
  0x00007f74cc006000 JavaThread "FJ-4-15" daemon [_thread_blocked, id=38863, stack(0x00007f756a8f5000,0x00007f756a9f6000)]
  0x00007f74e40e3800 JavaThread "FJ-1-13" daemon [_thread_blocked, id=38857, stack(0x00007f756adfa000,0x00007f756aefb000)]
  0x00007f75a000b800 JavaThread "DestroyJavaVM" [_thread_blocked, id=38821, stack(0x00007f75a743b000,0x00007f75a753b000)]
  0x00007f74fc001800 JavaThread "FJ-126-15" daemon [_thread_blocked, id=38854, stack(0x00007f756b8fd000,0x00007f756b9fe000)]
  0x00007f75a0471000 JavaThread "ClientDisconnectCheckThread" daemon [_thread_blocked, id=38853, stack(0x00007f756bdfe000,0x00007f756beff000)]
  0x00007f75a0461800 JavaThread "Heartbeat" daemon [_thread_blocked, id=38852, stack(0x00007f756beff000,0x00007f756c000000)]
  0x00007f75a045f000 JavaThread "TCP-Accept" [_thread_in_native, id=38851, stack(0x00007f757008d000,0x00007f757018e000)]
  0x00007f75a045c000 JavaThread "MemCleaner" daemon [_thread_blocked, id=38850, stack(0x00007f757018e000,0x00007f757028f000)]
  0x00007f75a0456800 JavaThread "Multi-UDP-R" [_thread_in_native, id=38849, stack(0x00007f757028f000,0x00007f7570390000)]
  0x00007f75a03d0000 JavaThread "FailedNodeWatchdogThread" daemon [_thread_blocked, id=38848, stack(0x00007f7570590000,0x00007f7570691000)]
  0x00007f75a03b6000 JavaThread "qtp13329486-19 Acceptor0 SocketConnector@127.0.0.1:54343" [_thread_in_native, id=38847, stack(0x00007f7570691000,0x00007f7570792000)]
  0x00007f75a03b4000 JavaThread "qtp13329486-18" [_thread_blocked, id=38846, stack(0x00007f7570792000,0x00007f7570893000)]
  0x00007f75a03b2800 JavaThread "qtp13329486-17" [_thread_blocked, id=38845, stack(0x00007f7570893000,0x00007f7570994000)]
  0x00007f75a03b0800 JavaThread "qtp13329486-16" [_thread_blocked, id=38844, stack(0x00007f7570994000,0x00007f7570a95000)]
  0x00007f75a03af000 JavaThread "qtp13329486-15" [_thread_blocked, id=38843, stack(0x00007f7570a95000,0x00007f7570b96000)]
  0x00007f75a03ad000 JavaThread "qtp13329486-14" [_thread_blocked, id=38842, stack(0x00007f7570b96000,0x00007f7570c97000)]
  0x00007f75a03ab800 JavaThread "qtp13329486-13" [_thread_blocked, id=38841, stack(0x00007f7570c97000,0x00007f7570d98000)]
  0x00007f75a03a8000 JavaThread "qtp13329486-12" [_thread_blocked, id=38840, stack(0x00007f7570d98000,0x00007f7570e99000)]
  0x00007f75a00cb800 JavaThread "Service Thread" daemon [_thread_blocked, id=38838, stack(0x00007f757beff000,0x00007f757c000000)]
  0x00007f75a00c8000 JavaThread "C1 CompilerThread3" daemon [_thread_blocked, id=38837, stack(0x00007f75880ac000,0x00007f75881ac000)]
  0x00007f75a00c6000 JavaThread "C2 CompilerThread2" daemon [_thread_blocked, id=38836, stack(0x00007f75881ad000,0x00007f75882ad000)]
  0x00007f75a00c4000 JavaThread "C2 CompilerThread1" daemon [_thread_blocked, id=38835, stack(0x00007f75882ae000,0x00007f75883ae000)]
  0x00007f75a00c1800 JavaThread "C2 CompilerThread0" daemon [_thread_blocked, id=38834, stack(0x00007f75883af000,0x00007f75884af000)]
  0x00007f75a00c0000 JavaThread "Signal Dispatcher" daemon [_thread_blocked, id=38833, stack(0x00007f75884af000,0x00007f75885b0000)]
  0x00007f75a008f800 JavaThread "Finalizer" daemon [_thread_blocked, id=38832, stack(0x00007f7588f7f000,0x00007f7589080000)]
  0x00007f75a008b000 JavaThread "Reference Handler" daemon [_thread_blocked, id=38831, stack(0x00007f7589080000,0x00007f7589181000)]

Other Threads:
=>0x00007f75a0081000 VMThread [stack: 0x00007f7589182000,0x00007f7589282000] [id=38830]
  0x00007f75a00ce000 WatcherThread [stack: 0x00007f757bdff000,0x00007f757beff000] [id=38839]

VM state:at safepoint (normal execution)

VM Mutex/Monitor currently owned by a thread:  ([mutex/lock_event])
[0x00007f75a00074e0] ExpandHeap_lock - owner thread: 0x00007f75a0081000
[0x00007f75a0007b60] Threads_lock - owner thread: 0x00007f75a0081000
[0x00007f75a0008060] Heap_lock - owner thread: 0x00007f74f80b5000

heap address: 0x0000000083c00000, size: 1988 MB, Compressed Oops mode: 32-bit
Narrow klass base: 0x0000000000000000, Narrow klass shift: 3
Compressed class space size: 1073741824 Address: 0x0000000100000000

Heap:
 PSYoungGen      total 432128K, used 0K [0x00000000d6980000, 0x00000000f3d00000, 0x0000000100000000)
  eden space 413184K, 0% used [0x00000000d6980000,0x00000000d6980000,0x00000000efd00000)
  from space 18944K, 0% used [0x00000000efd00000,0x00000000efd00000,0x00000000f0f80000)
  to   space 18432K, 0% used [0x00000000f2b00000,0x00000000f2b00000,0x00000000f3d00000)
 ParOldGen       total 731648K, used 297359K [0x0000000083c00000, 0x00000000b0680000, 0x00000000d6980000)
  object space 731648K, 40% used [0x0000000083c00000,0x0000000095e63c80,0x00000000b0680000)
 Metaspace       used 28831K, capacity 29083K, committed 29440K, reserved 1075200K
  class space    used 3382K, capacity 3464K, committed 3584K, reserved 1048576K

Card table byte_map: [0x00007f7590442000,0x00007f7590825000] byte_map_base: 0x00007f7590024000

Marking Bits: (ParMarkBitMap*) 0x00007f75a66cf3e0
 Begin Bits: [0x00007f758bc84000, 0x00007f758db94000)
 End Bits:   [0x00007f758db94000, 0x00007f758faa4000)

Polling page: 0x00007f75a7550000

CodeCache: size=245760Kb used=13170Kb max_used=13375Kb free=232589Kb
 bounds [0x00007f7590be5000, 0x00007f7591925000, 0x00007f759fbe5000]
 total_blobs=4167 nmethods=3605 adapters=475
 compilation: enabled

Compilation events (10 events):
Event: 2141.967 Thread 0x00007f75a00c8000 4607       3       java.util.LinkedList$ListItr::<init> (47 bytes)
Event: 2141.967 Thread 0x00007f75a00c8000 nmethod 4607 0x00007f75912c25d0 code [0x00007f75912c2740, 0x00007f75912c29e8]
Event: 2146.972 Thread 0x00007f75a00c8000 4609       3       java.net.InetAddress::cacheInitIfNeeded (76 bytes)
Event: 2146.984 Thread 0x00007f75a00c8000 nmethod 4609 0x00007f7590fe3b50 code [0x00007f7590fe3d40, 0x00007f7590fe47b8]
Event: 2162.015 Thread 0x00007f75a00c6000 4610   !   4       water.H2O::submitTask (152 bytes)
Event: 2163.223 Thread 0x00007f75a00c6000 nmethod 4610 0x00007f75912f6f10 code [0x00007f75912f7180, 0x00007f75912f80d0]
Event: 2251.349 Thread 0x00007f75a00c8000 4611   !   3       java.util.concurrent.locks.AbstractQueuedSynchronizer::acquireQueued (93 bytes)
Event: 2251.368 Thread 0x00007f75a00c8000 nmethod 4611 0x00007f75915e8190 code [0x00007f75915e83c0, 0x00007f75915e8eb8]
Event: 2297.461 Thread 0x00007f75a00c8000 4612   !   3       java.net.InetAddress::cacheAddresses (52 bytes)
Event: 2297.474 Thread 0x00007f75a00c8000 nmethod 4612 0x00007f7591184110 code [0x00007f75911842e0, 0x00007f75911849f8]

GC Heap History (10 events):
Event: 1518.360 GC heap after
Heap after GC invocations=19 (full 5):
 PSYoungGen      total 386048K, used 288K [0x00000000d6980000, 0x00000000eff80000, 0x0000000100000000)
  eden space 375808K, 0% used [0x00000000d6980000,0x00000000d6980000,0x00000000ed880000)
  from space 10240K, 2% used [0x00000000ef580000,0x00000000ef5c8000,0x00000000eff80000)
  to   space 19968K, 0% used [0x00000000ed880000,0x00000000ed880000,0x00000000eec00000)
 ParOldGen       total 538624K, used 297359K [0x0000000083c00000, 0x00000000a4a00000, 0x00000000d6980000)
  object space 538624K, 55% used [0x0000000083c00000,0x0000000095e63ed0,0x00000000a4a00000)
 Metaspace       used 28835K, capacity 29061K, committed 29440K, reserved 1075200K
  class space    used 3388K, capacity 3475K, committed 3584K, reserved 1048576K
}
Event: 1728.946 GC heap before
{Heap before GC invocations=20 (full 5):
 PSYoungGen      total 386048K, used 376096K [0x00000000d6980000, 0x00000000eff80000, 0x0000000100000000)
  eden space 375808K, 100% used [0x00000000d6980000,0x00000000ed880000,0x00000000ed880000)
  from space 10240K, 2% used [0x00000000ef580000,0x00000000ef5c8000,0x00000000eff80000)
  to   space 19968K, 0% used [0x00000000ed880000,0x00000000ed880000,0x00000000eec00000)
 ParOldGen       total 538624K, used 297359K [0x0000000083c00000, 0x00000000a4a00000, 0x00000000d6980000)
  object space 538624K, 55% used [0x0000000083c00000,0x0000000095e63ed0,0x00000000a4a00000)
 Metaspace       used 28837K, capacity 29061K, committed 29440K, reserved 1075200K
  class space    used 3388K, capacity 3475K, committed 3584K, reserved 1048576K
Event: 1732.493 GC heap after
Heap after GC invocations=20 (full 5):
 PSYoungGen      total 395776K, used 352K [0x00000000d6980000, 0x00000000f2280000, 0x0000000100000000)
  eden space 375808K, 0% used [0x00000000d6980000,0x00000000d6980000,0x00000000ed880000)
  from space 19968K, 1% used [0x00000000ed880000,0x00000000ed8d8000,0x00000000eec00000)
  to   space 19456K, 0% used [0x00000000f0f80000,0x00000000f0f80000,0x00000000f2280000)
 ParOldGen       total 538624K, used 375492K [0x0000000083c00000, 0x00000000a4a00000, 0x00000000d6980000)
  object space 538624K, 69% used [0x0000000083c00000,0x000000009aab12f0,0x00000000a4a00000)
 Metaspace       used 28837K, capacity 29061K, committed 29440K, reserved 1075200K
  class space    used 3388K, capacity 3475K, committed 3584K, reserved 1048576K
}
Event: 2040.175 GC heap before
{Heap before GC invocations=21 (full 5):
 PSYoungGen      total 395776K, used 363367K [0x00000000d6980000, 0x00000000f2280000, 0x0000000100000000)
  eden space 375808K, 96% used [0x00000000d6980000,0x00000000ecc01d60,0x00000000ed880000)
  from space 19968K, 1% used [0x00000000ed880000,0x00000000ed8d8000,0x00000000eec00000)
  to   space 19456K, 0% used [0x00000000f0f80000,0x00000000f0f80000,0x00000000f2280000)
 ParOldGen       total 538624K, used 375492K [0x0000000083c00000, 0x00000000a4a00000, 0x00000000d6980000)
  object space 538624K, 69% used [0x0000000083c00000,0x000000009aab12f0,0x00000000a4a00000)
 Metaspace       used 28848K, capacity 29125K, committed 29440K, reserved 1075200K
  class space    used 3388K, capacity 3475K, committed 3584K, reserved 1048576K
Event: 2051.020 GC heap after
Heap after GC invocations=21 (full 5):
 PSYoungGen      total 432640K, used 384K [0x00000000d6980000, 0x00000000f2480000, 0x0000000100000000)
  eden space 413184K, 0% used [0x00000000d6980000,0x00000000d6980000,0x00000000efd00000)
  from space 19456K, 1% used [0x00000000f0f80000,0x00000000f0fe0000,0x00000000f2280000)
  to   space 18944K, 0% used [0x00000000efd00000,0x00000000efd00000,0x00000000f0f80000)
 ParOldGen       total 656896K, used 648938K [0x0000000083c00000, 0x00000000abd80000, 0x00000000d6980000)
  object space 656896K, 98% used [0x0000000083c00000,0x00000000ab5ba960,0x00000000abd80000)
 Metaspace       used 28848K, capacity 29125K, committed 29440K, reserved 1075200K
  class space    used 3388K, capacity 3475K, committed 3584K, reserved 1048576K
}
Event: 2051.040 GC heap before
{Heap before GC invocations=22 (full 6):
 PSYoungGen      total 432640K, used 384K [0x00000000d6980000, 0x00000000f2480000, 0x0000000100000000)
  eden space 413184K, 0% used [0x00000000d6980000,0x00000000d6980000,0x00000000efd00000)
  from space 19456K, 1% used [0x00000000f0f80000,0x00000000f0fe0000,0x00000000f2280000)
  to   space 18944K, 0% used [0x00000000efd00000,0x00000000efd00000,0x00000000f0f80000)
 ParOldGen       total 656896K, used 648938K [0x0000000083c00000, 0x00000000abd80000, 0x00000000d6980000)
  object space 656896K, 98% used [0x0000000083c00000,0x00000000ab5ba960,0x00000000abd80000)
 Metaspace       used 28848K, capacity 29125K, committed 29440K, reserved 1075200K
  class space    used 3388K, capacity 3475K, committed 3584K, reserved 1048576K
Event: 2069.403 GC heap after
Heap after GC invocations=22 (full 6):
 PSYoungGen      total 432640K, used 0K [0x00000000d6980000, 0x00000000f2480000, 0x0000000100000000)
  eden space 413184K, 0% used [0x00000000d6980000,0x00000000d6980000,0x00000000efd00000)
  from space 19456K, 0% used [0x00000000f0f80000,0x00000000f0f80000,0x00000000f2280000)
  to   space 18944K, 0% used [0x00000000efd00000,0x00000000efd00000,0x00000000f0f80000)
 ParOldGen       total 731648K, used 297359K [0x0000000083c00000, 0x00000000b0680000, 0x00000000d6980000)
  object space 731648K, 40% used [0x0000000083c00000,0x0000000095e63c38,0x00000000b0680000)
 Metaspace       used 28827K, capacity 29083K, committed 29440K, reserved 1075200K
  class space    used 3382K, capacity 3464K, committed 3584K, reserved 1048576K
}
Event: 2380.037 GC heap before
{Heap before GC invocations=23 (full 6):
 PSYoungGen      total 432640K, used 400699K [0x00000000d6980000, 0x00000000f2480000, 0x0000000100000000)
  eden space 413184K, 96% used [0x00000000d6980000,0x00000000ef0cecf0,0x00000000efd00000)
  from space 19456K, 0% used [0x00000000f0f80000,0x00000000f0f80000,0x00000000f2280000)
  to   space 18944K, 0% used [0x00000000efd00000,0x00000000efd00000,0x00000000f0f80000)
 ParOldGen       total 731648K, used 297359K [0x0000000083c00000, 0x00000000b0680000, 0x00000000d6980000)
  object space 731648K, 40% used [0x0000000083c00000,0x0000000095e63c38,0x00000000b0680000)
 Metaspace       used 28831K, capacity 29083K, committed 29440K, reserved 1075200K
  class space    used 3382K, capacity 3464K, committed 3584K, reserved 1048576K
Event: 2380.272 GC heap after
Heap after GC invocations=23 (full 6):
 PSYoungGen      total 432128K, used 416K [0x00000000d6980000, 0x00000000f3d00000, 0x0000000100000000)
  eden space 413184K, 0% used [0x00000000d6980000,0x00000000d6980000,0x00000000efd00000)
  from space 18944K, 2% used [0x00000000efd00000,0x00000000efd68000,0x00000000f0f80000)
  to   space 18432K, 0% used [0x00000000f2b00000,0x00000000f2b00000,0x00000000f3d00000)
 ParOldGen       total 731648K, used 570796K [0x0000000083c00000, 0x00000000b0680000, 0x00000000d6980000)
  object space 731648K, 78% used [0x0000000083c00000,0x00000000a696b2a8,0x00000000b0680000)
 Metaspace       used 28831K, capacity 29083K, committed 29440K, reserved 1075200K
  class space    used 3382K, capacity 3464K, committed 3584K, reserved 1048576K
}
Event: 2380.272 GC heap before
{Heap before GC invocations=24 (full 7):
 PSYoungGen      total 432128K, used 416K [0x00000000d6980000, 0x00000000f3d00000, 0x0000000100000000)
  eden space 413184K, 0% used [0x00000000d6980000,0x00000000d6980000,0x00000000efd00000)
  from space 18944K, 2% used [0x00000000efd00000,0x00000000efd68000,0x00000000f0f80000)
  to   space 18432K, 0% used [0x00000000f2b00000,0x00000000f2b00000,0x00000000f3d00000)
 ParOldGen       total 731648K, used 570796K [0x0000000083c00000, 0x00000000b0680000, 0x00000000d6980000)
  object space 731648K, 78% used [0x0000000083c00000,0x00000000a696b2a8,0x00000000b0680000)
 Metaspace       used 28831K, capacity 29083K, committed 29440K, reserved 1075200K
  class space    used 3382K, capacity 3464K, committed 3584K, reserved 1048576K

Deoptimization events (10 events):
Event: 262.807 Thread 0x00007f74f80ab800 Uncommon trap: reason=unstable_if action=reinterpret pc=0x00007f75915e7c7c method=water.init.Linpack.dgesl([[DII[I[DI)V @ 44
Event: 262.808 Thread 0x00007f74f80ac800 Uncommon trap: reason=unstable_if action=reinterpret pc=0x00007f7591564784 method=water.init.Linpack.dgesl([[DII[I[DI)V @ 44
Event: 265.519 Thread 0x00007f74f80b5000 Uncommon trap: reason=unstable_if action=reinterpret pc=0x00007f7590e36410 method=water.init.MemoryBandwidth.run_benchmark()D @ 58
Event: 265.527 Thread 0x00007f74f80af800 Uncommon trap: reason=unstable_if action=reinterpret pc=0x00007f7590e36410 method=water.init.MemoryBandwidth.run_benchmark()D @ 58
Event: 265.528 Thread 0x00007f74f80ae000 Uncommon trap: reason=unstable_if action=reinterpret pc=0x00007f7590e36410 method=water.init.MemoryBandwidth.run_benchmark()D @ 58
Event: 265.528 Thread 0x00007f74f80ab800 Uncommon trap: reason=unstable_if action=reinterpret pc=0x00007f7590e36410 method=water.init.MemoryBandwidth.run_benchmark()D @ 58
Event: 265.529 Thread 0x00007f74f80ac800 Uncommon trap: reason=unstable_if action=reinterpret pc=0x00007f7590e36410 method=water.init.MemoryBandwidth.run_benchmark()D @ 58
Event: 265.534 Thread 0x00007f74f80b4000 Uncommon trap: reason=unstable_if action=reinterpret pc=0x00007f7590e36410 method=water.init.MemoryBandwidth.run_benchmark()D @ 58
Event: 265.534 Thread 0x00007f74f80ad000 Uncommon trap: reason=unstable_if action=reinterpret pc=0x00007f7590e36410 method=water.init.MemoryBandwidth.run_benchmark()D @ 58
Event: 265.564 Thread 0x00007f74f80b5800 Uncommon trap: reason=unstable_if action=reinterpret pc=0x00007f7590e36410 method=water.init.MemoryBandwidth.run_benchmark()D @ 58

Classes redefined (0 events):
No events

Internal exceptions (10 events):
Event: 2368.610 Thread 0x00007f75a0461800 Exception <a 'java/io/IOException'> (0x00000000dda3a470) thrown at [/build/openjdk-8-58sEEn/openjdk-8-8u242-b08/src/hotspot/src/share/vm/prims/jni.cpp, line 710]
Event: 2369.611 Thread 0x00007f75a0461800 Exception <a 'java/io/IOException'> (0x00000000dda58e40) thrown at [/build/openjdk-8-58sEEn/openjdk-8-8u242-b08/src/hotspot/src/share/vm/prims/jni.cpp, line 710]
Event: 2369.611 Thread 0x00007f75a0461800 Exception <a 'java/io/IOException'> (0x00000000dda5d008) thrown at [/build/openjdk-8-58sEEn/openjdk-8-8u242-b08/src/hotspot/src/share/vm/prims/jni.cpp, line 710]
Event: 2369.611 Thread 0x00007f75a0461800 Exception <a 'java/io/IOException'> (0x00000000dda79c20) thrown at [/build/openjdk-8-58sEEn/openjdk-8-8u242-b08/src/hotspot/src/share/vm/prims/jni.cpp, line 710]
Event: 2370.612 Thread 0x00007f75a0461800 Exception <a 'java/io/IOException'> (0x00000000dda985f0) thrown at [/build/openjdk-8-58sEEn/openjdk-8-8u242-b08/src/hotspot/src/share/vm/prims/jni.cpp, line 710]
Event: 2370.612 Thread 0x00007f75a0461800 Exception <a 'java/io/IOException'> (0x00000000ddaa47c8) thrown at [/build/openjdk-8-58sEEn/openjdk-8-8u242-b08/src/hotspot/src/share/vm/prims/jni.cpp, line 710]
Event: 2370.612 Thread 0x00007f75a0461800 Exception <a 'java/io/IOException'> (0x00000000ddaafdc0) thrown at [/build/openjdk-8-58sEEn/openjdk-8-8u242-b08/src/hotspot/src/share/vm/prims/jni.cpp, line 710]
Event: 2371.613 Thread 0x00007f75a0461800 Exception <a 'java/io/IOException'> (0x00000000ddace790) thrown at [/build/openjdk-8-58sEEn/openjdk-8-8u242-b08/src/hotspot/src/share/vm/prims/jni.cpp, line 710]
Event: 2371.613 Thread 0x00007f75a0461800 Exception <a 'java/io/IOException'> (0x00000000ddada968) thrown at [/build/openjdk-8-58sEEn/openjdk-8-8u242-b08/src/hotspot/src/share/vm/prims/jni.cpp, line 710]
Event: 2371.613 Thread 0x00007f75a0461800 Exception <a 'java/io/IOException'> (0x00000000ddae5f60) thrown at [/build/openjdk-8-58sEEn/openjdk-8-8u242-b08/src/hotspot/src/share/vm/prims/jni.cpp, line 710]

Events (10 events):
Event: 2372.683 Thread 0x00007f74f80ab800 Thread exited: 0x00007f74f80ab800
Event: 2372.683 Thread 0x00007f74f80af800 Thread added: 0x00007f74f80af800
Event: 2372.683 Thread 0x00007f74f80ab800 Thread added: 0x00007f74f80ab800
Event: 2372.684 Thread 0x00007f74f80ac800 Thread added: 0x00007f74f80ac800
Event: 2372.684 Thread 0x00007f74f80ad000 Thread added: 0x00007f74f80ad000
Event: 2372.684 Thread 0x00007f74f80b4000 Thread added: 0x00007f74f80b4000
Event: 2372.684 Thread 0x00007f74f80b5000 Thread added: 0x00007f74f80b5000
Event: 2372.684 Thread 0x00007f74f80b5800 Thread added: 0x00007f74f80b5800
Event: 2372.684 Thread 0x00007f74f80b6800 Thread added: 0x00007f74f80b6800
Event: 2372.686 Executing VM operation: ParallelGCFailedAllocation


Dynamic libraries:
83c00000-b0680000 rw-p 00000000 00:00 0 
b6f00000-d6980000 ---p 00000000 00:00 0 
d6980000-f3d00000 rw-p 00000000 00:00 0 
f3d00000-100000000 ---p 00000000 00:00 0 
100000000-100380000 rw-p 00000000 00:00 0 
100380000-140000000 ---p 00000000 00:00 0 
561ec03d7000-561ec03d8000 r-xp 00000000 08:01 82056302                   /usr/lib/jvm/java-8-openjdk-amd64/jre/bin/java
561ec05d7000-561ec05d8000 r--p 00000000 08:01 82056302                   /usr/lib/jvm/java-8-openjdk-amd64/jre/bin/java
561ec05d8000-561ec05d9000 rw-p 00001000 08:01 82056302                   /usr/lib/jvm/java-8-openjdk-amd64/jre/bin/java
561ec0b30000-561ec0b74000 rw-p 00000000 00:00 0                          [heap]
7f7474000000-7f7474051000 rw-p 00000000 00:00 0 
7f7474051000-7f7478000000 ---p 00000000 00:00 0 
7f747c000000-7f747c021000 rw-p 00000000 00:00 0 
7f747c021000-7f7480000000 ---p 00000000 00:00 0 
7f7480000000-7f7480021000 rw-p 00000000 00:00 0 
7f7480021000-7f7484000000 ---p 00000000 00:00 0 
7f7484000000-7f7484021000 rw-p 00000000 00:00 0 
7f7484021000-7f7488000000 ---p 00000000 00:00 0 
7f7488000000-7f7488021000 rw-p 00000000 00:00 0 
7f7488021000-7f748c000000 ---p 00000000 00:00 0 
7f748c000000-7f748c021000 rw-p 00000000 00:00 0 
7f748c021000-7f7490000000 ---p 00000000 00:00 0 
7f7490000000-7f7490021000 rw-p 00000000 00:00 0 
7f7490021000-7f7494000000 ---p 00000000 00:00 0 
7f7494000000-7f7494021000 rw-p 00000000 00:00 0 
7f7494021000-7f7498000000 ---p 00000000 00:00 0 
7f7498000000-7f7498021000 rw-p 00000000 00:00 0 
7f7498021000-7f749c000000 ---p 00000000 00:00 0 
7f749c000000-7f749c021000 rw-p 00000000 00:00 0 
7f749c021000-7f74a0000000 ---p 00000000 00:00 0 
7f74a0000000-7f74a0021000 rw-p 00000000 00:00 0 
7f74a0021000-7f74a4000000 ---p 00000000 00:00 0 
7f74a4000000-7f74a402f000 rw-p 00000000 00:00 0 
7f74a402f000-7f74a8000000 ---p 00000000 00:00 0 
7f74a8000000-7f74a8021000 rw-p 00000000 00:00 0 
7f74a8021000-7f74ac000000 ---p 00000000 00:00 0 
7f74ac000000-7f74ac021000 rw-p 00000000 00:00 0 
7f74ac021000-7f74b0000000 ---p 00000000 00:00 0 
7f74b0000000-7f74b0021000 rw-p 00000000 00:00 0 
7f74b0021000-7f74b4000000 ---p 00000000 00:00 0 
7f74b4000000-7f74b4021000 rw-p 00000000 00:00 0 
7f74b4021000-7f74b8000000 ---p 00000000 00:00 0 
7f74b8000000-7f74b8021000 rw-p 00000000 00:00 0 
7f74b8021000-7f74bc000000 ---p 00000000 00:00 0 
7f74bc000000-7f74bc021000 rw-p 00000000 00:00 0 
7f74bc021000-7f74c0000000 ---p 00000000 00:00 0 
7f74c0000000-7f74c0021000 rw-p 00000000 00:00 0 
7f74c0021000-7f74c4000000 ---p 00000000 00:00 0 
7f74c4000000-7f74c4021000 rw-p 00000000 00:00 0 
7f74c4021000-7f74c8000000 ---p 00000000 00:00 0 
7f74c8000000-7f74c8021000 rw-p 00000000 00:00 0 
7f74c8021000-7f74cc000000 ---p 00000000 00:00 0 
7f74cc000000-7f74cc021000 rw-p 00000000 00:00 0 
7f74cc021000-7f74d0000000 ---p 00000000 00:00 0 
7f74d0000000-7f74d0021000 rw-p 00000000 00:00 0 
7f74d0021000-7f74d4000000 ---p 00000000 00:00 0 
7f74d4000000-7f74d4021000 rw-p 00000000 00:00 0 
7f74d4021000-7f74d8000000 ---p 00000000 00:00 0 
7f74d8000000-7f74d8021000 rw-p 00000000 00:00 0 
7f74d8021000-7f74dc000000 ---p 00000000 00:00 0 
7f74dc000000-7f74dc021000 rw-p 00000000 00:00 0 
7f74dc021000-7f74e0000000 ---p 00000000 00:00 0 
7f74e0000000-7f74e0075000 rw-p 00000000 00:00 0 
7f74e0075000-7f74e4000000 ---p 00000000 00:00 0 
7f74e4000000-7f74e40fc000 rw-p 00000000 00:00 0 
7f74e40fc000-7f74e8000000 ---p 00000000 00:00 0 
7f74e8000000-7f74e8021000 rw-p 00000000 00:00 0 
7f74e8021000-7f74ec000000 ---p 00000000 00:00 0 
7f74ec000000-7f74ec021000 rw-p 00000000 00:00 0 
7f74ec021000-7f74f0000000 ---p 00000000 00:00 0 
7f74f0000000-7f74f0021000 rw-p 00000000 00:00 0 
7f74f0021000-7f74f4000000 ---p 00000000 00:00 0 
7f74f4000000-7f74f4021000 rw-p 00000000 00:00 0 
7f74f4021000-7f74f8000000 ---p 00000000 00:00 0 
7f74f8000000-7f74f80c0000 rw-p 00000000 00:00 0 
7f74f80c0000-7f74fc000000 ---p 00000000 00:00 0 
7f74fc000000-7f74fc021000 rw-p 00000000 00:00 0 
7f74fc021000-7f7500000000 ---p 00000000 00:00 0 
7f7500000000-7f7500021000 rw-p 00000000 00:00 0 
7f7500021000-7f7504000000 ---p 00000000 00:00 0 
7f7504000000-7f7504024000 rw-p 00000000 00:00 0 
7f7504024000-7f7508000000 ---p 00000000 00:00 0 
7f7508000000-7f7508021000 rw-p 00000000 00:00 0 
7f7508021000-7f750c000000 ---p 00000000 00:00 0 
7f750c000000-7f750c05c000 rw-p 00000000 00:00 0 
7f750c05c000-7f7510000000 ---p 00000000 00:00 0 
7f7510000000-7f7510071000 rw-p 00000000 00:00 0 
7f7510071000-7f7514000000 ---p 00000000 00:00 0 
7f7514000000-7f7514021000 rw-p 00000000 00:00 0 
7f7514021000-7f7518000000 ---p 00000000 00:00 0 
7f7518000000-7f7518021000 rw-p 00000000 00:00 0 
7f7518021000-7f751c000000 ---p 00000000 00:00 0 
7f751c000000-7f751c0bf000 rw-p 00000000 00:00 0 
7f751c0bf000-7f7520000000 ---p 00000000 00:00 0 
7f7524000000-7f7524059000 rw-p 00000000 00:00 0 
7f7524059000-7f7528000000 ---p 00000000 00:00 0 
7f7528000000-7f752805e000 rw-p 00000000 00:00 0 
7f752805e000-7f752c000000 ---p 00000000 00:00 0 
7f752c000000-7f752c021000 rw-p 00000000 00:00 0 
7f752c021000-7f7530000000 ---p 00000000 00:00 0 
7f7530000000-7f7530021000 rw-p 00000000 00:00 0 
7f7530021000-7f7534000000 ---p 00000000 00:00 0 
7f7534000000-7f7534ef1000 rw-p 00000000 00:00 0 
7f7534ef1000-7f7538000000 ---p 00000000 00:00 0 
7f7538000000-7f7538822000 rw-p 00000000 00:00 0 
7f7538822000-7f753c000000 ---p 00000000 00:00 0 
7f753c000000-7f753d231000 rw-p 00000000 00:00 0 
7f753d231000-7f7540000000 ---p 00000000 00:00 0 
7f7540000000-7f7540d0d000 rw-p 00000000 00:00 0 
7f7540d0d000-7f7544000000 ---p 00000000 00:00 0 
7f7544000000-7f7544021000 rw-p 00000000 00:00 0 
7f7544021000-7f7548000000 ---p 00000000 00:00 0 
7f7548000000-7f7548021000 rw-p 00000000 00:00 0 
7f7548021000-7f754c000000 ---p 00000000 00:00 0 
7f754c000000-7f754c08b000 rw-p 00000000 00:00 0 
7f754c08b000-7f7550000000 ---p 00000000 00:00 0 
7f7550000000-7f7550021000 rw-p 00000000 00:00 0 
7f7550021000-7f7554000000 ---p 00000000 00:00 0 
7f7554000000-7f7554021000 rw-p 00000000 00:00 0 
7f7554021000-7f7558000000 ---p 00000000 00:00 0 
7f755c000000-7f755c021000 rw-p 00000000 00:00 0 
7f755c021000-7f7560000000 ---p 00000000 00:00 0 
7f7563e00000-7f7563f40000 rw-p 00000000 00:00 0 
7f7563f40000-7f7564000000 ---p 00000000 00:00 0 
7f7564000000-7f7564021000 rw-p 00000000 00:00 0 
7f7564021000-7f7568000000 ---p 00000000 00:00 0 
7f75681ce000-7f75681d1000 ---p 00000000 00:00 0 
7f75681d1000-7f75682cf000 rw-p 00000000 00:00 0 
7f75682cf000-7f75682d2000 ---p 00000000 00:00 0 
7f75682d2000-7f75683d0000 rw-p 00000000 00:00 0 
7f75684d1000-7f75684d4000 ---p 00000000 00:00 0 
7f75684d4000-7f75685d2000 rw-p 00000000 00:00 0 
7f75685d2000-7f75685d5000 ---p 00000000 00:00 0 
7f75685d5000-7f75686d3000 rw-p 00000000 00:00 0 
7f75686d3000-7f75686d6000 ---p 00000000 00:00 0 
7f75686d6000-7f75687d4000 rw-p 00000000 00:00 0 
7f75687d4000-7f75687d7000 ---p 00000000 00:00 0 
7f75687d7000-7f75688d5000 rw-p 00000000 00:00 0 
7f75688d5000-7f75688d8000 ---p 00000000 00:00 0 
7f75688d8000-7f75689d6000 rw-p 00000000 00:00 0 
7f75689d6000-7f75689d9000 ---p 00000000 00:00 0 
7f75689d9000-7f7568ad7000 rw-p 00000000 00:00 0 
7f7568ad7000-7f7568ada000 ---p 00000000 00:00 0 
7f7568ada000-7f7568bd8000 rw-p 00000000 00:00 0 
7f7568bd8000-7f7568bdb000 ---p 00000000 00:00 0 
7f7568bdb000-7f7568cd9000 rw-p 00000000 00:00 0 
7f7568cd9000-7f7568cdc000 ---p 00000000 00:00 0 
7f7568cdc000-7f7568dda000 rw-p 00000000 00:00 0 
7f7568dda000-7f7568ddd000 ---p 00000000 00:00 0 
7f7568ddd000-7f7568edb000 rw-p 00000000 00:00 0 
7f7568edb000-7f7568ede000 ---p 00000000 00:00 0 
7f7568ede000-7f7568fdc000 rw-p 00000000 00:00 0 
7f7568fdc000-7f7568fdf000 ---p 00000000 00:00 0 
7f7568fdf000-7f75690dd000 rw-p 00000000 00:00 0 
7f75690dd000-7f75690e0000 ---p 00000000 00:00 0 
7f75690e0000-7f75691de000 rw-p 00000000 00:00 0 
7f75691de000-7f75691e1000 ---p 00000000 00:00 0 
7f75691e1000-7f75692df000 rw-p 00000000 00:00 0 
7f75692df000-7f75692e2000 ---p 00000000 00:00 0 
7f75692e2000-7f75693e0000 rw-p 00000000 00:00 0 
7f75694e1000-7f75694e4000 ---p 00000000 00:00 0 
7f75694e4000-7f75695e2000 rw-p 00000000 00:00 0 
7f75695e2000-7f75695e5000 ---p 00000000 00:00 0 
7f75695e5000-7f75696e3000 rw-p 00000000 00:00 0 
7f75696e3000-7f75696e6000 ---p 00000000 00:00 0 
7f75696e6000-7f75697e4000 rw-p 00000000 00:00 0 
7f75697e4000-7f75697e7000 ---p 00000000 00:00 0 
7f75697e7000-7f75698e5000 rw-p 00000000 00:00 0 
7f75698e5000-7f75698e8000 ---p 00000000 00:00 0 
7f75698e8000-7f75699e6000 rw-p 00000000 00:00 0 
7f75699e6000-7f75699e9000 ---p 00000000 00:00 0 
7f75699e9000-7f7569ae7000 rw-p 00000000 00:00 0 
7f7569ae7000-7f7569aea000 ---p 00000000 00:00 0 
7f7569aea000-7f7569be8000 rw-p 00000000 00:00 0 
7f7569be8000-7f7569beb000 ---p 00000000 00:00 0 
7f7569beb000-7f7569ce9000 rw-p 00000000 00:00 0 
7f7569ce9000-7f7569cec000 ---p 00000000 00:00 0 
7f7569cec000-7f7569dea000 rw-p 00000000 00:00 0 
7f7569dea000-7f7569ded000 ---p 00000000 00:00 0 
7f7569ded000-7f7569eeb000 rw-p 00000000 00:00 0 
7f7569eeb000-7f7569eee000 ---p 00000000 00:00 0 
7f7569eee000-7f7569fec000 rw-p 00000000 00:00 0 
7f7569fec000-7f7569fef000 ---p 00000000 00:00 0 
7f7569fef000-7f756a0ed000 rw-p 00000000 00:00 0 
7f756a0ed000-7f756a0f0000 ---p 00000000 00:00 0 
7f756a0f0000-7f756a1ee000 rw-p 00000000 00:00 0 
7f756a1ee000-7f756a1f1000 ---p 00000000 00:00 0 
7f756a1f1000-7f756a2ef000 rw-p 00000000 00:00 0 
7f756a2ef000-7f756a2f2000 ---p 00000000 00:00 0 
7f756a2f2000-7f756a3f0000 rw-p 00000000 00:00 0 
7f756a3f0000-7f756a3f3000 ---p 00000000 00:00 0 
7f756a3f3000-7f756a4f1000 rw-p 00000000 00:00 0 
7f756a4f1000-7f756a4f4000 ---p 00000000 00:00 0 
7f756a4f4000-7f756a5f2000 rw-p 00000000 00:00 0 
7f756a5f2000-7f756a5f5000 ---p 00000000 00:00 0 
7f756a5f5000-7f756a6f3000 rw-p 00000000 00:00 0 
7f756a6f3000-7f756a6f6000 ---p 00000000 00:00 0 
7f756a6f6000-7f756a7f4000 rw-p 00000000 00:00 0 
7f756a7f4000-7f756a7f7000 ---p 00000000 00:00 0 
7f756a7f7000-7f756a8f5000 rw-p 00000000 00:00 0 
7f756a8f5000-7f756a8f8000 ---p 00000000 00:00 0 
7f756a8f8000-7f756a9f6000 rw-p 00000000 00:00 0 
7f756a9f6000-7f756a9f9000 ---p 00000000 00:00 0 
7f756a9f9000-7f756aaf7000 rw-p 00000000 00:00 0 
7f756aaf7000-7f756aafa000 ---p 00000000 00:00 0 
7f756aafa000-7f756abf8000 rw-p 00000000 00:00 0 
7f756abf8000-7f756abfb000 ---p 00000000 00:00 0 
7f756abfb000-7f756acf9000 rw-p 00000000 00:00 0 
7f756acf9000-7f756acfc000 ---p 00000000 00:00 0 
7f756acfc000-7f756adfa000 rw-p 00000000 00:00 0 
7f756adfa000-7f756adfd000 ---p 00000000 00:00 0 
7f756adfd000-7f756aefb000 rw-p 00000000 00:00 0 
7f756aefb000-7f756aefe000 ---p 00000000 00:00 0 
7f756aefe000-7f756b1fc000 rw-p 00000000 00:00 0 
7f756b1fc000-7f756b3fc000 rw-p 00000000 00:00 0 
7f756b3fc000-7f756b3ff000 ---p 00000000 00:00 0 
7f756b3ff000-7f756b6fd000 rw-p 00000000 00:00 0 
7f756b6fd000-7f756b8fd000 rw-p 00000000 00:00 0 
7f756b8fd000-7f756b900000 ---p 00000000 00:00 0 
7f756b900000-7f756bbfe000 rw-p 00000000 00:00 0 
7f756bbfe000-7f756bdfe000 rw-p 00000000 00:00 0 
7f756bdfe000-7f756be01000 ---p 00000000 00:00 0 
7f756be01000-7f756beff000 rw-p 00000000 00:00 0 
7f756beff000-7f756bf02000 ---p 00000000 00:00 0 
7f756bf02000-7f756c000000 rw-p 00000000 00:00 0 
7f756c000000-7f756c021000 rw-p 00000000 00:00 0 
7f756c021000-7f7570000000 ---p 00000000 00:00 0 
7f757008d000-7f7570090000 ---p 00000000 00:00 0 
7f7570090000-7f757018e000 rw-p 00000000 00:00 0 
7f757018e000-7f7570191000 ---p 00000000 00:00 0 
7f7570191000-7f757028f000 rw-p 00000000 00:00 0 
7f757028f000-7f7570292000 ---p 00000000 00:00 0 
7f7570292000-7f7570590000 rw-p 00000000 00:00 0 
7f7570590000-7f7570593000 ---p 00000000 00:00 0 
7f7570593000-7f7570691000 rw-p 00000000 00:00 0 
7f7570691000-7f7570694000 ---p 00000000 00:00 0 
7f7570694000-7f7570792000 rw-p 00000000 00:00 0 
7f7570792000-7f7570795000 ---p 00000000 00:00 0 
7f7570795000-7f7570893000 rw-p 00000000 00:00 0 
7f7570893000-7f7570896000 ---p 00000000 00:00 0 
7f7570896000-7f7570994000 rw-p 00000000 00:00 0 
7f7570994000-7f7570997000 ---p 00000000 00:00 0 
7f7570997000-7f7570a95000 rw-p 00000000 00:00 0 
7f7570a95000-7f7570a98000 ---p 00000000 00:00 0 
7f7570a98000-7f7570b96000 rw-p 00000000 00:00 0 
7f7570b96000-7f7570b99000 ---p 00000000 00:00 0 
7f7570b99000-7f7570c97000 rw-p 00000000 00:00 0 
7f7570c97000-7f7570c9a000 ---p 00000000 00:00 0 
7f7570c9a000-7f7570d98000 rw-p 00000000 00:00 0 
7f7570d98000-7f7570d9b000 ---p 00000000 00:00 0 
7f7570d9b000-7f7570e99000 rw-p 00000000 00:00 0 
7f7570e99000-7f7570ec7000 r-xp 00000000 08:01 77070580                   /usr/lib/x86_64-linux-gnu/libgomp.so.1.0.0
7f7570ec7000-7f75710c6000 ---p 0002e000 08:01 77070580                   /usr/lib/x86_64-linux-gnu/libgomp.so.1.0.0
7f75710c6000-7f75710c7000 r--p 0002d000 08:01 77070580                   /usr/lib/x86_64-linux-gnu/libgomp.so.1.0.0
7f75710c7000-7f75710c8000 rw-p 0002e000 08:01 77070580                   /usr/lib/x86_64-linux-gnu/libgomp.so.1.0.0
7f75710c8000-7f7573deb000 r-xp 00000000 08:01 118490248                  /tmp/libxgboost4j_gpu2812652779576353940.so (deleted)
7f7573deb000-7f7573fea000 ---p 02d23000 08:01 118490248                  /tmp/libxgboost4j_gpu2812652779576353940.so (deleted)
7f7573fea000-7f7573ffd000 rw-p 02d22000 08:01 118490248                  /tmp/libxgboost4j_gpu2812652779576353940.so (deleted)
7f7573ffd000-7f7574000000 rw-p 00000000 00:00 0 
7f7574000000-7f7574021000 rw-p 00000000 00:00 0 
7f7574021000-7f7578000000 ---p 00000000 00:00 0 
7f7578018000-7f7578218000 rw-p 00000000 00:00 0 
7f7578218000-7f7578221000 r-xp 00000000 08:01 82058315                   /usr/lib/jvm/java-8-openjdk-amd64/jre/lib/amd64/libmanagement.so
7f7578221000-7f7578420000 ---p 00009000 08:01 82058315                   /usr/lib/jvm/java-8-openjdk-amd64/jre/lib/amd64/libmanagement.so
7f7578420000-7f7578421000 r--p 00008000 08:01 82058315                   /usr/lib/jvm/java-8-openjdk-amd64/jre/lib/amd64/libmanagement.so
7f7578421000-7f7578422000 rw-p 00009000 08:01 82058315                   /usr/lib/jvm/java-8-openjdk-amd64/jre/lib/amd64/libmanagement.so
7f7578422000-7f757b423000 rw-p 00000000 00:00 0 
7f757b423000-7f757b43a000 r-xp 00000000 08:01 82058319                   /usr/lib/jvm/java-8-openjdk-amd64/jre/lib/amd64/libnet.so
7f757b43a000-7f757b639000 ---p 00017000 08:01 82058319                   /usr/lib/jvm/java-8-openjdk-amd64/jre/lib/amd64/libnet.so
7f757b639000-7f757b63a000 r--p 00016000 08:01 82058319                   /usr/lib/jvm/java-8-openjdk-amd64/jre/lib/amd64/libnet.so
7f757b63a000-7f757b63b000 rw-p 00017000 08:01 82058319                   /usr/lib/jvm/java-8-openjdk-amd64/jre/lib/amd64/libnet.so
7f757b63b000-7f757b64c000 r-xp 00000000 08:01 82058321                   /usr/lib/jvm/java-8-openjdk-amd64/jre/lib/amd64/libnio.so
7f757b64c000-7f757b84c000 ---p 00011000 08:01 82058321                   /usr/lib/jvm/java-8-openjdk-amd64/jre/lib/amd64/libnio.so
7f757b84c000-7f757b84d000 r--p 00011000 08:01 82058321                   /usr/lib/jvm/java-8-openjdk-amd64/jre/lib/amd64/libnio.so
7f757b84d000-7f757b84e000 rw-p 00012000 08:01 82058321                   /usr/lib/jvm/java-8-openjdk-amd64/jre/lib/amd64/libnio.so
7f757b84e000-7f757b917000 rw-p 00000000 00:00 0 
7f757b917000-7f757bdfe000 r--s 0783c000 08:01 100796786                  /home/hajar/DataQualityTestTool/venv3/lib/python3.6/site-packages/h2o/backend/bin/h2o.jar
7f757bdfe000-7f757bdff000 ---p 00000000 00:00 0 
7f757bdff000-7f757beff000 rw-p 00000000 00:00 0 
7f757beff000-7f757bf02000 ---p 00000000 00:00 0 
7f757bf02000-7f757c000000 rw-p 00000000 00:00 0 
7f757c000000-7f757c021000 rw-p 00000000 00:00 0 
7f757c021000-7f7580000000 ---p 00000000 00:00 0 
7f7580000000-7f7580021000 rw-p 00000000 00:00 0 
7f7580021000-7f7584000000 ---p 00000000 00:00 0 
7f7584000000-7f7584021000 rw-p 00000000 00:00 0 
7f7584021000-7f7588000000 ---p 00000000 00:00 0 
7f7588062000-7f7588075000 r--s 00346000 08:01 82058389                   /usr/lib/jvm/java-8-openjdk-amd64/jre/lib/resources.jar
7f7588075000-7f7588090000 r--s 00394000 08:01 82058357                   /usr/lib/jvm/java-8-openjdk-amd64/jre/lib/ext/cldrdata.jar
7f7588090000-7f75880ab000 r--s 001d6000 08:01 82058367                   /usr/lib/jvm/java-8-openjdk-amd64/jre/lib/ext/nashorn.jar
7f75880ab000-7f75880ac000 ---p 00000000 00:00 0 
7f75880ac000-7f75880af000 ---p 00000000 00:00 0 
7f75880af000-7f75881ac000 rw-p 00000000 00:00 0 
7f75881ac000-7f75881ad000 ---p 00000000 00:00 0 
7f75881ad000-7f75881b0000 ---p 00000000 00:00 0 
7f75881b0000-7f75882ad000 rw-p 00000000 00:00 0 
7f75882ad000-7f75882ae000 ---p 00000000 00:00 0 
7f75882ae000-7f75882b1000 ---p 00000000 00:00 0 
7f75882b1000-7f75883ae000 rw-p 00000000 00:00 0 
7f75883ae000-7f75883af000 ---p 00000000 00:00 0 
7f75883af000-7f75883b2000 ---p 00000000 00:00 0 
7f75883b2000-7f75884af000 rw-p 00000000 00:00 0 
7f75884af000-7f75884b2000 ---p 00000000 00:00 0 
7f75884b2000-7f75885b0000 rw-p 00000000 00:00 0 
7f75885b0000-7f7588f7f000 r--p 00000000 08:01 77077010                   /usr/lib/locale/locale-archive
7f7588f7f000-7f7588f82000 ---p 00000000 00:00 0 
7f7588f82000-7f7589080000 rw-p 00000000 00:00 0 
7f7589080000-7f7589083000 ---p 00000000 00:00 0 
7f7589083000-7f7589181000 rw-p 00000000 00:00 0 
7f7589181000-7f7589182000 ---p 00000000 00:00 0 
7f7589182000-7f758aed2000 rw-p 00000000 00:00 0 
7f758aed2000-7f758b0a2000 r--s 03c68000 08:01 82058390                   /usr/lib/jvm/java-8-openjdk-amd64/jre/lib/rt.jar
7f758b0a2000-7f758faa4000 rw-p 00000000 00:00 0 
7f758faa4000-7f758faa5000 ---p 00000000 00:00 0 
7f758faa5000-7f758fba5000 rw-p 00000000 00:00 0 
7f758fba5000-7f758fba6000 ---p 00000000 00:00 0 
7f758fba6000-7f758fca6000 rw-p 00000000 00:00 0 
7f758fca6000-7f758fca7000 ---p 00000000 00:00 0 
7f758fca7000-7f758fda7000 rw-p 00000000 00:00 0 
7f758fda7000-7f758fda8000 ---p 00000000 00:00 0 
7f758fda8000-7f758fea8000 rw-p 00000000 00:00 0 
7f758fea8000-7f758fea9000 ---p 00000000 00:00 0 
7f758fea9000-7f758ffa9000 rw-p 00000000 00:00 0 
7f758ffa9000-7f758ffaa000 ---p 00000000 00:00 0 
7f758ffaa000-7f75900aa000 rw-p 00000000 00:00 0 
7f75900aa000-7f75900ab000 ---p 00000000 00:00 0 
7f75900ab000-7f7590311000 rw-p 00000000 00:00 0 
7f7590311000-7f7590442000 ---p 00000000 00:00 0 
7f7590442000-7f75905a8000 rw-p 00000000 00:00 0 
7f75905a8000-7f75906d8000 ---p 00000000 00:00 0 
7f75906d8000-7f75907c3000 rw-p 00000000 00:00 0 
7f75907c3000-7f7590824000 ---p 00000000 00:00 0 
7f7590824000-7f759085a000 rw-p 00000000 00:00 0 
7f759085a000-7f7590be5000 ---p 00000000 00:00 0 
7f7590be5000-7f7591925000 rwxp 00000000 00:00 0 
7f7591925000-7f759fbe5000 ---p 00000000 00:00 0 
7f759fbe5000-7f759fbed000 r-xp 00000000 08:01 82058335                   /usr/lib/jvm/java-8-openjdk-amd64/jre/lib/amd64/libzip.so
7f759fbed000-7f759fdec000 ---p 00008000 08:01 82058335                   /usr/lib/jvm/java-8-openjdk-amd64/jre/lib/amd64/libzip.so
7f759fdec000-7f759fded000 r--p 00007000 08:01 82058335                   /usr/lib/jvm/java-8-openjdk-amd64/jre/lib/amd64/libzip.so
7f759fded000-7f759fdee000 rw-p 00008000 08:01 82058335                   /usr/lib/jvm/java-8-openjdk-amd64/jre/lib/amd64/libzip.so
7f759fdee000-7f759fdf9000 r-xp 00000000 08:01 111153918                  /lib/x86_64-linux-gnu/libnss_files-2.27.so
7f759fdf9000-7f759fff8000 ---p 0000b000 08:01 111153918                  /lib/x86_64-linux-gnu/libnss_files-2.27.so
7f759fff8000-7f759fff9000 r--p 0000a000 08:01 111153918                  /lib/x86_64-linux-gnu/libnss_files-2.27.so
7f759fff9000-7f759fffa000 rw-p 0000b000 08:01 111153918                  /lib/x86_64-linux-gnu/libnss_files-2.27.so
7f759fffa000-7f75a0000000 rw-p 00000000 00:00 0 
7f75a0000000-7f75a0685000 rw-p 00000000 00:00 0 
7f75a0685000-7f75a4000000 ---p 00000000 00:00 0 
7f75a400f000-7f75a40a6000 rw-p 00000000 00:00 0 
7f75a40a6000-7f75a40a7000 ---p 00000000 00:00 0 
7f75a40a7000-7f75a41a7000 rw-p 00000000 00:00 0 
7f75a41a7000-7f75a41be000 r-xp 00000000 08:01 111153912                  /lib/x86_64-linux-gnu/libnsl-2.27.so
7f75a41be000-7f75a43bd000 ---p 00017000 08:01 111153912                  /lib/x86_64-linux-gnu/libnsl-2.27.so
7f75a43bd000-7f75a43be000 r--p 00016000 08:01 111153912                  /lib/x86_64-linux-gnu/libnsl-2.27.so
7f75a43be000-7f75a43bf000 rw-p 00017000 08:01 111153912                  /lib/x86_64-linux-gnu/libnsl-2.27.so
7f75a43bf000-7f75a43c1000 rw-p 00000000 00:00 0 
7f75a43c1000-7f75a43cc000 r-xp 00000000 08:01 111153929                  /lib/x86_64-linux-gnu/libnss_nis-2.27.so
7f75a43cc000-7f75a45cb000 ---p 0000b000 08:01 111153929                  /lib/x86_64-linux-gnu/libnss_nis-2.27.so
7f75a45cb000-7f75a45cc000 r--p 0000a000 08:01 111153929                  /lib/x86_64-linux-gnu/libnss_nis-2.27.so
7f75a45cc000-7f75a45cd000 rw-p 0000b000 08:01 111153929                  /lib/x86_64-linux-gnu/libnss_nis-2.27.so
7f75a45cd000-7f75a45d5000 r-xp 00000000 08:01 111153914                  /lib/x86_64-linux-gnu/libnss_compat-2.27.so
7f75a45d5000-7f75a47d5000 ---p 00008000 08:01 111153914                  /lib/x86_64-linux-gnu/libnss_compat-2.27.so
7f75a47d5000-7f75a47d6000 r--p 00008000 08:01 111153914                  /lib/x86_64-linux-gnu/libnss_compat-2.27.so
7f75a47d6000-7f75a47d7000 rw-p 00009000 08:01 111153914                  /lib/x86_64-linux-gnu/libnss_compat-2.27.so
7f75a47d7000-7f75a4801000 r-xp 00000000 08:01 82058297                   /usr/lib/jvm/java-8-openjdk-amd64/jre/lib/amd64/libjava.so
7f75a4801000-7f75a4a00000 ---p 0002a000 08:01 82058297                   /usr/lib/jvm/java-8-openjdk-amd64/jre/lib/amd64/libjava.so
7f75a4a00000-7f75a4a01000 r--p 00029000 08:01 82058297                   /usr/lib/jvm/java-8-openjdk-amd64/jre/lib/amd64/libjava.so
7f75a4a01000-7f75a4a03000 rw-p 0002a000 08:01 82058297                   /usr/lib/jvm/java-8-openjdk-amd64/jre/lib/amd64/libjava.so
7f75a4a03000-7f75a4a13000 r-xp 00000000 08:01 82058333                   /usr/lib/jvm/java-8-openjdk-amd64/jre/lib/amd64/libverify.so
7f75a4a13000-7f75a4c12000 ---p 00010000 08:01 82058333                   /usr/lib/jvm/java-8-openjdk-amd64/jre/lib/amd64/libverify.so
7f75a4c12000-7f75a4c14000 r--p 0000f000 08:01 82058333                   /usr/lib/jvm/java-8-openjdk-amd64/jre/lib/amd64/libverify.so
7f75a4c14000-7f75a4c15000 rw-p 00011000 08:01 82058333                   /usr/lib/jvm/java-8-openjdk-amd64/jre/lib/amd64/libverify.so
7f75a4c15000-7f75a4c1c000 r-xp 00000000 08:01 111153969                  /lib/x86_64-linux-gnu/librt-2.27.so
7f75a4c1c000-7f75a4e1b000 ---p 00007000 08:01 111153969                  /lib/x86_64-linux-gnu/librt-2.27.so
7f75a4e1b000-7f75a4e1c000 r--p 00006000 08:01 111153969                  /lib/x86_64-linux-gnu/librt-2.27.so
7f75a4e1c000-7f75a4e1d000 rw-p 00007000 08:01 111153969                  /lib/x86_64-linux-gnu/librt-2.27.so
7f75a4e1d000-7f75a4e34000 r-xp 00000000 08:01 111149062                  /lib/x86_64-linux-gnu/libgcc_s.so.1
7f75a4e34000-7f75a5033000 ---p 00017000 08:01 111149062                  /lib/x86_64-linux-gnu/libgcc_s.so.1
7f75a5033000-7f75a5034000 r--p 00016000 08:01 111149062                  /lib/x86_64-linux-gnu/libgcc_s.so.1
7f75a5034000-7f75a5035000 rw-p 00017000 08:01 111149062                  /lib/x86_64-linux-gnu/libgcc_s.so.1
7f75a5035000-7f75a51d2000 r-xp 00000000 08:01 111153891                  /lib/x86_64-linux-gnu/libm-2.27.so
7f75a51d2000-7f75a53d1000 ---p 0019d000 08:01 111153891                  /lib/x86_64-linux-gnu/libm-2.27.so
7f75a53d1000-7f75a53d2000 r--p 0019c000 08:01 111153891                  /lib/x86_64-linux-gnu/libm-2.27.so
7f75a53d2000-7f75a53d3000 rw-p 0019d000 08:01 111153891                  /lib/x86_64-linux-gnu/libm-2.27.so
7f75a53d3000-7f75a554c000 r-xp 00000000 08:01 77070924                   /usr/lib/x86_64-linux-gnu/libstdc++.so.6.0.25
7f75a554c000-7f75a574c000 ---p 00179000 08:01 77070924                   /usr/lib/x86_64-linux-gnu/libstdc++.so.6.0.25
7f75a574c000-7f75a5756000 r--p 00179000 08:01 77070924                   /usr/lib/x86_64-linux-gnu/libstdc++.so.6.0.25
7f75a5756000-7f75a5758000 rw-p 00183000 08:01 77070924                   /usr/lib/x86_64-linux-gnu/libstdc++.so.6.0.25
7f75a5758000-7f75a575c000 rw-p 00000000 00:00 0 
7f75a575c000-7f75a63ff000 r-xp 00000000 08:01 82058339                   /usr/lib/jvm/java-8-openjdk-amd64/jre/lib/amd64/server/libjvm.so
7f75a63ff000-7f75a65ff000 ---p 00ca3000 08:01 82058339                   /usr/lib/jvm/java-8-openjdk-amd64/jre/lib/amd64/server/libjvm.so
7f75a65ff000-7f75a6693000 r--p 00ca3000 08:01 82058339                   /usr/lib/jvm/java-8-openjdk-amd64/jre/lib/amd64/server/libjvm.so
7f75a6693000-7f75a66bc000 rw-p 00d37000 08:01 82058339                   /usr/lib/jvm/java-8-openjdk-amd64/jre/lib/amd64/server/libjvm.so
7f75a66bc000-7f75a66ec000 rw-p 00000000 00:00 0 
7f75a66ec000-7f75a6706000 r-xp 00000000 08:01 111153961                  /lib/x86_64-linux-gnu/libpthread-2.27.so
7f75a6706000-7f75a6905000 ---p 0001a000 08:01 111153961                  /lib/x86_64-linux-gnu/libpthread-2.27.so
7f75a6905000-7f75a6906000 r--p 00019000 08:01 111153961                  /lib/x86_64-linux-gnu/libpthread-2.27.so
7f75a6906000-7f75a6907000 rw-p 0001a000 08:01 111153961                  /lib/x86_64-linux-gnu/libpthread-2.27.so
7f75a6907000-7f75a690b000 rw-p 00000000 00:00 0 
7f75a690b000-7f75a690e000 r-xp 00000000 08:01 111153851                  /lib/x86_64-linux-gnu/libdl-2.27.so
7f75a690e000-7f75a6b0d000 ---p 00003000 08:01 111153851                  /lib/x86_64-linux-gnu/libdl-2.27.so
7f75a6b0d000-7f75a6b0e000 r--p 00002000 08:01 111153851                  /lib/x86_64-linux-gnu/libdl-2.27.so
7f75a6b0e000-7f75a6b0f000 rw-p 00003000 08:01 111153851                  /lib/x86_64-linux-gnu/libdl-2.27.so
7f75a6b0f000-7f75a6b2b000 r-xp 00000000 08:01 111154000                  /lib/x86_64-linux-gnu/libz.so.1.2.11
7f75a6b2b000-7f75a6d2a000 ---p 0001c000 08:01 111154000                  /lib/x86_64-linux-gnu/libz.so.1.2.11
7f75a6d2a000-7f75a6d2b000 r--p 0001b000 08:01 111154000                  /lib/x86_64-linux-gnu/libz.so.1.2.11
7f75a6d2b000-7f75a6d2c000 rw-p 0001c000 08:01 111154000                  /lib/x86_64-linux-gnu/libz.so.1.2.11
7f75a6d2c000-7f75a6f13000 r-xp 00000000 08:01 111153828                  /lib/x86_64-linux-gnu/libc-2.27.so
7f75a6f13000-7f75a7113000 ---p 001e7000 08:01 111153828                  /lib/x86_64-linux-gnu/libc-2.27.so
7f75a7113000-7f75a7117000 r--p 001e7000 08:01 111153828                  /lib/x86_64-linux-gnu/libc-2.27.so
7f75a7117000-7f75a7119000 rw-p 001eb000 08:01 111153828                  /lib/x86_64-linux-gnu/libc-2.27.so
7f75a7119000-7f75a711d000 rw-p 00000000 00:00 0 
7f75a711d000-7f75a712b000 r-xp 00000000 08:01 82058269                   /usr/lib/jvm/java-8-openjdk-amd64/jre/lib/amd64/jli/libjli.so
7f75a712b000-7f75a732a000 ---p 0000e000 08:01 82058269                   /usr/lib/jvm/java-8-openjdk-amd64/jre/lib/amd64/jli/libjli.so
7f75a732a000-7f75a732b000 r--p 0000d000 08:01 82058269                   /usr/lib/jvm/java-8-openjdk-amd64/jre/lib/amd64/jli/libjli.so
7f75a732b000-7f75a732c000 rw-p 0000e000 08:01 82058269                   /usr/lib/jvm/java-8-openjdk-amd64/jre/lib/amd64/jli/libjli.so
7f75a732c000-7f75a7353000 r-xp 00000000 08:01 111153800                  /lib/x86_64-linux-gnu/ld-2.27.so
7f75a7359000-7f75a735e000 r--s 000a3000 08:01 82058385                   /usr/lib/jvm/java-8-openjdk-amd64/jre/lib/jsse.jar
7f75a735e000-7f75a7368000 r--s 00116000 08:01 82058365                   /usr/lib/jvm/java-8-openjdk-amd64/jre/lib/ext/localedata.jar
7f75a7368000-7f75a736c000 r--s 0003a000 08:01 82058372                   /usr/lib/jvm/java-8-openjdk-amd64/jre/lib/ext/sunpkcs11.jar
7f75a736c000-7f75a736f000 r--s 0000f000 08:01 82058361                   /usr/lib/jvm/java-8-openjdk-amd64/jre/lib/ext/icedtea-sound.jar
7f75a736f000-7f75a743a000 rw-p 00000000 00:00 0 
7f75a743a000-7f75a743b000 ---p 00000000 00:00 0 
7f75a743b000-7f75a743e000 ---p 00000000 00:00 0 
7f75a743e000-7f75a753d000 rw-p 00000000 00:00 0 
7f75a753d000-7f75a753f000 r--s 00001000 08:01 82058359                   /usr/lib/jvm/java-8-openjdk-amd64/jre/lib/ext/dnsns.jar
7f75a753f000-7f75a7544000 r--s 0003d000 08:01 82058371                   /usr/lib/jvm/java-8-openjdk-amd64/jre/lib/ext/sunjce_provider.jar
7f75a7544000-7f75a7545000 r--s 0000a000 08:01 82058363                   /usr/lib/jvm/java-8-openjdk-amd64/jre/lib/ext/jaccess.jar
7f75a7545000-7f75a7546000 r--s 00010000 08:01 82058373                   /usr/lib/jvm/java-8-openjdk-amd64/jre/lib/ext/zipfs.jar
7f75a7546000-7f75a7547000 r--s 0000d000 08:01 82058369                   /usr/lib/jvm/java-8-openjdk-amd64/jre/lib/ext/sunec.jar
7f75a7547000-7f75a754f000 rw-s 00000000 08:01 118490247                  /tmp/hsperfdata_hajar/38820 (deleted)
7f75a754f000-7f75a7550000 rw-p 00000000 00:00 0 
7f75a7550000-7f75a7551000 ---p 00000000 00:00 0 
7f75a7551000-7f75a7553000 rw-p 00000000 00:00 0 
7f75a7553000-7f75a7554000 r--p 00027000 08:01 111153800                  /lib/x86_64-linux-gnu/ld-2.27.so
7f75a7554000-7f75a7555000 rw-p 00028000 08:01 111153800                  /lib/x86_64-linux-gnu/ld-2.27.so
7f75a7555000-7f75a7556000 rw-p 00000000 00:00 0 
7fff4de02000-7fff4de23000 rw-p 00000000 00:00 0                          [stack]
7fff4de70000-7fff4de73000 r--p 00000000 00:00 0                          [vvar]
7fff4de73000-7fff4de74000 r-xp 00000000 00:00 0                          [vdso]
ffffffffff600000-ffffffffff601000 r-xp 00000000 00:00 0                  [vsyscall]

VM Arguments:
jvm_args: -ea 
java_command: water.H2OApp -ip 127.0.0.1 -web_ip 127.0.0.1 -baseport 54321 -ice_root /tmp/tmp0_7ue0ld -name H2O_from_python_hajar_tjiolu -log_level INFO
java_class_path (initial): /home/hajar/DataQualityTestTool/venv3/lib/python3.6/site-packages/h2o/backend/bin/h2o.jar
Launcher Type: SUN_STANDARD

Environment Variables:
PATH=/home/hajar/DataQualityTestTool/venv3/bin:/home/hajar/.local/bin:/usr/local/sbin:/usr/local/bin:/usr/sbin:/usr/bin:/sbin:/bin:/usr/games:/usr/local/games:/snap/bin
SHELL=/bin/bash

Signal Handlers:
SIGSEGV: [libjvm.so+0xabc3b0], sa_mask[0]=11111111011111111101111111111110, sa_flags=SA_RESTART|SA_SIGINFO
SIGBUS: [libjvm.so+0xabc3b0], sa_mask[0]=11111111011111111101111111111110, sa_flags=SA_RESTART|SA_SIGINFO
SIGFPE: [libjvm.so+0x8f0bb0], sa_mask[0]=11111111011111111101111111111110, sa_flags=SA_RESTART|SA_SIGINFO
SIGPIPE: [libjvm.so+0x8f0bb0], sa_mask[0]=11111111011111111101111111111110, sa_flags=SA_RESTART|SA_SIGINFO
SIGXFSZ: [libjvm.so+0x8f0bb0], sa_mask[0]=11111111011111111101111111111110, sa_flags=SA_RESTART|SA_SIGINFO
SIGILL: [libjvm.so+0x8f0bb0], sa_mask[0]=11111111011111111101111111111110, sa_flags=SA_RESTART|SA_SIGINFO
SIGUSR1: SIG_DFL, sa_mask[0]=00000000000000000000000000000000, sa_flags=none
SIGUSR2: [libjvm.so+0x8f0a60], sa_mask[0]=00000000000000000000000000000000, sa_flags=SA_RESTART|SA_SIGINFO
SIGHUP: [libjvm.so+0x8f10d0], sa_mask[0]=11111111011111111101111111111110, sa_flags=SA_RESTART|SA_SIGINFO
SIGINT: [libjvm.so+0x8f10d0], sa_mask[0]=11111111011111111101111111111110, sa_flags=SA_RESTART|SA_SIGINFO
SIGTERM: [libjvm.so+0x8f10d0], sa_mask[0]=11111111011111111101111111111110, sa_flags=SA_RESTART|SA_SIGINFO
SIGQUIT: [libjvm.so+0x8f10d0], sa_mask[0]=11111111011111111101111111111110, sa_flags=SA_RESTART|SA_SIGINFO


---------------  S Y S T E M  ---------------

OS:DISTRIB_ID=Ubuntu
DISTRIB_RELEASE=18.04
DISTRIB_CODENAME=bionic
DISTRIB_DESCRIPTION="Ubuntu 18.04.2 LTS"

uname:Linux 5.0.0-32-generic #34~18.04.2-Ubuntu SMP Thu Oct 10 10:36:02 UTC 2019 x86_64
libc:glibc 2.27 NPTL 2.27 
rlimit: STACK 8192k, CORE 0k, NPROC 31614, NOFILE 1048576, AS infinity
load average:0.87 1.87 4.76

/proc/meminfo:
MemTotal:        8141092 kB
MemFree:          120732 kB
MemAvailable:      36808 kB
Buffers:            2684 kB
Cached:            15028 kB
SwapCached:        25260 kB
Active:          6757040 kB
Inactive:         856012 kB
Active(anon):    6752096 kB
Inactive(anon):   844108 kB
Active(file):       4944 kB
Inactive(file):    11904 kB
Unevictable:           0 kB
Mlocked:               0 kB
SwapTotal:       2097148 kB
SwapFree:             56 kB
Dirty:                64 kB
Writeback:             0 kB
AnonPages:       7571224 kB
Mapped:            11516 kB
Shmem:               372 kB
KReclaimable:      82008 kB
Slab:             152564 kB
SReclaimable:      82008 kB
SUnreclaim:        70556 kB
KernelStack:       13024 kB
PageTables:        53440 kB
NFS_Unstable:          0 kB
Bounce:                0 kB
WritebackTmp:          0 kB
CommitLimit:     6167692 kB
Committed_AS:   15916196 kB
VmallocTotal:   34359738367 kB
VmallocUsed:           0 kB
VmallocChunk:          0 kB
Percpu:            40960 kB
HardwareCorrupted:     0 kB
AnonHugePages:         0 kB
ShmemHugePages:        0 kB
ShmemPmdMapped:        0 kB
CmaTotal:              0 kB
CmaFree:               0 kB
HugePages_Total:       0
HugePages_Free:        0
HugePages_Rsvd:        0
HugePages_Surp:        0
Hugepagesize:       2048 kB
Hugetlb:               0 kB
DirectMap4k:      395200 kB
DirectMap2M:     6944768 kB
DirectMap1G:     2097152 kB

container (cgroup) information:
container_type: cgroupv1
cpu_cpuset_cpus: 0-7
cpu_memory_nodes: 0
active_processor_count: 8
cpu_quota: -1
cpu_period: 100000
cpu_shares: -1
memory_limit_in_bytes: -1
memory_and_swap_limit_in_bytes: -2
memory_soft_limit_in_bytes: -1
memory_usage_in_bytes: 7773384704
memory_max_usage_in_bytes: 5622652928


CPU:total 8 (initial active 8) (4 cores per cpu, 2 threads per core) family 6 model 85 stepping 4, cmov, cx8, fxsr, mmx, sse, sse2, sse3, ssse3, sse4.1, sse4.2, popcnt, avx, avx2, aes, clmul, erms, rtm, 3dnowpref, lzcnt, ht, tsc, bmi1, bmi2, adx

/proc/cpuinfo:
processor	: 0
vendor_id	: GenuineIntel
cpu family	: 6
model		: 85
model name	: Intel(R) Xeon(R) Silver 4114 CPU @ 2.20GHz
stepping	: 4
microcode	: 0xffffffff
cpu MHz		: 2194.844
cache size	: 14080 KB
physical id	: 0
siblings	: 8
core id		: 0
cpu cores	: 4
apicid		: 0
initial apicid	: 0
fpu		: yes
fpu_exception	: yes
cpuid level	: 21
wp		: yes
flags		: fpu vme de pse tsc msr pae mce cx8 apic sep mtrr pge mca cmov pat pse36 clflush mmx fxsr sse sse2 ss ht syscall nx pdpe1gb rdtscp lm constant_tsc rep_good nopl xtopology cpuid pni pclmulqdq ssse3 fma cx16 pcid sse4_1 sse4_2 movbe popcnt aes xsave avx f16c rdrand hypervisor lahf_lm abm 3dnowprefetch invpcid_single pti ssbd ibrs ibpb stibp fsgsbase bmi1 hle avx2 smep bmi2 erms invpcid rtm mpx avx512f avx512dq rdseed adx smap clflushopt clwb avx512cd avx512bw avx512vl xsaveopt xsavec xgetbv1 xsaves flush_l1d arch_capabilities
bugs		: cpu_meltdown spectre_v1 spectre_v2 spec_store_bypass l1tf mds swapgs
bogomips	: 4389.68
clflush size	: 64
cache_alignment	: 64
address sizes	: 44 bits physical, 48 bits virtual
power management:

processor	: 1
vendor_id	: GenuineIntel
cpu family	: 6
model		: 85
model name	: Intel(R) Xeon(R) Silver 4114 CPU @ 2.20GHz
stepping	: 4
microcode	: 0xffffffff
cpu MHz		: 2194.844
cache size	: 14080 KB
physical id	: 0
siblings	: 8
core id		: 0
cpu cores	: 4
apicid		: 1
initial apicid	: 1
fpu		: yes
fpu_exception	: yes
cpuid level	: 21
wp		: yes
flags		: fpu vme de pse tsc msr pae mce cx8 apic sep mtrr pge mca cmov pat pse36 clflush mmx fxsr sse sse2 ss ht syscall nx pdpe1gb rdtscp lm constant_tsc rep_good nopl xtopology cpuid pni pclmulqdq ssse3 fma cx16 pcid sse4_1 sse4_2 movbe popcnt aes xsave avx f16c rdrand hypervisor lahf_lm abm 3dnowprefetch invpcid_single pti ssbd ibrs ibpb stibp fsgsbase bmi1 hle avx2 smep bmi2 erms invpcid rtm mpx avx512f avx512dq rdseed adx smap clflushopt clwb avx512cd avx512bw avx512vl xsaveopt xsavec xgetbv1 xsaves flush_l1d arch_capabilities
bugs		: cpu_meltdown spectre_v1 spectre_v2 spec_store_bypass l1tf mds swapgs
bogomips	: 4389.68
clflush size	: 64
cache_alignment	: 64
address sizes	: 44 bits physical, 48 bits virtual
power management:

processor	: 2
vendor_id	: GenuineIntel
cpu family	: 6
model		: 85
model name	: Intel(R) Xeon(R) Silver 4114 CPU @ 2.20GHz
stepping	: 4
microcode	: 0xffffffff
cpu MHz		: 2194.844
cache size	: 14080 KB
physical id	: 0
siblings	: 8
core id		: 1
cpu cores	: 4
apicid		: 2
initial apicid	: 2
fpu		: yes
fpu_exception	: yes
cpuid level	: 21
wp		: yes
flags		: fpu vme de pse tsc msr pae mce cx8 apic sep mtrr pge mca cmov pat pse36 clflush mmx fxsr sse sse2 ss ht syscall nx pdpe1gb rdtscp lm constant_tsc rep_good nopl xtopology cpuid pni pclmulqdq ssse3 fma cx16 pcid sse4_1 sse4_2 movbe popcnt aes xsave avx f16c rdrand hypervisor lahf_lm abm 3dnowprefetch invpcid_single pti ssbd ibrs ibpb stibp fsgsbase bmi1 hle avx2 smep bmi2 erms invpcid rtm mpx avx512f avx512dq rdseed adx smap clflushopt clwb avx512cd avx512bw avx512vl xsaveopt xsavec xgetbv1 xsaves flush_l1d arch_capabilities
bugs		: cpu_meltdown spectre_v1 spectre_v2 spec_store_bypass l1tf mds swapgs
bogomips	: 4389.68
clflush size	: 64
cache_alignment	: 64
address sizes	: 44 bits physical, 48 bits virtual
power management:

processor	: 3
vendor_id	: GenuineIntel
cpu family	: 6
model		: 85
model name	: Intel(R) Xeon(R) Silver 4114 CPU @ 2.20GHz
stepping	: 4
microcode	: 0xffffffff
cpu MHz		: 2194.844
cache size	: 14080 KB
physical id	: 0
siblings	: 8
core id		: 1
cpu cores	: 4
apicid		: 3
initial apicid	: 3
fpu		: yes
fpu_exception	: yes
cpuid level	: 21
wp		: yes
flags		: fpu vme de pse tsc msr pae mce cx8 apic sep mtrr pge mca cmov pat pse36 clflush mmx fxsr sse sse2 ss ht syscall nx pdpe1gb rdtscp lm constant_tsc rep_good nopl xtopology cpuid pni pclmulqdq ssse3 fma cx16 pcid sse4_1 sse4_2 movbe popcnt aes xsave avx f16c rdrand hypervisor lahf_lm abm 3dnowprefetch invpcid_single pti ssbd ibrs ibpb stibp fsgsbase bmi1 hle avx2 smep bmi2 erms invpcid rtm mpx avx512f avx512dq rdseed adx smap clflushopt clwb avx512cd avx512bw avx512vl xsaveopt xsavec xgetbv1 xsaves flush_l1d arch_capabilities
bugs		: cpu_meltdown spectre_v1 spectre_v2 spec_store_bypass l1tf mds swapgs
bogomips	: 4389.68
clflush size	: 64
cache_alignment	: 64
address sizes	: 44 bits physical, 48 bits virtual
power management:

processor	: 4
vendor_id	: GenuineIntel
cpu family	: 6
model		: 85
model name	: Intel(R) Xeon(R) Silver 4114 CPU @ 2.20GHz
stepping	: 4
microcode	: 0xffffffff
cpu MHz		: 2194.844
cache size	: 14080 KB
physical id	: 0
siblings	: 8
core id		: 2
cpu cores	: 4
apicid		: 4
initial apicid	: 4
fpu		: yes
fpu_exception	: yes
cpuid level	: 21
wp		: yes
flags		: fpu vme de pse tsc msr pae mce cx8 apic sep mtrr pge mca cmov pat pse36 clflush mmx fxsr sse sse2 ss ht syscall nx pdpe1gb rdtscp lm constant_tsc rep_good nopl xtopology cpuid pni pclmulqdq ssse3 fma cx16 pcid sse4_1 sse4_2 movbe popcnt aes xsave avx f16c rdrand hypervisor lahf_lm abm 3dnowprefetch invpcid_single pti ssbd ibrs ibpb stibp fsgsbase bmi1 hle avx2 smep bmi2 erms invpcid rtm mpx avx512f avx512dq rdseed adx smap clflushopt clwb avx512cd avx512bw avx512vl xsaveopt xsavec xgetbv1 xsaves flush_l1d arch_capabilities
bugs		: cpu_meltdown spectre_v1 spectre_v2 spec_store_bypass l1tf mds swapgs
bogomips	: 4389.68
clflush size	: 64
cache_alignment	: 64
address sizes	: 44 bits physical, 48 bits virtual
power management:

processor	: 5
vendor_id	: GenuineIntel
cpu family	: 6
model		: 85
model name	: Intel(R) Xeon(R) Silver 4114 CPU @ 2.20GHz
stepping	: 4
microcode	: 0xffffffff
cpu MHz		: 2194.844
cache size	: 14080 KB
physical id	: 0
siblings	: 8
core id		: 2
cpu cores	: 4
apicid		: 5
initial apicid	: 5
fpu		: yes
fpu_exception	: yes
cpuid level	: 21
wp		: yes
flags		: fpu vme de pse tsc msr pae mce cx8 apic sep mtrr pge mca cmov pat pse36 clflush mmx fxsr sse sse2 ss ht syscall nx pdpe1gb rdtscp lm constant_tsc rep_good nopl xtopology cpuid pni pclmulqdq ssse3 fma cx16 pcid sse4_1 sse4_2 movbe popcnt aes xsave avx f16c rdrand hypervisor lahf_lm abm 3dnowprefetch invpcid_single pti ssbd ibrs ibpb stibp fsgsbase bmi1 hle avx2 smep bmi2 erms invpcid rtm mpx avx512f avx512dq rdseed adx smap clflushopt clwb avx512cd avx512bw avx512vl xsaveopt xsavec xgetbv1 xsaves flush_l1d arch_capabilities
bugs		: cpu_meltdown spectre_v1 spectre_v2 spec_store_bypass l1tf mds swapgs
bogomips	: 4389.68
clflush size	: 64
cache_alignment	: 64
address sizes	: 44 bits physical, 48 bits virtual
power management:

processor	: 6
vendor_id	: GenuineIntel
cpu family	: 6
model		: 85
model name	: Intel(R) Xeon(R) Silver 4114 CPU @ 2.20GHz
stepping	: 4
microcode	: 0xffffffff
cpu MHz		: 2194.844
cache size	: 14080 KB
physical id	: 0
siblings	: 8
core id		: 3
cpu cores	: 4
apicid		: 6
initial apicid	: 6
fpu		: yes
fpu_exception	: yes
cpuid level	: 21
wp		: yes
flags		: fpu vme de pse tsc msr pae mce cx8 apic sep mtrr pge mca cmov pat pse36 clflush mmx fxsr sse sse2 ss ht syscall nx pdpe1gb rdtscp lm constant_tsc rep_good nopl xtopology cpuid pni pclmulqdq ssse3 fma cx16 pcid sse4_1 sse4_2 movbe popcnt aes xsave avx f16c rdrand hypervisor lahf_lm abm 3dnowprefetch invpcid_single pti ssbd ibrs ibpb stibp fsgsbase bmi1 hle avx2 smep bmi2 erms invpcid rtm mpx avx512f avx512dq rdseed adx smap clflushopt clwb avx512cd avx512bw avx512vl xsaveopt xsavec xgetbv1 xsaves flush_l1d arch_capabilities
bugs		: cpu_meltdown spectre_v1 spectre_v2 spec_store_bypass l1tf mds swapgs
bogomips	: 4389.68
clflush size	: 64
cache_alignment	: 64
address sizes	: 44 bits physical, 48 bits virtual
power management:

processor	: 7
vendor_id	: GenuineIntel
cpu family	: 6
model		: 85
model name	: Intel(R) Xeon(R) Silver 4114 CPU @ 2.20GHz
stepping	: 4
microcode	: 0xffffffff
cpu MHz		: 2194.844
cache size	: 14080 KB
physical id	: 0
siblings	: 8
core id		: 3
cpu cores	: 4
apicid		: 7
initial apicid	: 7
fpu		: yes
fpu_exception	: yes
cpuid level	: 21
wp		: yes
flags		: fpu vme de pse tsc msr pae mce cx8 apic sep mtrr pge mca cmov pat pse36 clflush mmx fxsr sse sse2 ss ht syscall nx pdpe1gb rdtscp lm constant_tsc rep_good nopl xtopology cpuid pni pclmulqdq ssse3 fma cx16 pcid sse4_1 sse4_2 movbe popcnt aes xsave avx f16c rdrand hypervisor lahf_lm abm 3dnowprefetch invpcid_single pti ssbd ibrs ibpb stibp fsgsbase bmi1 hle avx2 smep bmi2 erms invpcid rtm mpx avx512f avx512dq rdseed adx smap clflushopt clwb avx512cd avx512bw avx512vl xsaveopt xsavec xgetbv1 xsaves flush_l1d arch_capabilities
bugs		: cpu_meltdown spectre_v1 spectre_v2 spec_store_bypass l1tf mds swapgs
bogomips	: 4389.68
clflush size	: 64
cache_alignment	: 64
address sizes	: 44 bits physical, 48 bits virtual
power management:



Memory: 4k page, physical 8141092k(120732k free), swap 2097148k(56k free)

vm_info: OpenJDK 64-Bit Server VM (25.242-b08) for linux-amd64 JRE (1.8.0_242-8u242-b08-0ubuntu3~18.04-b08), built on Jan 17 2020 23:41:21 by "buildd" with gcc 7.4.0

time: Mon Feb 10 17:11:31 2020
timezone: MST
elapsed time: 2381 seconds (0d 0h 39m 41s)

