#
# There is insufficient memory for the Java Runtime Environment to continue.
# Native memory allocation (mmap) failed to map 187695104 bytes for committing reserved memory.
# Possible reasons:
#   The system is out of physical RAM or swap space
#   The process is running with CompressedOops enabled, and the Java Heap may be blocking the growth of the native heap
# Possible solutions:
#   Reduce memory load on the system
#   Increase physical memory or swap space
#   Check if swap backing store is full
#   Decrease Java heap size (-Xmx/-Xms)
#   Decrease number of Java threads
#   Decrease Java thread stack sizes (-Xss)
#   Set larger code cache with -XX:ReservedCodeCacheSize=
#   JVM is running with Unscaled Compressed Oops mode in which the Java heap is
#     placed in the first 4GB address space. The Java Heap base address is the
#     maximum limit for the native heap growth. Please use -XX:HeapBaseMinAddress
#     to set the Java Heap base and to place the Java Heap above 4GB virtual address.
# This output file may be truncated or incomplete.
#
#  Out of Memory Error (os_linux.cpp:2757), pid=38026, tid=0x00007f17167e7700
#
# JRE version: OpenJDK Runtime Environment (8.0_242-b08) (build 1.8.0_242-8u242-b08-0ubuntu3~18.04-b08)
# Java VM: OpenJDK 64-Bit Server VM (25.242-b08 mixed mode linux-amd64 compressed oops)
# Failed to write core dump. Core dumps have been disabled. To enable core dumping, try "ulimit -c unlimited" before starting Java again
#

---------------  T H R E A D  ---------------

Current thread (0x00007f174c081000):  VMThread [stack: 0x00007f17166e8000,0x00007f17167e8000] [id=38036]

Stack: [0x00007f17166e8000,0x00007f17167e8000],  sp=0x00007f17167e6460,  free space=1017k
Native frames: (J=compiled Java code, j=interpreted, Vv=VM code, C=native code)
V  [libjvm.so+0xabba52]
V  [libjvm.so+0x4de2e7]
V  [libjvm.so+0x8f59f0]
V  [libjvm.so+0x8ecabe]
V  [libjvm.so+0x970456]
V  [libjvm.so+0x95f0ba]
V  [libjvm.so+0x95f288]
V  [libjvm.so+0x95fe90]
V  [libjvm.so+0x96624c]
V  [libjvm.so+0x96e325]
V  [libjvm.so+0x91cc28]
V  [libjvm.so+0xabd792]
V  [libjvm.so+0xac2336]
V  [libjvm.so+0xac0635]
V  [libjvm.so+0xac0f0d]
V  [libjvm.so+0xac1318]
V  [libjvm.so+0x8f2d82]

VM_Operation (0x00007f16965e4740): ParallelGCFailedAllocation, mode: safepoint, requested by thread 0x00007f16b40a3000


---------------  P R O C E S S  ---------------

Java Threads: ( => current thread )
  0x00007f16b40a3800 JavaThread "Thread-409" daemon [_thread_blocked, id=43856, stack(0x00007f16966e7000,0x00007f16967e8000)]
  0x00007f16b40a3000 JavaThread "Thread-408" daemon [_thread_blocked, id=43855, stack(0x00007f16964e5000,0x00007f16965e6000)]
  0x00007f16b40a2000 JavaThread "Thread-407" daemon [_thread_blocked, id=43854, stack(0x00007f16979fa000,0x00007f1697afb000)]
  0x00007f16b409b800 JavaThread "Thread-406" daemon [_thread_blocked, id=43853, stack(0x00007f16976f7000,0x00007f16977f8000)]
  0x00007f16b409b000 JavaThread "Thread-405" daemon [_thread_blocked, id=43852, stack(0x00007f16977f8000,0x00007f16978f9000)]
  0x00007f16b409a000 JavaThread "Thread-404" daemon [_thread_blocked, id=43851, stack(0x00007f1696ced000,0x00007f1696dee000)]
  0x00007f16b409e800 JavaThread "Thread-403" daemon [_thread_blocked, id=43850, stack(0x00007f16e40c2000,0x00007f16e41c3000)]
  0x00007f16b409e000 JavaThread "Thread-402" daemon [_thread_blocked, id=43849, stack(0x00007f16967e8000,0x00007f16968e9000)]
  0x00007f16c8042000 JavaThread "FJ-116-15" daemon [_thread_blocked, id=38124, stack(0x00007f16e43c5000,0x00007f16e44c6000)]
  0x00007f167c001000 JavaThread "FJ-117-13" daemon [_thread_blocked, id=38123, stack(0x00007f16957d8000,0x00007f16958d9000)]
  0x00007f169c011000 JavaThread "FJ-3-9" daemon [_thread_blocked, id=38081, stack(0x00007f16978f9000,0x00007f16979fa000)]
  0x00007f1690001000 JavaThread "FJ-2-11" daemon [_thread_blocked, id=38079, stack(0x00007f1697afb000,0x00007f1697bfc000)]
  0x00007f169c00c000 JavaThread "FJ-4-15" daemon [_thread_blocked, id=38076, stack(0x00007f1697dfe000,0x00007f1697eff000)]
  0x00007f16a015f800 JavaThread "FJ-1-13" daemon [_thread_blocked, id=38071, stack(0x00007f16e42c4000,0x00007f16e43c5000)]
  0x00007f174c00b800 JavaThread "DestroyJavaVM" [_thread_blocked, id=38027, stack(0x00007f17549fb000,0x00007f1754afb000)]
  0x00007f16b8001800 JavaThread "FJ-126-15" daemon [_thread_blocked, id=38060, stack(0x00007f16e4dc7000,0x00007f16e4ec8000)]
  0x00007f174c45f000 JavaThread "ClientDisconnectCheckThread" daemon [_thread_blocked, id=38059, stack(0x00007f16ec2f4000,0x00007f16ec3f5000)]
  0x00007f174c449000 JavaThread "Heartbeat" daemon [_thread_blocked, id=38058, stack(0x00007f16ec3f5000,0x00007f16ec4f6000)]
  0x00007f174c447000 JavaThread "TCP-Accept" [_thread_in_native, id=38057, stack(0x00007f16ec4f6000,0x00007f16ec5f7000)]
  0x00007f174c443800 JavaThread "MemCleaner" daemon [_thread_blocked, id=38056, stack(0x00007f16ec5f7000,0x00007f16ec6f8000)]
  0x00007f174c43e000 JavaThread "Multi-UDP-R" [_thread_in_native, id=38055, stack(0x00007f16ec6f8000,0x00007f16ec7f9000)]
  0x00007f174c3b8000 JavaThread "FailedNodeWatchdogThread" daemon [_thread_blocked, id=38054, stack(0x00007f16ec9f9000,0x00007f16ecafa000)]
  0x00007f174c39e000 JavaThread "qtp13329486-19" [_thread_blocked, id=38053, stack(0x00007f16ecafa000,0x00007f16ecbfb000)]
  0x00007f174c39c000 JavaThread "qtp13329486-18" [_thread_blocked, id=38052, stack(0x00007f16ecbfb000,0x00007f16eccfc000)]
  0x00007f174c39a800 JavaThread "qtp13329486-17" [_thread_blocked, id=38051, stack(0x00007f16eccfc000,0x00007f16ecdfd000)]
  0x00007f174c398800 JavaThread "qtp13329486-16" [_thread_blocked, id=38050, stack(0x00007f16ecdfd000,0x00007f16ecefe000)]
  0x00007f174c397000 JavaThread "qtp13329486-15" [_thread_blocked, id=38049, stack(0x00007f16ecefe000,0x00007f16ecfff000)]
  0x00007f174c395800 JavaThread "qtp13329486-14 Acceptor0 SocketConnector@127.0.0.1:54325" [_thread_in_native, id=38048, stack(0x00007f17140a0000,0x00007f17141a1000)]
  0x00007f174c393800 JavaThread "qtp13329486-13" [_thread_blocked, id=38047, stack(0x00007f17141a1000,0x00007f17142a2000)]
  0x00007f174c390000 JavaThread "qtp13329486-12" [_thread_blocked, id=38046, stack(0x00007f17142a2000,0x00007f17143a3000)]
  0x00007f174c0cb000 JavaThread "Service Thread" daemon [_thread_blocked, id=38044, stack(0x00007f1715510000,0x00007f1715611000)]
  0x00007f174c0c8000 JavaThread "C1 CompilerThread3" daemon [_thread_blocked, id=38043, stack(0x00007f1715612000,0x00007f1715712000)]
  0x00007f174c0c6000 JavaThread "C2 CompilerThread2" daemon [_thread_blocked, id=38042, stack(0x00007f1715713000,0x00007f1715813000)]
  0x00007f174c0c4000 JavaThread "C2 CompilerThread1" daemon [_thread_blocked, id=38041, stack(0x00007f1715814000,0x00007f1715914000)]
  0x00007f174c0c1800 JavaThread "C2 CompilerThread0" daemon [_thread_blocked, id=38040, stack(0x00007f1715915000,0x00007f1715a15000)]
  0x00007f174c0c0000 JavaThread "Signal Dispatcher" daemon [_thread_blocked, id=38039, stack(0x00007f1715a15000,0x00007f1715b16000)]
  0x00007f174c08f800 JavaThread "Finalizer" daemon [_thread_blocked, id=38038, stack(0x00007f17164e5000,0x00007f17165e6000)]
  0x00007f174c08b000 JavaThread "Reference Handler" daemon [_thread_blocked, id=38037, stack(0x00007f17165e6000,0x00007f17166e7000)]

Other Threads:
=>0x00007f174c081000 VMThread [stack: 0x00007f17166e8000,0x00007f17167e8000] [id=38036]
  0x00007f174c0cd800 WatcherThread [stack: 0x00007f1715410000,0x00007f1715510000] [id=38045]

VM state:at safepoint (normal execution)

VM Mutex/Monitor currently owned by a thread:  ([mutex/lock_event])
[0x00007f174c0074e0] ExpandHeap_lock - owner thread: 0x00007f174c081000
[0x00007f174c007b60] Threads_lock - owner thread: 0x00007f174c081000
[0x00007f174c008060] Heap_lock - owner thread: 0x00007f16b40a3000

heap address: 0x0000000083c00000, size: 1988 MB, Compressed Oops mode: 32-bit
Narrow klass base: 0x0000000000000000, Narrow klass shift: 3
Compressed class space size: 1073741824 Address: 0x0000000100000000

Heap:
 PSYoungGen      total 499712K, used 0K [0x00000000d6980000, 0x00000000f5c80000, 0x0000000100000000)
  eden space 491520K, 0% used [0x00000000d6980000,0x00000000d6980000,0x00000000f4980000)
  from space 8192K, 0% used [0x00000000f4980000,0x00000000f4980000,0x00000000f5180000)
  to   space 7680K, 0% used [0x00000000f5500000,0x00000000f5500000,0x00000000f5c80000)
 ParOldGen       total 1041408K, used 257752K [0x0000000083c00000, 0x00000000c3500000, 0x00000000d6980000)
  object space 1041408K, 24% used [0x0000000083c00000,0x00000000937b6148,0x00000000c3500000)
 Metaspace       used 28865K, capacity 29089K, committed 29440K, reserved 1075200K
  class space    used 3384K, capacity 3465K, committed 3584K, reserved 1048576K

Card table byte_map: [0x00007f1750ba9000,0x00007f1750f8c000] byte_map_base: 0x00007f175078b000

Marking Bits: (ParMarkBitMap*) 0x00007f1753c8f3e0
 Begin Bits: [0x00007f172c1e0000, 0x00007f172e0f0000)
 End Bits:   [0x00007f172e0f0000, 0x00007f1730000000)

Polling page: 0x00007f1754b10000

CodeCache: size=245760Kb used=13619Kb max_used=13645Kb free=232140Kb
 bounds [0x00007f173d000000, 0x00007f173dd80000, 0x00007f174c000000]
 total_blobs=4231 nmethods=3669 adapters=475
 compilation: enabled

Compilation events (10 events):
Event: 7069.739 Thread 0x00007f174c0c6000 4715       4       water.HeartBeat$Icer::write (10 bytes)
Event: 7069.798 Thread 0x00007f174c0c4000 nmethod 4713 0x00007f173dd4abd0 code [0x00007f173dd4ae00, 0x00007f173dd4be68]
Event: 7069.809 Thread 0x00007f174c0c4000 4716       4       water.HeartBeat$Icer::write4 (312 bytes)
Event: 7069.880 Thread 0x00007f174c0c1800 nmethod 4714 0x00007f173dc4cf50 code [0x00007f173dc4d1e0, 0x00007f173dc4e5b8]
Event: 7069.898 Thread 0x00007f174c0c6000 nmethod 4715 0x00007f173dd59150 code [0x00007f173dd59a20, 0x00007f173dd5e320]
Event: 7070.183 Thread 0x00007f174c0c4000 nmethod 4716 0x00007f173dd66a10 code [0x00007f173dd672c0, 0x00007f173dd6bb60]
Event: 7130.751 Thread 0x00007f174c0c8000 4718       3       java.lang.Thread::init (214 bytes)
Event: 7130.853 Thread 0x00007f174c0c8000 nmethod 4718 0x00007f173dd47250 code [0x00007f173dd475c0, 0x00007f173dd49808]
Event: 7199.103 Thread 0x00007f174c0c1800 4719       4       water.AutoBuffer::put2 (12 bytes)
Event: 7199.112 Thread 0x00007f174c0c1800 nmethod 4719 0x00007f173d52f550 code [0x00007f173d52f6e0, 0x00007f173d52f9f8]

GC Heap History (10 events):
Event: 5987.385 GC heap after
Heap after GC invocations=39 (full 10):
 PSYoungGen      total 495616K, used 352K [0x00000000d6980000, 0x00000000f5b80000, 0x0000000100000000)
  eden space 484864K, 0% used [0x00000000d6980000,0x00000000d6980000,0x00000000f4300000)
  from space 10752K, 3% used [0x00000000f4300000,0x00000000f4358000,0x00000000f4d80000)
  to   space 9728K, 0% used [0x00000000f5200000,0x00000000f5200000,0x00000000f5b80000)
 ParOldGen       total 1041408K, used 413986K [0x0000000083c00000, 0x00000000c3500000, 0x00000000d6980000)
  object space 1041408K, 39% used [0x0000000083c00000,0x000000009d048828,0x00000000c3500000)
 Metaspace       used 28862K, capacity 29089K, committed 29440K, reserved 1075200K
  class space    used 3384K, capacity 3465K, committed 3584K, reserved 1048576K
}
Event: 6524.300 GC heap before
{Heap before GC invocations=40 (full 10):
 PSYoungGen      total 495616K, used 447820K [0x00000000d6980000, 0x00000000f5b80000, 0x0000000100000000)
  eden space 484864K, 92% used [0x00000000d6980000,0x00000000f1e7b070,0x00000000f4300000)
  from space 10752K, 3% used [0x00000000f4300000,0x00000000f4358000,0x00000000f4d80000)
  to   space 9728K, 0% used [0x00000000f5200000,0x00000000f5200000,0x00000000f5b80000)
 ParOldGen       total 1041408K, used 413986K [0x0000000083c00000, 0x00000000c3500000, 0x00000000d6980000)
  object space 1041408K, 39% used [0x0000000083c00000,0x000000009d048828,0x00000000c3500000)
 Metaspace       used 28862K, capacity 29089K, committed 29440K, reserved 1075200K
  class space    used 3384K, capacity 3465K, committed 3584K, reserved 1048576K
Event: 6524.313 GC heap after
Heap after GC invocations=40 (full 10):
 PSYoungGen      total 496128K, used 480K [0x00000000d6980000, 0x00000000f5900000, 0x0000000100000000)
  eden space 488960K, 0% used [0x00000000d6980000,0x00000000d6980000,0x00000000f4700000)
  from space 7168K, 6% used [0x00000000f5200000,0x00000000f5278000,0x00000000f5900000)
  to   space 9216K, 0% used [0x00000000f4700000,0x00000000f4700000,0x00000000f5000000)
 ParOldGen       total 1041408K, used 413986K [0x0000000083c00000, 0x00000000c3500000, 0x00000000d6980000)
  object space 1041408K, 39% used [0x0000000083c00000,0x000000009d048828,0x00000000c3500000)
 Metaspace       used 28862K, capacity 29089K, committed 29440K, reserved 1075200K
  class space    used 3384K, capacity 3465K, committed 3584K, reserved 1048576K
}
Event: 6828.137 GC heap before
{Heap before GC invocations=41 (full 10):
 PSYoungGen      total 496128K, used 471880K [0x00000000d6980000, 0x00000000f5900000, 0x0000000100000000)
  eden space 488960K, 96% used [0x00000000d6980000,0x00000000f35da360,0x00000000f4700000)
  from space 7168K, 6% used [0x00000000f5200000,0x00000000f5278000,0x00000000f5900000)
  to   space 9216K, 0% used [0x00000000f4700000,0x00000000f4700000,0x00000000f5000000)
 ParOldGen       total 1041408K, used 413986K [0x0000000083c00000, 0x00000000c3500000, 0x00000000d6980000)
  object space 1041408K, 39% used [0x0000000083c00000,0x000000009d048828,0x00000000c3500000)
 Metaspace       used 28863K, capacity 29089K, committed 29440K, reserved 1075200K
  class space    used 3384K, capacity 3465K, committed 3584K, reserved 1048576K
Event: 6828.150 GC heap after
Heap after GC invocations=41 (full 10):
 PSYoungGen      total 498176K, used 352K [0x00000000d6980000, 0x00000000f5b80000, 0x0000000100000000)
  eden space 488960K, 0% used [0x00000000d6980000,0x00000000d6980000,0x00000000f4700000)
  from space 9216K, 3% used [0x00000000f4700000,0x00000000f4758000,0x00000000f5000000)
  to   space 8704K, 0% used [0x00000000f5300000,0x00000000f5300000,0x00000000f5b80000)
 ParOldGen       total 1041408K, used 492111K [0x0000000083c00000, 0x00000000c3500000, 0x00000000d6980000)
  object space 1041408K, 47% used [0x0000000083c00000,0x00000000a1c93c48,0x00000000c3500000)
 Metaspace       used 28863K, capacity 29089K, committed 29440K, reserved 1075200K
  class space    used 3384K, capacity 3465K, committed 3584K, reserved 1048576K
}
Event: 7130.766 GC heap before
{Heap before GC invocations=42 (full 10):
 PSYoungGen      total 498176K, used 472521K [0x00000000d6980000, 0x00000000f5b80000, 0x0000000100000000)
  eden space 488960K, 96% used [0x00000000d6980000,0x00000000f369a410,0x00000000f4700000)
  from space 9216K, 3% used [0x00000000f4700000,0x00000000f4758000,0x00000000f5000000)
  to   space 8704K, 0% used [0x00000000f5300000,0x00000000f5300000,0x00000000f5b80000)
 ParOldGen       total 1041408K, used 492111K [0x0000000083c00000, 0x00000000c3500000, 0x00000000d6980000)
  object space 1041408K, 47% used [0x0000000083c00000,0x00000000a1c93c48,0x00000000c3500000)
 Metaspace       used 28864K, capacity 29089K, committed 29440K, reserved 1075200K
  class space    used 3384K, capacity 3465K, committed 3584K, reserved 1048576K
Event: 7130.792 GC heap after
Heap after GC invocations=42 (full 10):
 PSYoungGen      total 498176K, used 384K [0x00000000d6980000, 0x00000000f5980000, 0x0000000100000000)
  eden space 491520K, 0% used [0x00000000d6980000,0x00000000d6980000,0x00000000f4980000)
  from space 6656K, 5% used [0x00000000f5300000,0x00000000f5360000,0x00000000f5980000)
  to   space 8192K, 0% used [0x00000000f4980000,0x00000000f4980000,0x00000000f5180000)
 ParOldGen       total 1041408K, used 648361K [0x0000000083c00000, 0x00000000c3500000, 0x00000000d6980000)
  object space 1041408K, 62% used [0x0000000083c00000,0x00000000ab52a488,0x00000000c3500000)
 Metaspace       used 28864K, capacity 29089K, committed 29440K, reserved 1075200K
  class space    used 3384K, capacity 3465K, committed 3584K, reserved 1048576K
}
Event: 7433.422 GC heap before
{Heap before GC invocations=43 (full 10):
 PSYoungGen      total 498176K, used 471741K [0x00000000d6980000, 0x00000000f5980000, 0x0000000100000000)
  eden space 491520K, 95% used [0x00000000d6980000,0x00000000f35cf620,0x00000000f4980000)
  from space 6656K, 5% used [0x00000000f5300000,0x00000000f5360000,0x00000000f5980000)
  to   space 8192K, 0% used [0x00000000f4980000,0x00000000f4980000,0x00000000f5180000)
 ParOldGen       total 1041408K, used 648361K [0x0000000083c00000, 0x00000000c3500000, 0x00000000d6980000)
  object space 1041408K, 62% used [0x0000000083c00000,0x00000000ab52a488,0x00000000c3500000)
 Metaspace       used 28865K, capacity 29089K, committed 29440K, reserved 1075200K
  class space    used 3384K, capacity 3465K, committed 3584K, reserved 1048576K
Event: 7434.262 GC heap after
Heap after GC invocations=43 (full 10):
 PSYoungGen      total 499712K, used 384K [0x00000000d6980000, 0x00000000f5c80000, 0x0000000100000000)
  eden space 491520K, 0% used [0x00000000d6980000,0x00000000d6980000,0x00000000f4980000)
  from space 8192K, 4% used [0x00000000f4980000,0x00000000f49e0000,0x00000000f5180000)
  to   space 7680K, 0% used [0x00000000f5500000,0x00000000f5500000,0x00000000f5c80000)
 ParOldGen       total 1041408K, used 882736K [0x0000000083c00000, 0x00000000c3500000, 0x00000000d6980000)
  object space 1041408K, 84% used [0x0000000083c00000,0x00000000b9a0c0e8,0x00000000c3500000)
 Metaspace       used 28865K, capacity 29089K, committed 29440K, reserved 1075200K
  class space    used 3384K, capacity 3465K, committed 3584K, reserved 1048576K
}
Event: 7434.297 GC heap before
{Heap before GC invocations=44 (full 11):
 PSYoungGen      total 499712K, used 384K [0x00000000d6980000, 0x00000000f5c80000, 0x0000000100000000)
  eden space 491520K, 0% used [0x00000000d6980000,0x00000000d6980000,0x00000000f4980000)
  from space 8192K, 4% used [0x00000000f4980000,0x00000000f49e0000,0x00000000f5180000)
  to   space 7680K, 0% used [0x00000000f5500000,0x00000000f5500000,0x00000000f5c80000)
 ParOldGen       total 1041408K, used 882736K [0x0000000083c00000, 0x00000000c3500000, 0x00000000d6980000)
  object space 1041408K, 84% used [0x0000000083c00000,0x00000000b9a0c0e8,0x00000000c3500000)
 Metaspace       used 28865K, capacity 29089K, committed 29440K, reserved 1075200K
  class space    used 3384K, capacity 3465K, committed 3584K, reserved 1048576K

Deoptimization events (10 events):
Event: 30.850 Thread 0x00007f16b409b800 Uncommon trap: reason=unstable_if action=reinterpret pc=0x00007f173d47f4e4 method=water.init.MemoryBandwidth.run_benchmark()D @ 58
Event: 30.869 Thread 0x00007f16b40a0000 Uncommon trap: reason=unstable_if action=reinterpret pc=0x00007f173d7ab454 method=water.init.MemoryBandwidth.run_benchmark()D @ 87
Event: 30.876 Thread 0x00007f16b409c800 Uncommon trap: reason=unstable_if action=reinterpret pc=0x00007f173d7ab454 method=water.init.MemoryBandwidth.run_benchmark()D @ 87
Event: 30.882 Thread 0x00007f16b40a1000 Uncommon trap: reason=unstable_if action=reinterpret pc=0x00007f173d7ab454 method=water.init.MemoryBandwidth.run_benchmark()D @ 87
Event: 30.892 Thread 0x00007f16b409b800 Uncommon trap: reason=unstable_if action=reinterpret pc=0x00007f173d7ab454 method=water.init.MemoryBandwidth.run_benchmark()D @ 87
Event: 30.893 Thread 0x00007f16b409e800 Uncommon trap: reason=unstable_if action=reinterpret pc=0x00007f173d7ab454 method=water.init.MemoryBandwidth.run_benchmark()D @ 87
Event: 30.902 Thread 0x00007f16b409e000 Uncommon trap: reason=unstable_if action=reinterpret pc=0x00007f173d7ab454 method=water.init.MemoryBandwidth.run_benchmark()D @ 87
Event: 30.904 Thread 0x00007f16b40a2000 Uncommon trap: reason=unstable_if action=reinterpret pc=0x00007f173d7ab454 method=water.init.MemoryBandwidth.run_benchmark()D @ 87
Event: 30.905 Thread 0x00007f16b409b000 Uncommon trap: reason=unstable_if action=reinterpret pc=0x00007f173d7ab454 method=water.init.MemoryBandwidth.run_benchmark()D @ 87
Event: 122.623 Thread 0x00007f16b40a1000 Uncommon trap: reason=unstable_if action=reinterpret pc=0x00007f173d56e148 method=water.init.Linpack.dgesl([[DII[I[DI)V @ 44

Classes redefined (0 events):
No events

Internal exceptions (10 events):
Event: 7429.459 Thread 0x00007f174c449000 Exception <a 'java/io/IOException'> (0x00000000e45e8d80) thrown at [/build/openjdk-8-58sEEn/openjdk-8-8u242-b08/src/hotspot/src/share/vm/prims/jni.cpp, line 710]
Event: 7430.460 Thread 0x00007f174c449000 Exception <a 'java/io/IOException'> (0x00000000e46076a0) thrown at [/build/openjdk-8-58sEEn/openjdk-8-8u242-b08/src/hotspot/src/share/vm/prims/jni.cpp, line 710]
Event: 7430.460 Thread 0x00007f174c449000 Exception <a 'java/io/IOException'> (0x00000000e4613830) thrown at [/build/openjdk-8-58sEEn/openjdk-8-8u242-b08/src/hotspot/src/share/vm/prims/jni.cpp, line 710]
Event: 7430.461 Thread 0x00007f174c449000 Exception <a 'java/io/IOException'> (0x00000000e461ed40) thrown at [/build/openjdk-8-58sEEn/openjdk-8-8u242-b08/src/hotspot/src/share/vm/prims/jni.cpp, line 710]
Event: 7431.462 Thread 0x00007f174c449000 Exception <a 'java/io/IOException'> (0x00000000e463d660) thrown at [/build/openjdk-8-58sEEn/openjdk-8-8u242-b08/src/hotspot/src/share/vm/prims/jni.cpp, line 710]
Event: 7431.462 Thread 0x00007f174c449000 Exception <a 'java/io/IOException'> (0x00000000e46497f0) thrown at [/build/openjdk-8-58sEEn/openjdk-8-8u242-b08/src/hotspot/src/share/vm/prims/jni.cpp, line 710]
Event: 7431.462 Thread 0x00007f174c449000 Exception <a 'java/io/IOException'> (0x00000000e4654d00) thrown at [/build/openjdk-8-58sEEn/openjdk-8-8u242-b08/src/hotspot/src/share/vm/prims/jni.cpp, line 710]
Event: 7432.463 Thread 0x00007f174c449000 Exception <a 'java/io/IOException'> (0x00000000e4673620) thrown at [/build/openjdk-8-58sEEn/openjdk-8-8u242-b08/src/hotspot/src/share/vm/prims/jni.cpp, line 710]
Event: 7432.463 Thread 0x00007f174c449000 Exception <a 'java/io/IOException'> (0x00000000e467f7b0) thrown at [/build/openjdk-8-58sEEn/openjdk-8-8u242-b08/src/hotspot/src/share/vm/prims/jni.cpp, line 710]
Event: 7432.464 Thread 0x00007f174c449000 Exception <a 'java/io/IOException'> (0x00000000e468acc0) thrown at [/build/openjdk-8-58sEEn/openjdk-8-8u242-b08/src/hotspot/src/share/vm/prims/jni.cpp, line 710]

Events (10 events):
Event: 7433.401 Thread 0x00007f16b40a3000 Thread exited: 0x00007f16b40a3000
Event: 7433.402 Thread 0x00007f16b409e000 Thread added: 0x00007f16b409e000
Event: 7433.402 Thread 0x00007f16b409e800 Thread added: 0x00007f16b409e800
Event: 7433.402 Thread 0x00007f16b409a000 Thread added: 0x00007f16b409a000
Event: 7433.402 Thread 0x00007f16b409b000 Thread added: 0x00007f16b409b000
Event: 7433.402 Thread 0x00007f16b409b800 Thread added: 0x00007f16b409b800
Event: 7433.403 Thread 0x00007f16b40a2000 Thread added: 0x00007f16b40a2000
Event: 7433.403 Thread 0x00007f16b40a3000 Thread added: 0x00007f16b40a3000
Event: 7433.403 Thread 0x00007f16b40a3800 Thread added: 0x00007f16b40a3800
Event: 7433.403 Executing VM operation: ParallelGCFailedAllocation


Dynamic libraries:
83c00000-c3500000 rw-p 00000000 00:00 0 
ce800000-d6980000 ---p 00000000 00:00 0 
d6980000-f5c80000 rw-p 00000000 00:00 0 
f5c80000-100000000 ---p 00000000 00:00 0 
100000000-100380000 rw-p 00000000 00:00 0 
100380000-140000000 ---p 00000000 00:00 0 
565098299000-56509829a000 r-xp 00000000 08:01 82056302                   /usr/lib/jvm/java-8-openjdk-amd64/jre/bin/java
565098499000-56509849a000 r--p 00000000 08:01 82056302                   /usr/lib/jvm/java-8-openjdk-amd64/jre/bin/java
56509849a000-56509849b000 rw-p 00001000 08:01 82056302                   /usr/lib/jvm/java-8-openjdk-amd64/jre/bin/java
565099b83000-565099ba4000 rw-p 00000000 00:00 0                          [heap]
7f162c000000-7f162c021000 rw-p 00000000 00:00 0 
7f162c021000-7f1630000000 ---p 00000000 00:00 0 
7f1634000000-7f1634021000 rw-p 00000000 00:00 0 
7f1634021000-7f1638000000 ---p 00000000 00:00 0 
7f1638000000-7f1638021000 rw-p 00000000 00:00 0 
7f1638021000-7f163c000000 ---p 00000000 00:00 0 
7f163c000000-7f163c021000 rw-p 00000000 00:00 0 
7f163c021000-7f1640000000 ---p 00000000 00:00 0 
7f1640000000-7f1640021000 rw-p 00000000 00:00 0 
7f1640021000-7f1644000000 ---p 00000000 00:00 0 
7f1644000000-7f1644021000 rw-p 00000000 00:00 0 
7f1644021000-7f1648000000 ---p 00000000 00:00 0 
7f1648000000-7f1648021000 rw-p 00000000 00:00 0 
7f1648021000-7f164c000000 ---p 00000000 00:00 0 
7f164c000000-7f164c02a000 rw-p 00000000 00:00 0 
7f164c02a000-7f1650000000 ---p 00000000 00:00 0 
7f1650000000-7f1650021000 rw-p 00000000 00:00 0 
7f1650021000-7f1654000000 ---p 00000000 00:00 0 
7f1654000000-7f1654021000 rw-p 00000000 00:00 0 
7f1654021000-7f1658000000 ---p 00000000 00:00 0 
7f1658000000-7f1658021000 rw-p 00000000 00:00 0 
7f1658021000-7f165c000000 ---p 00000000 00:00 0 
7f165c000000-7f165c021000 rw-p 00000000 00:00 0 
7f165c021000-7f1660000000 ---p 00000000 00:00 0 
7f1660000000-7f1660021000 rw-p 00000000 00:00 0 
7f1660021000-7f1664000000 ---p 00000000 00:00 0 
7f1664000000-7f1664021000 rw-p 00000000 00:00 0 
7f1664021000-7f1668000000 ---p 00000000 00:00 0 
7f1668000000-7f1668021000 rw-p 00000000 00:00 0 
7f1668021000-7f166c000000 ---p 00000000 00:00 0 
7f166c000000-7f166c021000 rw-p 00000000 00:00 0 
7f166c021000-7f1670000000 ---p 00000000 00:00 0 
7f1670000000-7f1670021000 rw-p 00000000 00:00 0 
7f1670021000-7f1674000000 ---p 00000000 00:00 0 
7f1674000000-7f1674021000 rw-p 00000000 00:00 0 
7f1674021000-7f1678000000 ---p 00000000 00:00 0 
7f1678000000-7f1678021000 rw-p 00000000 00:00 0 
7f1678021000-7f167c000000 ---p 00000000 00:00 0 
7f167c000000-7f167c021000 rw-p 00000000 00:00 0 
7f167c021000-7f1680000000 ---p 00000000 00:00 0 
7f1680000000-7f1680021000 rw-p 00000000 00:00 0 
7f1680021000-7f1684000000 ---p 00000000 00:00 0 
7f1684000000-7f1684021000 rw-p 00000000 00:00 0 
7f1684021000-7f1688000000 ---p 00000000 00:00 0 
7f1688000000-7f1688021000 rw-p 00000000 00:00 0 
7f1688021000-7f168c000000 ---p 00000000 00:00 0 
7f168c000000-7f168c021000 rw-p 00000000 00:00 0 
7f168c021000-7f1690000000 ---p 00000000 00:00 0 
7f1690000000-7f1690021000 rw-p 00000000 00:00 0 
7f1690021000-7f1694000000 ---p 00000000 00:00 0 
7f16954d7000-7f1695617000 rw-p 00000000 00:00 0 
7f1695617000-7f16956da000 ---p 00000000 00:00 0 
7f16956da000-7f16957d8000 rw-p 00000000 00:00 0 
7f16957d8000-7f16957db000 ---p 00000000 00:00 0 
7f16957db000-7f16958d9000 rw-p 00000000 00:00 0 
7f16958d9000-7f16958dc000 ---p 00000000 00:00 0 
7f16958dc000-7f16959da000 rw-p 00000000 00:00 0 
7f16959da000-7f16959dd000 ---p 00000000 00:00 0 
7f16959dd000-7f1695adb000 rw-p 00000000 00:00 0 
7f1695adb000-7f1695ade000 ---p 00000000 00:00 0 
7f1695ade000-7f1695bdc000 rw-p 00000000 00:00 0 
7f1695bdc000-7f1695bdf000 ---p 00000000 00:00 0 
7f1695bdf000-7f1695cdd000 rw-p 00000000 00:00 0 
7f1695cdd000-7f1695ce0000 ---p 00000000 00:00 0 
7f1695ce0000-7f1695dde000 rw-p 00000000 00:00 0 
7f1695dde000-7f1695de1000 ---p 00000000 00:00 0 
7f1695de1000-7f1695edf000 rw-p 00000000 00:00 0 
7f1695edf000-7f1695ee2000 ---p 00000000 00:00 0 
7f1695ee2000-7f1695fe0000 rw-p 00000000 00:00 0 
7f1695fe0000-7f1695fe3000 ---p 00000000 00:00 0 
7f1695fe3000-7f16960e1000 rw-p 00000000 00:00 0 
7f16960e1000-7f16960e4000 ---p 00000000 00:00 0 
7f16960e4000-7f16961e2000 rw-p 00000000 00:00 0 
7f16961e2000-7f16961e5000 ---p 00000000 00:00 0 
7f16961e5000-7f16962e3000 rw-p 00000000 00:00 0 
7f16962e3000-7f16962e6000 ---p 00000000 00:00 0 
7f16962e6000-7f16963e4000 rw-p 00000000 00:00 0 
7f16963e4000-7f16963e7000 ---p 00000000 00:00 0 
7f16963e7000-7f16964e5000 rw-p 00000000 00:00 0 
7f16964e5000-7f16964e8000 ---p 00000000 00:00 0 
7f16964e8000-7f16965e6000 rw-p 00000000 00:00 0 
7f16965e6000-7f16965e9000 ---p 00000000 00:00 0 
7f16965e9000-7f16966e7000 rw-p 00000000 00:00 0 
7f16966e7000-7f16966ea000 ---p 00000000 00:00 0 
7f16966ea000-7f16967e8000 rw-p 00000000 00:00 0 
7f16967e8000-7f16967eb000 ---p 00000000 00:00 0 
7f16967eb000-7f16968e9000 rw-p 00000000 00:00 0 
7f16968e9000-7f16968ec000 ---p 00000000 00:00 0 
7f16968ec000-7f16969ea000 rw-p 00000000 00:00 0 
7f16969ea000-7f16969ed000 ---p 00000000 00:00 0 
7f16969ed000-7f1696aeb000 rw-p 00000000 00:00 0 
7f1696aeb000-7f1696aee000 ---p 00000000 00:00 0 
7f1696aee000-7f1696bec000 rw-p 00000000 00:00 0 
7f1696bec000-7f1696bef000 ---p 00000000 00:00 0 
7f1696bef000-7f1696ced000 rw-p 00000000 00:00 0 
7f1696ced000-7f1696cf0000 ---p 00000000 00:00 0 
7f1696cf0000-7f1696dee000 rw-p 00000000 00:00 0 
7f1696dee000-7f1696df1000 ---p 00000000 00:00 0 
7f1696df1000-7f1696eef000 rw-p 00000000 00:00 0 
7f1696eef000-7f1696ef2000 ---p 00000000 00:00 0 
7f1696ef2000-7f1696ff0000 rw-p 00000000 00:00 0 
7f1696ff0000-7f1696ff3000 ---p 00000000 00:00 0 
7f1696ff3000-7f16970f1000 rw-p 00000000 00:00 0 
7f16970f1000-7f16970f4000 ---p 00000000 00:00 0 
7f16970f4000-7f16971f2000 rw-p 00000000 00:00 0 
7f16971f2000-7f16971f5000 ---p 00000000 00:00 0 
7f16971f5000-7f16972f3000 rw-p 00000000 00:00 0 
7f16972f3000-7f16972f6000 ---p 00000000 00:00 0 
7f16972f6000-7f16973f4000 rw-p 00000000 00:00 0 
7f16973f4000-7f16973f7000 ---p 00000000 00:00 0 
7f16973f7000-7f16974f5000 rw-p 00000000 00:00 0 
7f16974f5000-7f16974f8000 ---p 00000000 00:00 0 
7f16974f8000-7f16975f6000 rw-p 00000000 00:00 0 
7f16975f6000-7f16975f9000 ---p 00000000 00:00 0 
7f16975f9000-7f16976f7000 rw-p 00000000 00:00 0 
7f16976f7000-7f16976fa000 ---p 00000000 00:00 0 
7f16976fa000-7f16977f8000 rw-p 00000000 00:00 0 
7f16977f8000-7f16977fb000 ---p 00000000 00:00 0 
7f16977fb000-7f16978f9000 rw-p 00000000 00:00 0 
7f16978f9000-7f16978fc000 ---p 00000000 00:00 0 
7f16978fc000-7f16979fa000 rw-p 00000000 00:00 0 
7f16979fa000-7f16979fd000 ---p 00000000 00:00 0 
7f16979fd000-7f1697afb000 rw-p 00000000 00:00 0 
7f1697afb000-7f1697afe000 ---p 00000000 00:00 0 
7f1697afe000-7f1697bfc000 rw-p 00000000 00:00 0 
7f1697bfc000-7f1697bff000 ---p 00000000 00:00 0 
7f1697bff000-7f1697cfd000 rw-p 00000000 00:00 0 
7f1697dfe000-7f1697e01000 ---p 00000000 00:00 0 
7f1697e01000-7f1697eff000 rw-p 00000000 00:00 0 
7f1697eff000-7f1697f02000 ---p 00000000 00:00 0 
7f1697f02000-7f1698000000 rw-p 00000000 00:00 0 
7f1698000000-7f1698021000 rw-p 00000000 00:00 0 
7f1698021000-7f169c000000 ---p 00000000 00:00 0 
7f169c000000-7f169c021000 rw-p 00000000 00:00 0 
7f169c021000-7f16a0000000 ---p 00000000 00:00 0 
7f16a0000000-7f16a01b5000 rw-p 00000000 00:00 0 
7f16a01b5000-7f16a4000000 ---p 00000000 00:00 0 
7f16a4000000-7f16a4021000 rw-p 00000000 00:00 0 
7f16a4021000-7f16a8000000 ---p 00000000 00:00 0 
7f16a8000000-7f16a8021000 rw-p 00000000 00:00 0 
7f16a8021000-7f16ac000000 ---p 00000000 00:00 0 
7f16ac000000-7f16ac021000 rw-p 00000000 00:00 0 
7f16ac021000-7f16b0000000 ---p 00000000 00:00 0 
7f16b0000000-7f16b0021000 rw-p 00000000 00:00 0 
7f16b0021000-7f16b4000000 ---p 00000000 00:00 0 
7f16b4000000-7f16b40b5000 rw-p 00000000 00:00 0 
7f16b40b5000-7f16b8000000 ---p 00000000 00:00 0 
7f16b8000000-7f16b8021000 rw-p 00000000 00:00 0 
7f16b8021000-7f16bc000000 ---p 00000000 00:00 0 
7f16bc000000-7f16bc021000 rw-p 00000000 00:00 0 
7f16bc021000-7f16c0000000 ---p 00000000 00:00 0 
7f16c0000000-7f16c0021000 rw-p 00000000 00:00 0 
7f16c0021000-7f16c4000000 ---p 00000000 00:00 0 
7f16c4000000-7f16c4021000 rw-p 00000000 00:00 0 
7f16c4021000-7f16c8000000 ---p 00000000 00:00 0 
7f16c8000000-7f16c8080000 rw-p 00000000 00:00 0 
7f16c8080000-7f16cc000000 ---p 00000000 00:00 0 
7f16cc000000-7f16cc021000 rw-p 00000000 00:00 0 
7f16cc021000-7f16d0000000 ---p 00000000 00:00 0 
7f16d0000000-7f16d0093000 rw-p 00000000 00:00 0 
7f16d0093000-7f16d4000000 ---p 00000000 00:00 0 
7f16d4000000-7f16d4021000 rw-p 00000000 00:00 0 
7f16d4021000-7f16d8000000 ---p 00000000 00:00 0 
7f16d8000000-7f16d8072000 rw-p 00000000 00:00 0 
7f16d8072000-7f16dc000000 ---p 00000000 00:00 0 
7f16dc000000-7f16dc024000 rw-p 00000000 00:00 0 
7f16dc024000-7f16e0000000 ---p 00000000 00:00 0 
7f16e0000000-7f16e0048000 rw-p 00000000 00:00 0 
7f16e0048000-7f16e4000000 ---p 00000000 00:00 0 
7f16e40c2000-7f16e40c5000 ---p 00000000 00:00 0 
7f16e40c5000-7f16e41c3000 rw-p 00000000 00:00 0 
7f16e41c3000-7f16e41c6000 ---p 00000000 00:00 0 
7f16e41c6000-7f16e42c4000 rw-p 00000000 00:00 0 
7f16e42c4000-7f16e42c7000 ---p 00000000 00:00 0 
7f16e42c7000-7f16e43c5000 rw-p 00000000 00:00 0 
7f16e43c5000-7f16e43c8000 ---p 00000000 00:00 0 
7f16e43c8000-7f16e46c6000 rw-p 00000000 00:00 0 
7f16e46c6000-7f16e48c6000 rw-p 00000000 00:00 0 
7f16e48c6000-7f16e48c9000 ---p 00000000 00:00 0 
7f16e48c9000-7f16e4bc7000 rw-p 00000000 00:00 0 
7f16e4bc7000-7f16e4dc7000 rw-p 00000000 00:00 0 
7f16e4dc7000-7f16e4dca000 ---p 00000000 00:00 0 
7f16e4dca000-7f16e50c8000 rw-p 00000000 00:00 0 
7f16e50c8000-7f16e7deb000 r-xp 00000000 08:01 118490203                  /tmp/libxgboost4j_gpu1703038208105447313.so (deleted)
7f16e7deb000-7f16e7fea000 ---p 02d23000 08:01 118490203                  /tmp/libxgboost4j_gpu1703038208105447313.so (deleted)
7f16e7fea000-7f16e7ffd000 rw-p 02d22000 08:01 118490203                  /tmp/libxgboost4j_gpu1703038208105447313.so (deleted)
7f16e7ffd000-7f16e8000000 rw-p 00000000 00:00 0 
7f16e8000000-7f16e8021000 rw-p 00000000 00:00 0 
7f16e8021000-7f16ec000000 ---p 00000000 00:00 0 
7f16ec0f4000-7f16ec2f4000 rw-p 00000000 00:00 0 
7f16ec2f4000-7f16ec2f7000 ---p 00000000 00:00 0 
7f16ec2f7000-7f16ec3f5000 rw-p 00000000 00:00 0 
7f16ec3f5000-7f16ec3f8000 ---p 00000000 00:00 0 
7f16ec3f8000-7f16ec4f6000 rw-p 00000000 00:00 0 
7f16ec4f6000-7f16ec4f9000 ---p 00000000 00:00 0 
7f16ec4f9000-7f16ec5f7000 rw-p 00000000 00:00 0 
7f16ec5f7000-7f16ec5fa000 ---p 00000000 00:00 0 
7f16ec5fa000-7f16ec6f8000 rw-p 00000000 00:00 0 
7f16ec6f8000-7f16ec6fb000 ---p 00000000 00:00 0 
7f16ec6fb000-7f16ec9f9000 rw-p 00000000 00:00 0 
7f16ec9f9000-7f16ec9fc000 ---p 00000000 00:00 0 
7f16ec9fc000-7f16ecafa000 rw-p 00000000 00:00 0 
7f16ecafa000-7f16ecafd000 ---p 00000000 00:00 0 
7f16ecafd000-7f16ecbfb000 rw-p 00000000 00:00 0 
7f16ecbfb000-7f16ecbfe000 ---p 00000000 00:00 0 
7f16ecbfe000-7f16eccfc000 rw-p 00000000 00:00 0 
7f16eccfc000-7f16eccff000 ---p 00000000 00:00 0 
7f16eccff000-7f16ecdfd000 rw-p 00000000 00:00 0 
7f16ecdfd000-7f16ece00000 ---p 00000000 00:00 0 
7f16ece00000-7f16ecefe000 rw-p 00000000 00:00 0 
7f16ecefe000-7f16ecf01000 ---p 00000000 00:00 0 
7f16ecf01000-7f16f0000000 rw-p 00000000 00:00 0 
7f16f0000000-7f16f0ae6000 rw-p 00000000 00:00 0 
7f16f0ae6000-7f16f4000000 ---p 00000000 00:00 0 
7f16f4000000-7f16f4021000 rw-p 00000000 00:00 0 
7f16f4021000-7f16f8000000 ---p 00000000 00:00 0 
7f16f8000000-7f16f8f0a000 rw-p 00000000 00:00 0 
7f16f8f0a000-7f16fc000000 ---p 00000000 00:00 0 
7f16fc000000-7f16fd182000 rw-p 00000000 00:00 0 
7f16fd182000-7f1700000000 ---p 00000000 00:00 0 
7f1700000000-7f1700021000 rw-p 00000000 00:00 0 
7f1700021000-7f1704000000 ---p 00000000 00:00 0 
7f1704000000-7f1704b0b000 rw-p 00000000 00:00 0 
7f1704b0b000-7f1708000000 ---p 00000000 00:00 0 
7f1708000000-7f1708021000 rw-p 00000000 00:00 0 
7f1708021000-7f170c000000 ---p 00000000 00:00 0 
7f170c000000-7f170c021000 rw-p 00000000 00:00 0 
7f170c021000-7f1710000000 ---p 00000000 00:00 0 
7f1710000000-7f17100f2000 rw-p 00000000 00:00 0 
7f17100f2000-7f1714000000 ---p 00000000 00:00 0 
7f17140a0000-7f17140a3000 ---p 00000000 00:00 0 
7f17140a3000-7f17141a1000 rw-p 00000000 00:00 0 
7f17141a1000-7f17141a4000 ---p 00000000 00:00 0 
7f17141a4000-7f17142a2000 rw-p 00000000 00:00 0 
7f17142a2000-7f17142a5000 ---p 00000000 00:00 0 
7f17142a5000-7f17145a3000 rw-p 00000000 00:00 0 
7f17145a3000-7f17145d1000 r-xp 00000000 08:01 77070580                   /usr/lib/x86_64-linux-gnu/libgomp.so.1.0.0
7f17145d1000-7f17147d0000 ---p 0002e000 08:01 77070580                   /usr/lib/x86_64-linux-gnu/libgomp.so.1.0.0
7f17147d0000-7f17147d1000 r--p 0002d000 08:01 77070580                   /usr/lib/x86_64-linux-gnu/libgomp.so.1.0.0
7f17147d1000-7f17147d2000 rw-p 0002e000 08:01 77070580                   /usr/lib/x86_64-linux-gnu/libgomp.so.1.0.0
7f171482a000-7f1714833000 r-xp 00000000 08:01 82058315                   /usr/lib/jvm/java-8-openjdk-amd64/jre/lib/amd64/libmanagement.so
7f1714833000-7f1714a32000 ---p 00009000 08:01 82058315                   /usr/lib/jvm/java-8-openjdk-amd64/jre/lib/amd64/libmanagement.so
7f1714a32000-7f1714a33000 r--p 00008000 08:01 82058315                   /usr/lib/jvm/java-8-openjdk-amd64/jre/lib/amd64/libmanagement.so
7f1714a33000-7f1714a34000 rw-p 00009000 08:01 82058315                   /usr/lib/jvm/java-8-openjdk-amd64/jre/lib/amd64/libmanagement.so
7f1714a34000-7f1714a4b000 r-xp 00000000 08:01 82058319                   /usr/lib/jvm/java-8-openjdk-amd64/jre/lib/amd64/libnet.so
7f1714a4b000-7f1714c4a000 ---p 00017000 08:01 82058319                   /usr/lib/jvm/java-8-openjdk-amd64/jre/lib/amd64/libnet.so
7f1714c4a000-7f1714c4b000 r--p 00016000 08:01 82058319                   /usr/lib/jvm/java-8-openjdk-amd64/jre/lib/amd64/libnet.so
7f1714c4b000-7f1714c4c000 rw-p 00017000 08:01 82058319                   /usr/lib/jvm/java-8-openjdk-amd64/jre/lib/amd64/libnet.so
7f1714c4c000-7f1714c5d000 r-xp 00000000 08:01 82058321                   /usr/lib/jvm/java-8-openjdk-amd64/jre/lib/amd64/libnio.so
7f1714c5d000-7f1714e5d000 ---p 00011000 08:01 82058321                   /usr/lib/jvm/java-8-openjdk-amd64/jre/lib/amd64/libnio.so
7f1714e5d000-7f1714e5e000 r--p 00011000 08:01 82058321                   /usr/lib/jvm/java-8-openjdk-amd64/jre/lib/amd64/libnio.so
7f1714e5e000-7f1714e5f000 rw-p 00012000 08:01 82058321                   /usr/lib/jvm/java-8-openjdk-amd64/jre/lib/amd64/libnio.so
7f1714e5f000-7f1714f28000 rw-p 00000000 00:00 0 
7f1714f28000-7f171540f000 r--s 0783c000 08:01 100796786                  /home/hajar/DataQualityTestTool/venv3/lib/python3.6/site-packages/h2o/backend/bin/h2o.jar
7f171540f000-7f1715410000 ---p 00000000 00:00 0 
7f1715410000-7f1715510000 rw-p 00000000 00:00 0 
7f1715510000-7f1715513000 ---p 00000000 00:00 0 
7f1715513000-7f1715611000 rw-p 00000000 00:00 0 
7f1715611000-7f1715612000 ---p 00000000 00:00 0 
7f1715612000-7f1715615000 ---p 00000000 00:00 0 
7f1715615000-7f1715712000 rw-p 00000000 00:00 0 
7f1715712000-7f1715713000 ---p 00000000 00:00 0 
7f1715713000-7f1715716000 ---p 00000000 00:00 0 
7f1715716000-7f1715813000 rw-p 00000000 00:00 0 
7f1715813000-7f1715814000 ---p 00000000 00:00 0 
7f1715814000-7f1715817000 ---p 00000000 00:00 0 
7f1715817000-7f1715914000 rw-p 00000000 00:00 0 
7f1715914000-7f1715915000 ---p 00000000 00:00 0 
7f1715915000-7f1715918000 ---p 00000000 00:00 0 
7f1715918000-7f1715a15000 rw-p 00000000 00:00 0 
7f1715a15000-7f1715a18000 ---p 00000000 00:00 0 
7f1715a18000-7f1715b16000 rw-p 00000000 00:00 0 
7f1715b16000-7f17164e5000 r--p 00000000 08:01 77077010                   /usr/lib/locale/locale-archive
7f17164e5000-7f17164e8000 ---p 00000000 00:00 0 
7f17164e8000-7f17165e6000 rw-p 00000000 00:00 0 
7f17165e6000-7f17165e9000 ---p 00000000 00:00 0 
7f17165e9000-7f17166e7000 rw-p 00000000 00:00 0 
7f17166e7000-7f17166e8000 ---p 00000000 00:00 0 
7f17166e8000-7f1718000000 rw-p 00000000 00:00 0 
7f1718000000-7f1718021000 rw-p 00000000 00:00 0 
7f1718021000-7f171c000000 ---p 00000000 00:00 0 
7f171c000000-7f171c021000 rw-p 00000000 00:00 0 
7f171c021000-7f1720000000 ---p 00000000 00:00 0 
7f1720000000-7f1720021000 rw-p 00000000 00:00 0 
7f1720021000-7f1724000000 ---p 00000000 00:00 0 
7f1724000000-7f1724021000 rw-p 00000000 00:00 0 
7f1724021000-7f1728000000 ---p 00000000 00:00 0 
7f1728000000-7f1728021000 rw-p 00000000 00:00 0 
7f1728021000-7f172c000000 ---p 00000000 00:00 0 
7f172c012000-7f172c025000 r--s 00346000 08:01 82058389                   /usr/lib/jvm/java-8-openjdk-amd64/jre/lib/resources.jar
7f172c025000-7f172c040000 r--s 00394000 08:01 82058357                   /usr/lib/jvm/java-8-openjdk-amd64/jre/lib/ext/cldrdata.jar
7f172c040000-7f172c05b000 r--s 001d6000 08:01 82058367                   /usr/lib/jvm/java-8-openjdk-amd64/jre/lib/ext/nashorn.jar
7f172c05b000-7f1730000000 rw-p 00000000 00:00 0 
7f1730000000-7f1730021000 rw-p 00000000 00:00 0 
7f1730021000-7f1734000000 ---p 00000000 00:00 0 
7f1734000000-7f1734021000 rw-p 00000000 00:00 0 
7f1734021000-7f1738000000 ---p 00000000 00:00 0 
7f1738000000-7f1738021000 rw-p 00000000 00:00 0 
7f1738021000-7f173c000000 ---p 00000000 00:00 0 
7f173c00a000-7f173c24e000 rw-p 00000000 00:00 0 
7f173c24e000-7f173c41e000 r--s 03c68000 08:01 82058390                   /usr/lib/jvm/java-8-openjdk-amd64/jre/lib/rt.jar
7f173c41e000-7f173d000000 rw-p 00000000 00:00 0 
7f173d000000-7f173dd80000 rwxp 00000000 00:00 0 
7f173dd80000-7f174c000000 ---p 00000000 00:00 0 
7f174c000000-7f174c676000 rw-p 00000000 00:00 0 
7f174c676000-7f1750000000 ---p 00000000 00:00 0 
7f1750004000-7f175010a000 rw-p 00000000 00:00 0 
7f175010a000-7f175010b000 ---p 00000000 00:00 0 
7f175010b000-7f175020b000 rw-p 00000000 00:00 0 
7f175020b000-7f175020c000 ---p 00000000 00:00 0 
7f175020c000-7f175030c000 rw-p 00000000 00:00 0 
7f175030c000-7f175030d000 ---p 00000000 00:00 0 
7f175030d000-7f175040d000 rw-p 00000000 00:00 0 
7f175040d000-7f175040e000 ---p 00000000 00:00 0 
7f175040e000-7f175050e000 rw-p 00000000 00:00 0 
7f175050e000-7f175050f000 ---p 00000000 00:00 0 
7f175050f000-7f175060f000 rw-p 00000000 00:00 0 
7f175060f000-7f1750610000 ---p 00000000 00:00 0 
7f1750610000-7f1750710000 rw-p 00000000 00:00 0 
7f1750710000-7f1750711000 ---p 00000000 00:00 0 
7f1750711000-7f1750811000 rw-p 00000000 00:00 0 
7f1750811000-7f1750812000 ---p 00000000 00:00 0 
7f1750812000-7f1750b0f000 rw-p 00000000 00:00 0 
7f1750b0f000-7f1750ba9000 ---p 00000000 00:00 0 
7f1750ba9000-7f1750da6000 rw-p 00000000 00:00 0 
7f1750da6000-7f1750e3f000 ---p 00000000 00:00 0 
7f1750e3f000-7f1750f3a000 rw-p 00000000 00:00 0 
7f1750f3a000-7f1750f8b000 ---p 00000000 00:00 0 
7f1750f8b000-7f1750fc2000 rw-p 00000000 00:00 0 
7f1750fc2000-7f175134c000 ---p 00000000 00:00 0 
7f175134c000-7f1751354000 r-xp 00000000 08:01 82058335                   /usr/lib/jvm/java-8-openjdk-amd64/jre/lib/amd64/libzip.so
7f1751354000-7f1751553000 ---p 00008000 08:01 82058335                   /usr/lib/jvm/java-8-openjdk-amd64/jre/lib/amd64/libzip.so
7f1751553000-7f1751554000 r--p 00007000 08:01 82058335                   /usr/lib/jvm/java-8-openjdk-amd64/jre/lib/amd64/libzip.so
7f1751554000-7f1751555000 rw-p 00008000 08:01 82058335                   /usr/lib/jvm/java-8-openjdk-amd64/jre/lib/amd64/libzip.so
7f1751555000-7f1751560000 r-xp 00000000 08:01 111153918                  /lib/x86_64-linux-gnu/libnss_files-2.27.so
7f1751560000-7f175175f000 ---p 0000b000 08:01 111153918                  /lib/x86_64-linux-gnu/libnss_files-2.27.so
7f175175f000-7f1751760000 r--p 0000a000 08:01 111153918                  /lib/x86_64-linux-gnu/libnss_files-2.27.so
7f1751760000-7f1751761000 rw-p 0000b000 08:01 111153918                  /lib/x86_64-linux-gnu/libnss_files-2.27.so
7f1751761000-7f1751767000 rw-p 00000000 00:00 0 
7f1751767000-7f175177e000 r-xp 00000000 08:01 111153912                  /lib/x86_64-linux-gnu/libnsl-2.27.so
7f175177e000-7f175197d000 ---p 00017000 08:01 111153912                  /lib/x86_64-linux-gnu/libnsl-2.27.so
7f175197d000-7f175197e000 r--p 00016000 08:01 111153912                  /lib/x86_64-linux-gnu/libnsl-2.27.so
7f175197e000-7f175197f000 rw-p 00017000 08:01 111153912                  /lib/x86_64-linux-gnu/libnsl-2.27.so
7f175197f000-7f1751981000 rw-p 00000000 00:00 0 
7f1751981000-7f175198c000 r-xp 00000000 08:01 111153929                  /lib/x86_64-linux-gnu/libnss_nis-2.27.so
7f175198c000-7f1751b8b000 ---p 0000b000 08:01 111153929                  /lib/x86_64-linux-gnu/libnss_nis-2.27.so
7f1751b8b000-7f1751b8c000 r--p 0000a000 08:01 111153929                  /lib/x86_64-linux-gnu/libnss_nis-2.27.so
7f1751b8c000-7f1751b8d000 rw-p 0000b000 08:01 111153929                  /lib/x86_64-linux-gnu/libnss_nis-2.27.so
7f1751b8d000-7f1751b95000 r-xp 00000000 08:01 111153914                  /lib/x86_64-linux-gnu/libnss_compat-2.27.so
7f1751b95000-7f1751d95000 ---p 00008000 08:01 111153914                  /lib/x86_64-linux-gnu/libnss_compat-2.27.so
7f1751d95000-7f1751d96000 r--p 00008000 08:01 111153914                  /lib/x86_64-linux-gnu/libnss_compat-2.27.so
7f1751d96000-7f1751d97000 rw-p 00009000 08:01 111153914                  /lib/x86_64-linux-gnu/libnss_compat-2.27.so
7f1751d97000-7f1751dc1000 r-xp 00000000 08:01 82058297                   /usr/lib/jvm/java-8-openjdk-amd64/jre/lib/amd64/libjava.so
7f1751dc1000-7f1751fc0000 ---p 0002a000 08:01 82058297                   /usr/lib/jvm/java-8-openjdk-amd64/jre/lib/amd64/libjava.so
7f1751fc0000-7f1751fc1000 r--p 00029000 08:01 82058297                   /usr/lib/jvm/java-8-openjdk-amd64/jre/lib/amd64/libjava.so
7f1751fc1000-7f1751fc3000 rw-p 0002a000 08:01 82058297                   /usr/lib/jvm/java-8-openjdk-amd64/jre/lib/amd64/libjava.so
7f1751fc3000-7f1751fd3000 r-xp 00000000 08:01 82058333                   /usr/lib/jvm/java-8-openjdk-amd64/jre/lib/amd64/libverify.so
7f1751fd3000-7f17521d2000 ---p 00010000 08:01 82058333                   /usr/lib/jvm/java-8-openjdk-amd64/jre/lib/amd64/libverify.so
7f17521d2000-7f17521d4000 r--p 0000f000 08:01 82058333                   /usr/lib/jvm/java-8-openjdk-amd64/jre/lib/amd64/libverify.so
7f17521d4000-7f17521d5000 rw-p 00011000 08:01 82058333                   /usr/lib/jvm/java-8-openjdk-amd64/jre/lib/amd64/libverify.so
7f17521d5000-7f17521dc000 r-xp 00000000 08:01 111153969                  /lib/x86_64-linux-gnu/librt-2.27.so
7f17521dc000-7f17523db000 ---p 00007000 08:01 111153969                  /lib/x86_64-linux-gnu/librt-2.27.so
7f17523db000-7f17523dc000 r--p 00006000 08:01 111153969                  /lib/x86_64-linux-gnu/librt-2.27.so
7f17523dc000-7f17523dd000 rw-p 00007000 08:01 111153969                  /lib/x86_64-linux-gnu/librt-2.27.so
7f17523dd000-7f17523f4000 r-xp 00000000 08:01 111149062                  /lib/x86_64-linux-gnu/libgcc_s.so.1
7f17523f4000-7f17525f3000 ---p 00017000 08:01 111149062                  /lib/x86_64-linux-gnu/libgcc_s.so.1
7f17525f3000-7f17525f4000 r--p 00016000 08:01 111149062                  /lib/x86_64-linux-gnu/libgcc_s.so.1
7f17525f4000-7f17525f5000 rw-p 00017000 08:01 111149062                  /lib/x86_64-linux-gnu/libgcc_s.so.1
7f17525f5000-7f1752792000 r-xp 00000000 08:01 111153891                  /lib/x86_64-linux-gnu/libm-2.27.so
7f1752792000-7f1752991000 ---p 0019d000 08:01 111153891                  /lib/x86_64-linux-gnu/libm-2.27.so
7f1752991000-7f1752992000 r--p 0019c000 08:01 111153891                  /lib/x86_64-linux-gnu/libm-2.27.so
7f1752992000-7f1752993000 rw-p 0019d000 08:01 111153891                  /lib/x86_64-linux-gnu/libm-2.27.so
7f1752993000-7f1752b0c000 r-xp 00000000 08:01 77070924                   /usr/lib/x86_64-linux-gnu/libstdc++.so.6.0.25
7f1752b0c000-7f1752d0c000 ---p 00179000 08:01 77070924                   /usr/lib/x86_64-linux-gnu/libstdc++.so.6.0.25
7f1752d0c000-7f1752d16000 r--p 00179000 08:01 77070924                   /usr/lib/x86_64-linux-gnu/libstdc++.so.6.0.25
7f1752d16000-7f1752d18000 rw-p 00183000 08:01 77070924                   /usr/lib/x86_64-linux-gnu/libstdc++.so.6.0.25
7f1752d18000-7f1752d1c000 rw-p 00000000 00:00 0 
7f1752d1c000-7f17539bf000 r-xp 00000000 08:01 82058339                   /usr/lib/jvm/java-8-openjdk-amd64/jre/lib/amd64/server/libjvm.so
7f17539bf000-7f1753bbf000 ---p 00ca3000 08:01 82058339                   /usr/lib/jvm/java-8-openjdk-amd64/jre/lib/amd64/server/libjvm.so
7f1753bbf000-7f1753c53000 r--p 00ca3000 08:01 82058339                   /usr/lib/jvm/java-8-openjdk-amd64/jre/lib/amd64/server/libjvm.so
7f1753c53000-7f1753c7c000 rw-p 00d37000 08:01 82058339                   /usr/lib/jvm/java-8-openjdk-amd64/jre/lib/amd64/server/libjvm.so
7f1753c7c000-7f1753cac000 rw-p 00000000 00:00 0 
7f1753cac000-7f1753cc6000 r-xp 00000000 08:01 111153961                  /lib/x86_64-linux-gnu/libpthread-2.27.so
7f1753cc6000-7f1753ec5000 ---p 0001a000 08:01 111153961                  /lib/x86_64-linux-gnu/libpthread-2.27.so
7f1753ec5000-7f1753ec6000 r--p 00019000 08:01 111153961                  /lib/x86_64-linux-gnu/libpthread-2.27.so
7f1753ec6000-7f1753ec7000 rw-p 0001a000 08:01 111153961                  /lib/x86_64-linux-gnu/libpthread-2.27.so
7f1753ec7000-7f1753ecb000 rw-p 00000000 00:00 0 
7f1753ecb000-7f1753ece000 r-xp 00000000 08:01 111153851                  /lib/x86_64-linux-gnu/libdl-2.27.so
7f1753ece000-7f17540cd000 ---p 00003000 08:01 111153851                  /lib/x86_64-linux-gnu/libdl-2.27.so
7f17540cd000-7f17540ce000 r--p 00002000 08:01 111153851                  /lib/x86_64-linux-gnu/libdl-2.27.so
7f17540ce000-7f17540cf000 rw-p 00003000 08:01 111153851                  /lib/x86_64-linux-gnu/libdl-2.27.so
7f17540cf000-7f17540eb000 r-xp 00000000 08:01 111154000                  /lib/x86_64-linux-gnu/libz.so.1.2.11
7f17540eb000-7f17542ea000 ---p 0001c000 08:01 111154000                  /lib/x86_64-linux-gnu/libz.so.1.2.11
7f17542ea000-7f17542eb000 r--p 0001b000 08:01 111154000                  /lib/x86_64-linux-gnu/libz.so.1.2.11
7f17542eb000-7f17542ec000 rw-p 0001c000 08:01 111154000                  /lib/x86_64-linux-gnu/libz.so.1.2.11
7f17542ec000-7f17544d3000 r-xp 00000000 08:01 111153828                  /lib/x86_64-linux-gnu/libc-2.27.so
7f17544d3000-7f17546d3000 ---p 001e7000 08:01 111153828                  /lib/x86_64-linux-gnu/libc-2.27.so
7f17546d3000-7f17546d7000 r--p 001e7000 08:01 111153828                  /lib/x86_64-linux-gnu/libc-2.27.so
7f17546d7000-7f17546d9000 rw-p 001eb000 08:01 111153828                  /lib/x86_64-linux-gnu/libc-2.27.so
7f17546d9000-7f17546dd000 rw-p 00000000 00:00 0 
7f17546dd000-7f17546eb000 r-xp 00000000 08:01 82058269                   /usr/lib/jvm/java-8-openjdk-amd64/jre/lib/amd64/jli/libjli.so
7f17546eb000-7f17548ea000 ---p 0000e000 08:01 82058269                   /usr/lib/jvm/java-8-openjdk-amd64/jre/lib/amd64/jli/libjli.so
7f17548ea000-7f17548eb000 r--p 0000d000 08:01 82058269                   /usr/lib/jvm/java-8-openjdk-amd64/jre/lib/amd64/jli/libjli.so
7f17548eb000-7f17548ec000 rw-p 0000e000 08:01 82058269                   /usr/lib/jvm/java-8-openjdk-amd64/jre/lib/amd64/jli/libjli.so
7f17548ec000-7f1754913000 r-xp 00000000 08:01 111153800                  /lib/x86_64-linux-gnu/ld-2.27.so
7f1754919000-7f175491e000 r--s 000a3000 08:01 82058385                   /usr/lib/jvm/java-8-openjdk-amd64/jre/lib/jsse.jar
7f175491e000-7f1754928000 r--s 00116000 08:01 82058365                   /usr/lib/jvm/java-8-openjdk-amd64/jre/lib/ext/localedata.jar
7f1754928000-7f175492c000 r--s 0003a000 08:01 82058372                   /usr/lib/jvm/java-8-openjdk-amd64/jre/lib/ext/sunpkcs11.jar
7f175492c000-7f175492f000 r--s 0000f000 08:01 82058361                   /usr/lib/jvm/java-8-openjdk-amd64/jre/lib/ext/icedtea-sound.jar
7f175492f000-7f17549fa000 rw-p 00000000 00:00 0 
7f17549fa000-7f17549fb000 ---p 00000000 00:00 0 
7f17549fb000-7f17549fe000 ---p 00000000 00:00 0 
7f17549fe000-7f1754afd000 rw-p 00000000 00:00 0 
7f1754afd000-7f1754aff000 r--s 00001000 08:01 82058359                   /usr/lib/jvm/java-8-openjdk-amd64/jre/lib/ext/dnsns.jar
7f1754aff000-7f1754b04000 r--s 0003d000 08:01 82058371                   /usr/lib/jvm/java-8-openjdk-amd64/jre/lib/ext/sunjce_provider.jar
7f1754b04000-7f1754b05000 r--s 0000a000 08:01 82058363                   /usr/lib/jvm/java-8-openjdk-amd64/jre/lib/ext/jaccess.jar
7f1754b05000-7f1754b06000 r--s 00010000 08:01 82058373                   /usr/lib/jvm/java-8-openjdk-amd64/jre/lib/ext/zipfs.jar
7f1754b06000-7f1754b07000 r--s 0000d000 08:01 82058369                   /usr/lib/jvm/java-8-openjdk-amd64/jre/lib/ext/sunec.jar
7f1754b07000-7f1754b0f000 rw-s 00000000 08:01 118490202                  /tmp/hsperfdata_hajar/38026 (deleted)
7f1754b0f000-7f1754b10000 rw-p 00000000 00:00 0 
7f1754b10000-7f1754b11000 ---p 00000000 00:00 0 
7f1754b11000-7f1754b13000 rw-p 00000000 00:00 0 
7f1754b13000-7f1754b14000 r--p 00027000 08:01 111153800                  /lib/x86_64-linux-gnu/ld-2.27.so
7f1754b14000-7f1754b15000 rw-p 00028000 08:01 111153800                  /lib/x86_64-linux-gnu/ld-2.27.so
7f1754b15000-7f1754b16000 rw-p 00000000 00:00 0 
7ffcd2abe000-7ffcd2adf000 rw-p 00000000 00:00 0                          [stack]
7ffcd2b45000-7ffcd2b48000 r--p 00000000 00:00 0                          [vvar]
7ffcd2b48000-7ffcd2b49000 r-xp 00000000 00:00 0                          [vdso]
ffffffffff600000-ffffffffff601000 r-xp 00000000 00:00 0                  [vsyscall]

VM Arguments:
jvm_args: -ea 
java_command: water.H2OApp -ip 127.0.0.1 -web_ip 127.0.0.1 -baseport 54321 -ice_root /tmp/tmpndvcl_1s -name H2O_from_python_hajar_ttb8lw -log_level INFO
java_class_path (initial): /home/hajar/DataQualityTestTool/venv3/lib/python3.6/site-packages/h2o/backend/bin/h2o.jar
Launcher Type: SUN_STANDARD

Environment Variables:
PATH=/home/hajar/DataQualityTestTool/venv3/bin:/home/hajar/.local/bin:/usr/local/sbin:/usr/local/bin:/usr/sbin:/usr/bin:/sbin:/bin:/usr/games:/usr/local/games:/snap/bin
SHELL=/bin/bash

Signal Handlers:
SIGSEGV: [libjvm.so+0xabc3b0], sa_mask[0]=11111111011111111101111111111110, sa_flags=SA_RESTART|SA_SIGINFO
SIGBUS: [libjvm.so+0xabc3b0], sa_mask[0]=11111111011111111101111111111110, sa_flags=SA_RESTART|SA_SIGINFO
SIGFPE: [libjvm.so+0x8f0bb0], sa_mask[0]=11111111011111111101111111111110, sa_flags=SA_RESTART|SA_SIGINFO
SIGPIPE: [libjvm.so+0x8f0bb0], sa_mask[0]=11111111011111111101111111111110, sa_flags=SA_RESTART|SA_SIGINFO
SIGXFSZ: [libjvm.so+0x8f0bb0], sa_mask[0]=11111111011111111101111111111110, sa_flags=SA_RESTART|SA_SIGINFO
SIGILL: [libjvm.so+0x8f0bb0], sa_mask[0]=11111111011111111101111111111110, sa_flags=SA_RESTART|SA_SIGINFO
SIGUSR1: SIG_DFL, sa_mask[0]=00000000000000000000000000000000, sa_flags=none
SIGUSR2: [libjvm.so+0x8f0a60], sa_mask[0]=00000000000000000000000000000000, sa_flags=SA_RESTART|SA_SIGINFO
SIGHUP: [libjvm.so+0x8f10d0], sa_mask[0]=11111111011111111101111111111110, sa_flags=SA_RESTART|SA_SIGINFO
SIGINT: [libjvm.so+0x8f10d0], sa_mask[0]=11111111011111111101111111111110, sa_flags=SA_RESTART|SA_SIGINFO
SIGTERM: [libjvm.so+0x8f10d0], sa_mask[0]=11111111011111111101111111111110, sa_flags=SA_RESTART|SA_SIGINFO
SIGQUIT: [libjvm.so+0x8f10d0], sa_mask[0]=11111111011111111101111111111110, sa_flags=SA_RESTART|SA_SIGINFO


---------------  S Y S T E M  ---------------

OS:DISTRIB_ID=Ubuntu
DISTRIB_RELEASE=18.04
DISTRIB_CODENAME=bionic
DISTRIB_DESCRIPTION="Ubuntu 18.04.2 LTS"

uname:Linux 5.0.0-32-generic #34~18.04.2-Ubuntu SMP Thu Oct 10 10:36:02 UTC 2019 x86_64
libc:glibc 2.27 NPTL 2.27 
rlimit: STACK 8192k, CORE 0k, NPROC 31614, NOFILE 1048576, AS infinity
load average:0.87 0.44 0.41

/proc/meminfo:
MemTotal:        8141092 kB
MemFree:          106880 kB
MemAvailable:      17952 kB
Buffers:            1624 kB
Cached:             6452 kB
SwapCached:         5412 kB
Active:          6783896 kB
Inactive:         851144 kB
Active(anon):    6780224 kB
Inactive(anon):   847628 kB
Active(file):       3672 kB
Inactive(file):     3516 kB
Unevictable:           0 kB
Mlocked:               0 kB
SwapTotal:       2097148 kB
SwapFree:              0 kB
Dirty:                 0 kB
Writeback:            40 kB
AnonPages:       7621864 kB
Mapped:             5876 kB
Shmem:               788 kB
KReclaimable:      81652 kB
Slab:             151424 kB
SReclaimable:      81652 kB
SUnreclaim:        69772 kB
KernelStack:       12256 kB
PageTables:        50032 kB
NFS_Unstable:          0 kB
Bounce:                0 kB
WritebackTmp:          0 kB
CommitLimit:     6167692 kB
Committed_AS:   15062728 kB
VmallocTotal:   34359738367 kB
VmallocUsed:           0 kB
VmallocChunk:          0 kB
Percpu:            40960 kB
HardwareCorrupted:     0 kB
AnonHugePages:         0 kB
ShmemHugePages:        0 kB
ShmemPmdMapped:        0 kB
CmaTotal:              0 kB
CmaFree:               0 kB
HugePages_Total:       0
HugePages_Free:        0
HugePages_Rsvd:        0
HugePages_Surp:        0
Hugepagesize:       2048 kB
Hugetlb:               0 kB
DirectMap4k:      395200 kB
DirectMap2M:     6944768 kB
DirectMap1G:     2097152 kB

container (cgroup) information:
container_type: cgroupv1
cpu_cpuset_cpus: 0-7
cpu_memory_nodes: 0
active_processor_count: 8
cpu_quota: -1
cpu_period: 100000
cpu_shares: -1
memory_limit_in_bytes: -1
memory_and_swap_limit_in_bytes: -2
memory_soft_limit_in_bytes: -1
memory_usage_in_bytes: 7814205440
memory_max_usage_in_bytes: 5622652928


CPU:total 8 (initial active 8) (4 cores per cpu, 2 threads per core) family 6 model 85 stepping 4, cmov, cx8, fxsr, mmx, sse, sse2, sse3, ssse3, sse4.1, sse4.2, popcnt, avx, avx2, aes, clmul, erms, rtm, 3dnowpref, lzcnt, ht, tsc, bmi1, bmi2, adx

/proc/cpuinfo:
processor	: 0
vendor_id	: GenuineIntel
cpu family	: 6
model		: 85
model name	: Intel(R) Xeon(R) Silver 4114 CPU @ 2.20GHz
stepping	: 4
microcode	: 0xffffffff
cpu MHz		: 2194.844
cache size	: 14080 KB
physical id	: 0
siblings	: 8
core id		: 0
cpu cores	: 4
apicid		: 0
initial apicid	: 0
fpu		: yes
fpu_exception	: yes
cpuid level	: 21
wp		: yes
flags		: fpu vme de pse tsc msr pae mce cx8 apic sep mtrr pge mca cmov pat pse36 clflush mmx fxsr sse sse2 ss ht syscall nx pdpe1gb rdtscp lm constant_tsc rep_good nopl xtopology cpuid pni pclmulqdq ssse3 fma cx16 pcid sse4_1 sse4_2 movbe popcnt aes xsave avx f16c rdrand hypervisor lahf_lm abm 3dnowprefetch invpcid_single pti ssbd ibrs ibpb stibp fsgsbase bmi1 hle avx2 smep bmi2 erms invpcid rtm mpx avx512f avx512dq rdseed adx smap clflushopt clwb avx512cd avx512bw avx512vl xsaveopt xsavec xgetbv1 xsaves flush_l1d arch_capabilities
bugs		: cpu_meltdown spectre_v1 spectre_v2 spec_store_bypass l1tf mds swapgs
bogomips	: 4389.68
clflush size	: 64
cache_alignment	: 64
address sizes	: 44 bits physical, 48 bits virtual
power management:

processor	: 1
vendor_id	: GenuineIntel
cpu family	: 6
model		: 85
model name	: Intel(R) Xeon(R) Silver 4114 CPU @ 2.20GHz
stepping	: 4
microcode	: 0xffffffff
cpu MHz		: 2194.844
cache size	: 14080 KB
physical id	: 0
siblings	: 8
core id		: 0
cpu cores	: 4
apicid		: 1
initial apicid	: 1
fpu		: yes
fpu_exception	: yes
cpuid level	: 21
wp		: yes
flags		: fpu vme de pse tsc msr pae mce cx8 apic sep mtrr pge mca cmov pat pse36 clflush mmx fxsr sse sse2 ss ht syscall nx pdpe1gb rdtscp lm constant_tsc rep_good nopl xtopology cpuid pni pclmulqdq ssse3 fma cx16 pcid sse4_1 sse4_2 movbe popcnt aes xsave avx f16c rdrand hypervisor lahf_lm abm 3dnowprefetch invpcid_single pti ssbd ibrs ibpb stibp fsgsbase bmi1 hle avx2 smep bmi2 erms invpcid rtm mpx avx512f avx512dq rdseed adx smap clflushopt clwb avx512cd avx512bw avx512vl xsaveopt xsavec xgetbv1 xsaves flush_l1d arch_capabilities
bugs		: cpu_meltdown spectre_v1 spectre_v2 spec_store_bypass l1tf mds swapgs
bogomips	: 4389.68
clflush size	: 64
cache_alignment	: 64
address sizes	: 44 bits physical, 48 bits virtual
power management:

processor	: 2
vendor_id	: GenuineIntel
cpu family	: 6
model		: 85
model name	: Intel(R) Xeon(R) Silver 4114 CPU @ 2.20GHz
stepping	: 4
microcode	: 0xffffffff
cpu MHz		: 2194.844
cache size	: 14080 KB
physical id	: 0
siblings	: 8
core id		: 1
cpu cores	: 4
apicid		: 2
initial apicid	: 2
fpu		: yes
fpu_exception	: yes
cpuid level	: 21
wp		: yes
flags		: fpu vme de pse tsc msr pae mce cx8 apic sep mtrr pge mca cmov pat pse36 clflush mmx fxsr sse sse2 ss ht syscall nx pdpe1gb rdtscp lm constant_tsc rep_good nopl xtopology cpuid pni pclmulqdq ssse3 fma cx16 pcid sse4_1 sse4_2 movbe popcnt aes xsave avx f16c rdrand hypervisor lahf_lm abm 3dnowprefetch invpcid_single pti ssbd ibrs ibpb stibp fsgsbase bmi1 hle avx2 smep bmi2 erms invpcid rtm mpx avx512f avx512dq rdseed adx smap clflushopt clwb avx512cd avx512bw avx512vl xsaveopt xsavec xgetbv1 xsaves flush_l1d arch_capabilities
bugs		: cpu_meltdown spectre_v1 spectre_v2 spec_store_bypass l1tf mds swapgs
bogomips	: 4389.68
clflush size	: 64
cache_alignment	: 64
address sizes	: 44 bits physical, 48 bits virtual
power management:

processor	: 3
vendor_id	: GenuineIntel
cpu family	: 6
model		: 85
model name	: Intel(R) Xeon(R) Silver 4114 CPU @ 2.20GHz
stepping	: 4
microcode	: 0xffffffff
cpu MHz		: 2194.844
cache size	: 14080 KB
physical id	: 0
siblings	: 8
core id		: 1
cpu cores	: 4
apicid		: 3
initial apicid	: 3
fpu		: yes
fpu_exception	: yes
cpuid level	: 21
wp		: yes
flags		: fpu vme de pse tsc msr pae mce cx8 apic sep mtrr pge mca cmov pat pse36 clflush mmx fxsr sse sse2 ss ht syscall nx pdpe1gb rdtscp lm constant_tsc rep_good nopl xtopology cpuid pni pclmulqdq ssse3 fma cx16 pcid sse4_1 sse4_2 movbe popcnt aes xsave avx f16c rdrand hypervisor lahf_lm abm 3dnowprefetch invpcid_single pti ssbd ibrs ibpb stibp fsgsbase bmi1 hle avx2 smep bmi2 erms invpcid rtm mpx avx512f avx512dq rdseed adx smap clflushopt clwb avx512cd avx512bw avx512vl xsaveopt xsavec xgetbv1 xsaves flush_l1d arch_capabilities
bugs		: cpu_meltdown spectre_v1 spectre_v2 spec_store_bypass l1tf mds swapgs
bogomips	: 4389.68
clflush size	: 64
cache_alignment	: 64
address sizes	: 44 bits physical, 48 bits virtual
power management:

processor	: 4
vendor_id	: GenuineIntel
cpu family	: 6
model		: 85
model name	: Intel(R) Xeon(R) Silver 4114 CPU @ 2.20GHz
stepping	: 4
microcode	: 0xffffffff
cpu MHz		: 2194.844
cache size	: 14080 KB
physical id	: 0
siblings	: 8
core id		: 2
cpu cores	: 4
apicid		: 4
initial apicid	: 4
fpu		: yes
fpu_exception	: yes
cpuid level	: 21
wp		: yes
flags		: fpu vme de pse tsc msr pae mce cx8 apic sep mtrr pge mca cmov pat pse36 clflush mmx fxsr sse sse2 ss ht syscall nx pdpe1gb rdtscp lm constant_tsc rep_good nopl xtopology cpuid pni pclmulqdq ssse3 fma cx16 pcid sse4_1 sse4_2 movbe popcnt aes xsave avx f16c rdrand hypervisor lahf_lm abm 3dnowprefetch invpcid_single pti ssbd ibrs ibpb stibp fsgsbase bmi1 hle avx2 smep bmi2 erms invpcid rtm mpx avx512f avx512dq rdseed adx smap clflushopt clwb avx512cd avx512bw avx512vl xsaveopt xsavec xgetbv1 xsaves flush_l1d arch_capabilities
bugs		: cpu_meltdown spectre_v1 spectre_v2 spec_store_bypass l1tf mds swapgs
bogomips	: 4389.68
clflush size	: 64
cache_alignment	: 64
address sizes	: 44 bits physical, 48 bits virtual
power management:

processor	: 5
vendor_id	: GenuineIntel
cpu family	: 6
model		: 85
model name	: Intel(R) Xeon(R) Silver 4114 CPU @ 2.20GHz
stepping	: 4
microcode	: 0xffffffff
cpu MHz		: 2194.844
cache size	: 14080 KB
physical id	: 0
siblings	: 8
core id		: 2
cpu cores	: 4
apicid		: 5
initial apicid	: 5
fpu		: yes
fpu_exception	: yes
cpuid level	: 21
wp		: yes
flags		: fpu vme de pse tsc msr pae mce cx8 apic sep mtrr pge mca cmov pat pse36 clflush mmx fxsr sse sse2 ss ht syscall nx pdpe1gb rdtscp lm constant_tsc rep_good nopl xtopology cpuid pni pclmulqdq ssse3 fma cx16 pcid sse4_1 sse4_2 movbe popcnt aes xsave avx f16c rdrand hypervisor lahf_lm abm 3dnowprefetch invpcid_single pti ssbd ibrs ibpb stibp fsgsbase bmi1 hle avx2 smep bmi2 erms invpcid rtm mpx avx512f avx512dq rdseed adx smap clflushopt clwb avx512cd avx512bw avx512vl xsaveopt xsavec xgetbv1 xsaves flush_l1d arch_capabilities
bugs		: cpu_meltdown spectre_v1 spectre_v2 spec_store_bypass l1tf mds swapgs
bogomips	: 4389.68
clflush size	: 64
cache_alignment	: 64
address sizes	: 44 bits physical, 48 bits virtual
power management:

processor	: 6
vendor_id	: GenuineIntel
cpu family	: 6
model		: 85
model name	: Intel(R) Xeon(R) Silver 4114 CPU @ 2.20GHz
stepping	: 4
microcode	: 0xffffffff
cpu MHz		: 2194.844
cache size	: 14080 KB
physical id	: 0
siblings	: 8
core id		: 3
cpu cores	: 4
apicid		: 6
initial apicid	: 6
fpu		: yes
fpu_exception	: yes
cpuid level	: 21
wp		: yes
flags		: fpu vme de pse tsc msr pae mce cx8 apic sep mtrr pge mca cmov pat pse36 clflush mmx fxsr sse sse2 ss ht syscall nx pdpe1gb rdtscp lm constant_tsc rep_good nopl xtopology cpuid pni pclmulqdq ssse3 fma cx16 pcid sse4_1 sse4_2 movbe popcnt aes xsave avx f16c rdrand hypervisor lahf_lm abm 3dnowprefetch invpcid_single pti ssbd ibrs ibpb stibp fsgsbase bmi1 hle avx2 smep bmi2 erms invpcid rtm mpx avx512f avx512dq rdseed adx smap clflushopt clwb avx512cd avx512bw avx512vl xsaveopt xsavec xgetbv1 xsaves flush_l1d arch_capabilities
bugs		: cpu_meltdown spectre_v1 spectre_v2 spec_store_bypass l1tf mds swapgs
bogomips	: 4389.68
clflush size	: 64
cache_alignment	: 64
address sizes	: 44 bits physical, 48 bits virtual
power management:

processor	: 7
vendor_id	: GenuineIntel
cpu family	: 6
model		: 85
model name	: Intel(R) Xeon(R) Silver 4114 CPU @ 2.20GHz
stepping	: 4
microcode	: 0xffffffff
cpu MHz		: 2194.844
cache size	: 14080 KB
physical id	: 0
siblings	: 8
core id		: 3
cpu cores	: 4
apicid		: 7
initial apicid	: 7
fpu		: yes
fpu_exception	: yes
cpuid level	: 21
wp		: yes
flags		: fpu vme de pse tsc msr pae mce cx8 apic sep mtrr pge mca cmov pat pse36 clflush mmx fxsr sse sse2 ss ht syscall nx pdpe1gb rdtscp lm constant_tsc rep_good nopl xtopology cpuid pni pclmulqdq ssse3 fma cx16 pcid sse4_1 sse4_2 movbe popcnt aes xsave avx f16c rdrand hypervisor lahf_lm abm 3dnowprefetch invpcid_single pti ssbd ibrs ibpb stibp fsgsbase bmi1 hle avx2 smep bmi2 erms invpcid rtm mpx avx512f avx512dq rdseed adx smap clflushopt clwb avx512cd avx512bw avx512vl xsaveopt xsavec xgetbv1 xsaves flush_l1d arch_capabilities
bugs		: cpu_meltdown spectre_v1 spectre_v2 spec_store_bypass l1tf mds swapgs
bogomips	: 4389.68
clflush size	: 64
cache_alignment	: 64
address sizes	: 44 bits physical, 48 bits virtual
power management:



Memory: 4k page, physical 8141092k(106376k free), swap 2097148k(0k free)

vm_info: OpenJDK 64-Bit Server VM (25.242-b08) for linux-amd64 JRE (1.8.0_242-8u242-b08-0ubuntu3~18.04-b08), built on Jan 17 2020 23:41:21 by "buildd" with gcc 7.4.0

time: Mon Feb 10 18:33:33 2020
timezone: MST
elapsed time: 7435 seconds (0d 2h 3m 55s)

